# JRE version: OpenJDK Runtime Environment Corretto-11.0.25.9.1 (11.0.25+9) (build 11.0.25+9-LTS)
# Java VM: OpenJDK 64-Bit Server VM Corretto-11.0.25.9.1 (11.0.25+9-LTS, mixed mode, tiered, compressed oops, parallel gc, windows-amd64)
Heap:
 PSYoungGen      total 8943616K, used 3599909K [0x0000000580100000, 0x0000000800000000, 0x0000000800000000)
  eden space 8020992K, 39% used [0x0000000580100000,0x000000063f688a68,0x0000000769a00000)
  from space 922624K, 50% used [0x0000000769a00000,0x0000000786000a28,0x00000007a1f00000)
  to   space 903168K, 0% used [0x00000007c8e00000,0x00000007c8e00000,0x0000000800000000)
 ParOldGen       total 2544640K, used 1475277K [0x0000000080200000, 0x000000011b700000, 0x0000000580100000)
  object space 2544640K, 57% used [0x0000000080200000,0x00000000da2b3668,0x000000011b700000)
 Metaspace       used 16021K, capacity 16343K, committed 16512K, reserved 1064960K
  class space    used 1540K, capacity 1661K, committed 1664K, reserved 1048576K
GC Heap History (20 events):
Event: 0.706 GC heap before
{Heap before GC invocations=1 (full 0):
 PSYoungGen      total 610304K, used 523264K [0x0000000580100000, 0x00000005aaa00000, 0x0000000800000000)
  eden space 523264K, 100% used [0x0000000580100000,0x00000005a0000000,0x00000005a0000000)
  from space 87040K, 0% used [0x00000005a5500000,0x00000005a5500000,0x00000005aaa00000)
  to   space 87040K, 0% used [0x00000005a0000000,0x00000005a0000000,0x00000005a5500000)
 ParOldGen       total 1395712K, used 0K [0x0000000080200000, 0x00000000d5500000, 0x0000000580100000)
  object space 1395712K, 0% used [0x0000000080200000,0x0000000080200000,0x00000000d5500000)
 Metaspace       used 9140K, capacity 9410K, committed 9600K, reserved 1058816K
  class space    used 791K, capacity 863K, committed 896K, reserved 1048576K
}
Event: 0.719 GC heap after
{Heap after GC invocations=1 (full 0):
 PSYoungGen      total 610304K, used 49315K [0x0000000580100000, 0x00000005ca900000, 0x0000000800000000)
  eden space 523264K, 0% used [0x0000000580100000,0x0000000580100000,0x00000005a0000000)
  from space 87040K, 56% used [0x00000005a0000000,0x00000005a3028c00,0x00000005a5500000)
  to   space 87040K, 0% used [0x00000005c5400000,0x00000005c5400000,0x00000005ca900000)
 ParOldGen       total 1395712K, used 16K [0x0000000080200000, 0x00000000d5500000, 0x0000000580100000)
  object space 1395712K, 0% used [0x0000000080200000,0x0000000080204000,0x00000000d5500000)
 Metaspace       used 9140K, capacity 9410K, committed 9600K, reserved 1058816K
  class space    used 791K, capacity 863K, committed 896K, reserved 1048576K
}
Event: 0.919 GC heap before
{Heap before GC invocations=2 (full 0):
 PSYoungGen      total 610304K, used 572579K [0x0000000580100000, 0x00000005ca900000, 0x0000000800000000)
  eden space 523264K, 100% used [0x0000000580100000,0x00000005a0000000,0x00000005a0000000)
  from space 87040K, 56% used [0x00000005a0000000,0x00000005a3028c00,0x00000005a5500000)
  to   space 87040K, 0% used [0x00000005c5400000,0x00000005c5400000,0x00000005ca900000)
 ParOldGen       total 1395712K, used 16K [0x0000000080200000, 0x00000000d5500000, 0x0000000580100000)
  object space 1395712K, 0% used [0x0000000080200000,0x0000000080204000,0x00000000d5500000)
 Metaspace       used 9156K, capacity 9410K, committed 9600K, reserved 1058816K
  class space    used 791K, capacity 863K, committed 896K, reserved 1048576K
}
Event: 0.939 GC heap after
{Heap after GC invocations=2 (full 0):
 PSYoungGen      total 1133568K, used 87034K [0x0000000580100000, 0x00000005ca900000, 0x0000000800000000)
  eden space 1046528K, 0% used [0x0000000580100000,0x0000000580100000,0x00000005bff00000)
  from space 87040K, 99% used [0x00000005c5400000,0x00000005ca8febc8,0x00000005ca900000)
  to   space 87040K, 0% used [0x00000005bff00000,0x00000005bff00000,0x00000005c5400000)
 ParOldGen       total 1395712K, used 10896K [0x0000000080200000, 0x00000000d5500000, 0x0000000580100000)
  object space 1395712K, 0% used [0x0000000080200000,0x0000000080ca4000,0x00000000d5500000)
 Metaspace       used 9156K, capacity 9410K, committed 9600K, reserved 1058816K
  class space    used 791K, capacity 863K, committed 896K, reserved 1048576K
}
Event: 1.331 GC heap before
{Heap before GC invocations=3 (full 0):
 PSYoungGen      total 1133568K, used 1133562K [0x0000000580100000, 0x00000005ca900000, 0x0000000800000000)
  eden space 1046528K, 100% used [0x0000000580100000,0x00000005bff00000,0x00000005bff00000)
  from space 87040K, 99% used [0x00000005c5400000,0x00000005ca8febc8,0x00000005ca900000)
  to   space 87040K, 0% used [0x00000005bff00000,0x00000005bff00000,0x00000005c5400000)
 ParOldGen       total 1395712K, used 10896K [0x0000000080200000, 0x00000000d5500000, 0x0000000580100000)
  object space 1395712K, 0% used [0x0000000080200000,0x0000000080ca4000,0x00000000d5500000)
 Metaspace       used 9981K, capacity 10256K, committed 10496K, reserved 1058816K
  class space    used 852K, capacity 933K, committed 1024K, reserved 1048576K
}
Event: 1.376 GC heap after
{Heap after GC invocations=3 (full 0):
 PSYoungGen      total 1133568K, used 87032K [0x0000000580100000, 0x000000060a700000, 0x0000000800000000)
  eden space 1046528K, 0% used [0x0000000580100000,0x0000000580100000,0x00000005bff00000)
  from space 87040K, 99% used [0x00000005bff00000,0x00000005c53fe240,0x00000005c5400000)
  to   space 87040K, 0% used [0x0000000605200000,0x0000000605200000,0x000000060a700000)
 ParOldGen       total 1395712K, used 118547K [0x0000000080200000, 0x00000000d5500000, 0x0000000580100000)
  object space 1395712K, 8% used [0x0000000080200000,0x00000000875c4d98,0x00000000d5500000)
 Metaspace       used 9981K, capacity 10256K, committed 10496K, reserved 1058816K
  class space    used 852K, capacity 933K, committed 1024K, reserved 1048576K
}
Event: 1.732 GC heap before
{Heap before GC invocations=4 (full 0):
 PSYoungGen      total 1133568K, used 1133560K [0x0000000580100000, 0x000000060a700000, 0x0000000800000000)
  eden space 1046528K, 100% used [0x0000000580100000,0x00000005bff00000,0x00000005bff00000)
  from space 87040K, 99% used [0x00000005bff00000,0x00000005c53fe240,0x00000005c5400000)
  to   space 87040K, 0% used [0x0000000605200000,0x0000000605200000,0x000000060a700000)
 ParOldGen       total 1395712K, used 118547K [0x0000000080200000, 0x00000000d5500000, 0x0000000580100000)
  object space 1395712K, 8% used [0x0000000080200000,0x00000000875c4d98,0x00000000d5500000)
 Metaspace       used 9981K, capacity 10256K, committed 10496K, reserved 1058816K
  class space    used 852K, capacity 933K, committed 1024K, reserved 1048576K
}
Event: 1.787 GC heap after
{Heap after GC invocations=4 (full 0):
 PSYoungGen      total 2180096K, used 87038K [0x0000000580100000, 0x000000060a700000, 0x0000000800000000)
  eden space 2093056K, 0% used [0x0000000580100000,0x0000000580100000,0x00000005ffd00000)
  from space 87040K, 99% used [0x0000000605200000,0x000000060a6ff990,0x000000060a700000)
  to   space 87040K, 0% used [0x00000005ffd00000,0x00000005ffd00000,0x0000000605200000)
 ParOldGen       total 1395712K, used 235440K [0x0000000080200000, 0x00000000d5500000, 0x0000000580100000)
  object space 1395712K, 16% used [0x0000000080200000,0x000000008e7ec208,0x00000000d5500000)
 Metaspace       used 9981K, capacity 10256K, committed 10496K, reserved 1058816K
  class space    used 852K, capacity 933K, committed 1024K, reserved 1048576K
}
Event: 2.562 GC heap before
{Heap before GC invocations=5 (full 0):
 PSYoungGen      total 2180096K, used 2180094K [0x0000000580100000, 0x000000060a700000, 0x0000000800000000)
  eden space 2093056K, 100% used [0x0000000580100000,0x00000005ffd00000,0x00000005ffd00000)
  from space 87040K, 99% used [0x0000000605200000,0x000000060a6ff990,0x000000060a700000)
  to   space 87040K, 0% used [0x00000005ffd00000,0x00000005ffd00000,0x0000000605200000)
 ParOldGen       total 1395712K, used 235440K [0x0000000080200000, 0x00000000d5500000, 0x0000000580100000)
  object space 1395712K, 16% used [0x0000000080200000,0x000000008e7ec208,0x00000000d5500000)
 Metaspace       used 9981K, capacity 10256K, committed 10496K, reserved 1058816K
  class space    used 852K, capacity 933K, committed 1024K, reserved 1048576K
}
Event: 2.665 GC heap after
{Heap after GC invocations=5 (full 0):
 PSYoungGen      total 2180096K, used 87032K [0x0000000580100000, 0x00000006ad300000, 0x0000000800000000)
  eden space 2093056K, 0% used [0x0000000580100000,0x0000000580100000,0x00000005ffd00000)
  from space 87040K, 99% used [0x00000005ffd00000,0x00000006051fe240,0x0000000605200000)
  to   space 373760K, 0% used [0x0000000696600000,0x0000000696600000,0x00000006ad300000)
 ParOldGen       total 1395712K, used 481363K [0x0000000080200000, 0x00000000d5500000, 0x0000000580100000)
  object space 1395712K, 34% used [0x0000000080200000,0x000000009d814ce8,0x00000000d5500000)
 Metaspace       used 9981K, capacity 10256K, committed 10496K, reserved 1058816K
  class space    used 852K, capacity 933K, committed 1024K, reserved 1048576K
}
Event: 3.370 GC heap before
{Heap before GC invocations=6 (full 0):
 PSYoungGen      total 2180096K, used 2180088K [0x0000000580100000, 0x00000006ad300000, 0x0000000800000000)
  eden space 2093056K, 100% used [0x0000000580100000,0x00000005ffd00000,0x00000005ffd00000)
  from space 87040K, 99% used [0x00000005ffd00000,0x00000006051fe240,0x0000000605200000)
  to   space 373760K, 0% used [0x0000000696600000,0x0000000696600000,0x00000006ad300000)
 ParOldGen       total 1395712K, used 481363K [0x0000000080200000, 0x00000000d5500000, 0x0000000580100000)
  object space 1395712K, 34% used [0x0000000080200000,0x000000009d814ce8,0x00000000d5500000)
 Metaspace       used 9981K, capacity 10256K, committed 10496K, reserved 1058816K
  class space    used 852K, capacity 933K, committed 1024K, reserved 1048576K
}
Event: 3.453 GC heap after
{Heap after GC invocations=6 (full 0):
 PSYoungGen      total 4493312K, used 349622K [0x0000000580100000, 0x00000006b5500000, 0x0000000800000000)
  eden space 4119552K, 0% used [0x0000000580100000,0x0000000580100000,0x000000067b800000)
  from space 373760K, 93% used [0x0000000696600000,0x00000006abb6d9d0,0x00000006ad300000)
  to   space 440320K, 0% used [0x000000067b800000,0x000000067b800000,0x0000000696600000)
 ParOldGen       total 1395712K, used 481363K [0x0000000080200000, 0x00000000d5500000, 0x0000000580100000)
  object space 1395712K, 34% used [0x0000000080200000,0x000000009d814ce8,0x00000000d5500000)
 Metaspace       used 9981K, capacity 10256K, committed 10496K, reserved 1058816K
  class space    used 852K, capacity 933K, committed 1024K, reserved 1048576K
}
Event: 5.046 GC heap before
{Heap before GC invocations=7 (full 0):
 PSYoungGen      total 4493312K, used 4469174K [0x0000000580100000, 0x00000006b5500000, 0x0000000800000000)
  eden space 4119552K, 100% used [0x0000000580100000,0x000000067b800000,0x000000067b800000)
  from space 373760K, 93% used [0x0000000696600000,0x00000006abb6d9d0,0x00000006ad300000)
  to   space 440320K, 0% used [0x000000067b800000,0x000000067b800000,0x0000000696600000)
 ParOldGen       total 1395712K, used 481363K [0x0000000080200000, 0x00000000d5500000, 0x0000000580100000)
  object space 1395712K, 34% used [0x0000000080200000,0x000000009d814ce8,0x00000000d5500000)
 Metaspace       used 9981K, capacity 10256K, committed 10496K, reserved 1058816K
  class space    used 852K, capacity 933K, committed 1024K, reserved 1048576K
}
Event: 5.244 GC heap after
{Heap after GC invocations=7 (full 0):
 PSYoungGen      total 4559872K, used 440320K [0x0000000580100000, 0x00000007ccf00000, 0x0000000800000000)
  eden space 4119552K, 0% used [0x0000000580100000,0x0000000580100000,0x000000067b800000)
  from space 440320K, 100% used [0x000000067b800000,0x0000000696600000,0x0000000696600000)
  to   space 704512K, 0% used [0x00000007a1f00000,0x00000007a1f00000,0x00000007ccf00000)
 ParOldGen       total 1395712K, used 838230K [0x0000000080200000, 0x00000000d5500000, 0x0000000580100000)
  object space 1395712K, 60% used [0x0000000080200000,0x00000000b3495a90,0x00000000d5500000)
 Metaspace       used 9981K, capacity 10256K, committed 10496K, reserved 1058816K
  class space    used 852K, capacity 933K, committed 1024K, reserved 1048576K
}
Event: 6.642 GC heap before
{Heap before GC invocations=8 (full 0):
 PSYoungGen      total 4559872K, used 4559872K [0x0000000580100000, 0x00000007ccf00000, 0x0000000800000000)
  eden space 4119552K, 100% used [0x0000000580100000,0x000000067b800000,0x000000067b800000)
  from space 440320K, 100% used [0x000000067b800000,0x0000000696600000,0x0000000696600000)
  to   space 704512K, 0% used [0x00000007a1f00000,0x00000007a1f00000,0x00000007ccf00000)
 ParOldGen       total 1395712K, used 838230K [0x0000000080200000, 0x00000000d5500000, 0x0000000580100000)
  object space 1395712K, 60% used [0x0000000080200000,0x00000000b3495a90,0x00000000d5500000)
 Metaspace       used 9981K, capacity 10256K, committed 10496K, reserved 1058816K
  class space    used 852K, capacity 933K, committed 1024K, reserved 1048576K
}
Event: 6.888 GC heap after
{Heap after GC invocations=8 (full 0):
 PSYoungGen      total 8725504K, used 704502K [0x0000000580100000, 0x00000007e7900000, 0x0000000800000000)
  eden space 8020992K, 0% used [0x0000000580100000,0x0000000580100000,0x0000000769a00000)
  from space 704512K, 99% used [0x00000007a1f00000,0x00000007ccefd810,0x00000007ccf00000)
  to   space 922624K, 0% used [0x0000000769a00000,0x0000000769a00000,0x00000007a1f00000)
 ParOldGen       total 1395712K, used 1033926K [0x0000000080200000, 0x00000000d5500000, 0x0000000580100000)
  object space 1395712K, 74% used [0x0000000080200000,0x00000000bf3b1aa0,0x00000000d5500000)
 Metaspace       used 9981K, capacity 10256K, committed 10496K, reserved 1058816K
  class space    used 852K, capacity 933K, committed 1024K, reserved 1048576K
}
Event: 6.888 GC heap before
{Heap before GC invocations=9 (full 1):
 PSYoungGen      total 8725504K, used 704502K [0x0000000580100000, 0x00000007e7900000, 0x0000000800000000)
  eden space 8020992K, 0% used [0x0000000580100000,0x0000000580100000,0x0000000769a00000)
  from space 704512K, 99% used [0x00000007a1f00000,0x00000007ccefd810,0x00000007ccf00000)
  to   space 922624K, 0% used [0x0000000769a00000,0x0000000769a00000,0x00000007a1f00000)
 ParOldGen       total 1395712K, used 1033926K [0x0000000080200000, 0x00000000d5500000, 0x0000000580100000)
  object space 1395712K, 74% used [0x0000000080200000,0x00000000bf3b1aa0,0x00000000d5500000)
 Metaspace       used 9981K, capacity 10256K, committed 10496K, reserved 1058816K
  class space    used 852K, capacity 933K, committed 1024K, reserved 1048576K
}
Event: 7.724 GC heap after
{Heap after GC invocations=9 (full 1):
 PSYoungGen      total 8725504K, used 290023K [0x0000000580100000, 0x0000000800000000, 0x0000000800000000)
  eden space 8020992K, 0% used [0x0000000580100000,0x0000000580100000,0x0000000769a00000)
  from space 704512K, 41% used [0x00000007a1f00000,0x00000007b3a39d98,0x00000007ccf00000)
  to   space 922624K, 0% used [0x0000000769a00000,0x0000000769a00000,0x00000007a1f00000)
 ParOldGen       total 2544640K, used 1395293K [0x0000000080200000, 0x000000011b700000, 0x0000000580100000)
  object space 2544640K, 54% used [0x0000000080200000,0x00000000d5497668,0x000000011b700000)
 Metaspace       used 9981K, capacity 10256K, committed 10496K, reserved 1058816K
  class space    used 852K, capacity 933K, committed 1024K, reserved 1048576K
}
Event: 9.971 GC heap before
{Heap before GC invocations=10 (full 1):
 PSYoungGen      total 8725504K, used 8311015K [0x0000000580100000, 0x0000000800000000, 0x0000000800000000)
  eden space 8020992K, 100% used [0x0000000580100000,0x0000000769a00000,0x0000000769a00000)
  from space 704512K, 41% used [0x00000007a1f00000,0x00000007b3a39d98,0x00000007ccf00000)
  to   space 922624K, 0% used [0x0000000769a00000,0x0000000769a00000,0x00000007a1f00000)
 ParOldGen       total 2544640K, used 1395293K [0x0000000080200000, 0x000000011b700000, 0x0000000580100000)
  object space 2544640K, 54% used [0x0000000080200000,0x00000000d5497668,0x000000011b700000)
 Metaspace       used 15747K, capacity 16017K, committed 16256K, reserved 1064960K
  class space    used 1526K, capacity 1659K, committed 1664K, reserved 1048576K
}
Event: 10.132 GC heap after
{Heap after GC invocations=10 (full 1):
 PSYoungGen      total 8943616K, used 464898K [0x0000000580100000, 0x0000000800000000, 0x0000000800000000)
  eden space 8020992K, 0% used [0x0000000580100000,0x0000000580100000,0x0000000769a00000)
  from space 922624K, 50% used [0x0000000769a00000,0x0000000786000a28,0x00000007a1f00000)
  to   space 903168K, 0% used [0x00000007c8e00000,0x00000007c8e00000,0x0000000800000000)
 ParOldGen       total 2544640K, used 1475277K [0x0000000080200000, 0x000000011b700000, 0x0000000580100000)
  object space 2544640K, 57% used [0x0000000080200000,0x00000000da2b3668,0x000000011b700000)
 Metaspace       used 15747K, capacity 16017K, committed 16256K, reserved 1064960K
  class space    used 1526K, capacity 1659K, committed 1664K, reserved 1048576K
}

