# JRE version: OpenJDK Runtime Environment Corretto-11.0.25.9.1 (11.0.25+9) (build 11.0.25+9-LTS)
# Java VM: OpenJDK 64-Bit Server VM Corretto-11.0.25.9.1 (11.0.25+9-LTS, mixed mode, tiered, compressed oops, parallel gc, windows-amd64)
Heap:
 PSYoungGen      total 4490240K, used 3792178K [0x0000000580100000, 0x00000006b0f00000, 0x0000000800000000)
  eden space 4135936K, 84% used [0x0000000580100000,0x00000006546a0ab0,0x000000067c800000)
  from space 354304K, 88% used [0x0000000695300000,0x00000006a84abfe0,0x00000006aad00000)
  to   space 404480K, 0% used [0x000000067c800000,0x000000067c800000,0x0000000695300000)
 ParOldGen       total 1395712K, used 458338K [0x0000000080200000, 0x00000000d5500000, 0x0000000580100000)
  object space 1395712K, 32% used [0x0000000080200000,0x000000009c198a40,0x00000000d5500000)
 Metaspace       used 16038K, capacity 16385K, committed 16640K, reserved 1064960K
  class space    used 1542K, capacity 1675K, committed 1792K, reserved 1048576K
GC Heap History (12 events):
Event: 0.605 GC heap before
{Heap before GC invocations=1 (full 0):
 PSYoungGen      total 610304K, used 523264K [0x0000000580100000, 0x00000005aaa00000, 0x0000000800000000)
  eden space 523264K, 100% used [0x0000000580100000,0x00000005a0000000,0x00000005a0000000)
  from space 87040K, 0% used [0x00000005a5500000,0x00000005a5500000,0x00000005aaa00000)
  to   space 87040K, 0% used [0x00000005a0000000,0x00000005a0000000,0x00000005a5500000)
 ParOldGen       total 1395712K, used 0K [0x0000000080200000, 0x00000000d5500000, 0x0000000580100000)
  object space 1395712K, 0% used [0x0000000080200000,0x0000000080200000,0x00000000d5500000)
 Metaspace       used 9146K, capacity 9410K, committed 9600K, reserved 1058816K
  class space    used 793K, capacity 863K, committed 896K, reserved 1048576K
}
Event: 0.618 GC heap after
{Heap after GC invocations=1 (full 0):
 PSYoungGen      total 610304K, used 51916K [0x0000000580100000, 0x00000005ca900000, 0x0000000800000000)
  eden space 523264K, 0% used [0x0000000580100000,0x0000000580100000,0x00000005a0000000)
  from space 87040K, 59% used [0x00000005a0000000,0x00000005a32b30e0,0x00000005a5500000)
  to   space 87040K, 0% used [0x00000005c5400000,0x00000005c5400000,0x00000005ca900000)
 ParOldGen       total 1395712K, used 16K [0x0000000080200000, 0x00000000d5500000, 0x0000000580100000)
  object space 1395712K, 0% used [0x0000000080200000,0x0000000080204000,0x00000000d5500000)
 Metaspace       used 9146K, capacity 9410K, committed 9600K, reserved 1058816K
  class space    used 793K, capacity 863K, committed 896K, reserved 1048576K
}
Event: 0.820 GC heap before
{Heap before GC invocations=2 (full 0):
 PSYoungGen      total 610304K, used 575180K [0x0000000580100000, 0x00000005ca900000, 0x0000000800000000)
  eden space 523264K, 100% used [0x0000000580100000,0x00000005a0000000,0x00000005a0000000)
  from space 87040K, 59% used [0x00000005a0000000,0x00000005a32b30e0,0x00000005a5500000)
  to   space 87040K, 0% used [0x00000005c5400000,0x00000005c5400000,0x00000005ca900000)
 ParOldGen       total 1395712K, used 16K [0x0000000080200000, 0x00000000d5500000, 0x0000000580100000)
  object space 1395712K, 0% used [0x0000000080200000,0x0000000080204000,0x00000000d5500000)
 Metaspace       used 9162K, capacity 9410K, committed 9600K, reserved 1058816K
  class space    used 793K, capacity 863K, committed 896K, reserved 1048576K
}
Event: 0.844 GC heap after
{Heap after GC invocations=2 (full 0):
 PSYoungGen      total 1133568K, used 87033K [0x0000000580100000, 0x00000005ca900000, 0x0000000800000000)
  eden space 1046528K, 0% used [0x0000000580100000,0x0000000580100000,0x00000005bff00000)
  from space 87040K, 99% used [0x00000005c5400000,0x00000005ca8fe4e0,0x00000005ca900000)
  to   space 87040K, 0% used [0x00000005bff00000,0x00000005bff00000,0x00000005c5400000)
 ParOldGen       total 1395712K, used 19128K [0x0000000080200000, 0x00000000d5500000, 0x0000000580100000)
  object space 1395712K, 1% used [0x0000000080200000,0x00000000814ae000,0x00000000d5500000)
 Metaspace       used 9162K, capacity 9410K, committed 9600K, reserved 1058816K
  class space    used 793K, capacity 863K, committed 896K, reserved 1048576K
}
Event: 1.236 GC heap before
{Heap before GC invocations=3 (full 0):
 PSYoungGen      total 1133568K, used 1133561K [0x0000000580100000, 0x00000005ca900000, 0x0000000800000000)
  eden space 1046528K, 100% used [0x0000000580100000,0x00000005bff00000,0x00000005bff00000)
  from space 87040K, 99% used [0x00000005c5400000,0x00000005ca8fe4e0,0x00000005ca900000)
  to   space 87040K, 0% used [0x00000005bff00000,0x00000005bff00000,0x00000005c5400000)
 ParOldGen       total 1395712K, used 19128K [0x0000000080200000, 0x00000000d5500000, 0x0000000580100000)
  object space 1395712K, 1% used [0x0000000080200000,0x00000000814ae000,0x00000000d5500000)
 Metaspace       used 9982K, capacity 10256K, committed 10496K, reserved 1058816K
  class space    used 853K, capacity 933K, committed 1024K, reserved 1048576K
}
Event: 1.279 GC heap after
{Heap after GC invocations=3 (full 0):
 PSYoungGen      total 1133568K, used 87025K [0x0000000580100000, 0x000000060a700000, 0x0000000800000000)
  eden space 1046528K, 0% used [0x0000000580100000,0x0000000580100000,0x00000005bff00000)
  from space 87040K, 99% used [0x00000005bff00000,0x00000005c53fc508,0x00000005c5400000)
  to   space 87040K, 0% used [0x0000000605200000,0x0000000605200000,0x000000060a700000)
 ParOldGen       total 1395712K, used 118850K [0x0000000080200000, 0x00000000d5500000, 0x0000000580100000)
  object space 1395712K, 8% used [0x0000000080200000,0x0000000087610af0,0x00000000d5500000)
 Metaspace       used 9982K, capacity 10256K, committed 10496K, reserved 1058816K
  class space    used 853K, capacity 933K, committed 1024K, reserved 1048576K
}
Event: 1.634 GC heap before
{Heap before GC invocations=4 (full 0):
 PSYoungGen      total 1133568K, used 1133553K [0x0000000580100000, 0x000000060a700000, 0x0000000800000000)
  eden space 1046528K, 100% used [0x0000000580100000,0x00000005bff00000,0x00000005bff00000)
  from space 87040K, 99% used [0x00000005bff00000,0x00000005c53fc508,0x00000005c5400000)
  to   space 87040K, 0% used [0x0000000605200000,0x0000000605200000,0x000000060a700000)
 ParOldGen       total 1395712K, used 118850K [0x0000000080200000, 0x00000000d5500000, 0x0000000580100000)
  object space 1395712K, 8% used [0x0000000080200000,0x0000000087610af0,0x00000000d5500000)
 Metaspace       used 9982K, capacity 10256K, committed 10496K, reserved 1058816K
  class space    used 853K, capacity 933K, committed 1024K, reserved 1048576K
}
Event: 1.684 GC heap after
{Heap after GC invocations=4 (full 0):
 PSYoungGen      total 2180096K, used 87011K [0x0000000580100000, 0x000000060a700000, 0x0000000800000000)
  eden space 2093056K, 0% used [0x0000000580100000,0x0000000580100000,0x00000005ffd00000)
  from space 87040K, 99% used [0x0000000605200000,0x000000060a6f8fb0,0x000000060a700000)
  to   space 87040K, 0% used [0x00000005ffd00000,0x00000005ffd00000,0x0000000605200000)
 ParOldGen       total 1395712K, used 235111K [0x0000000080200000, 0x00000000d5500000, 0x0000000580100000)
  object space 1395712K, 16% used [0x0000000080200000,0x000000008e799f60,0x00000000d5500000)
 Metaspace       used 9982K, capacity 10256K, committed 10496K, reserved 1058816K
  class space    used 853K, capacity 933K, committed 1024K, reserved 1048576K
}
Event: 2.474 GC heap before
{Heap before GC invocations=5 (full 0):
 PSYoungGen      total 2180096K, used 2180067K [0x0000000580100000, 0x000000060a700000, 0x0000000800000000)
  eden space 2093056K, 100% used [0x0000000580100000,0x00000005ffd00000,0x00000005ffd00000)
  from space 87040K, 99% used [0x0000000605200000,0x000000060a6f8fb0,0x000000060a700000)
  to   space 87040K, 0% used [0x00000005ffd00000,0x00000005ffd00000,0x0000000605200000)
 ParOldGen       total 1395712K, used 235111K [0x0000000080200000, 0x00000000d5500000, 0x0000000580100000)
  object space 1395712K, 16% used [0x0000000080200000,0x000000008e799f60,0x00000000d5500000)
 Metaspace       used 9982K, capacity 10256K, committed 10496K, reserved 1058816K
  class space    used 853K, capacity 933K, committed 1024K, reserved 1048576K
}
Event: 2.571 GC heap after
{Heap after GC invocations=5 (full 0):
 PSYoungGen      total 2180096K, used 87011K [0x0000000580100000, 0x00000006aad00000, 0x0000000800000000)
  eden space 2093056K, 0% used [0x0000000580100000,0x0000000580100000,0x00000005ffd00000)
  from space 87040K, 99% used [0x00000005ffd00000,0x00000006051f8fb0,0x0000000605200000)
  to   space 354304K, 0% used [0x0000000695300000,0x0000000695300000,0x00000006aad00000)
 ParOldGen       total 1395712K, used 458338K [0x0000000080200000, 0x00000000d5500000, 0x0000000580100000)
  object space 1395712K, 32% used [0x0000000080200000,0x000000009c198a40,0x00000000d5500000)
 Metaspace       used 9982K, capacity 10256K, committed 10496K, reserved 1058816K
  class space    used 853K, capacity 933K, committed 1024K, reserved 1048576K
}
Event: 3.299 GC heap before
{Heap before GC invocations=6 (full 0):
 PSYoungGen      total 2180096K, used 2180067K [0x0000000580100000, 0x00000006aad00000, 0x0000000800000000)
  eden space 2093056K, 100% used [0x0000000580100000,0x00000005ffd00000,0x00000005ffd00000)
  from space 87040K, 99% used [0x00000005ffd00000,0x00000006051f8fb0,0x0000000605200000)
  to   space 354304K, 0% used [0x0000000695300000,0x0000000695300000,0x00000006aad00000)
 ParOldGen       total 1395712K, used 458338K [0x0000000080200000, 0x00000000d5500000, 0x0000000580100000)
  object space 1395712K, 32% used [0x0000000080200000,0x000000009c198a40,0x00000000d5500000)
 Metaspace       used 9982K, capacity 10256K, committed 10496K, reserved 1058816K
  class space    used 853K, capacity 933K, committed 1024K, reserved 1048576K
}
Event: 3.413 GC heap after
{Heap after GC invocations=6 (full 0):
 PSYoungGen      total 4490240K, used 313007K [0x0000000580100000, 0x00000006b0f00000, 0x0000000800000000)
  eden space 4135936K, 0% used [0x0000000580100000,0x0000000580100000,0x000000067c800000)
  from space 354304K, 88% used [0x0000000695300000,0x00000006a84abfe0,0x00000006aad00000)
  to   space 404480K, 0% used [0x000000067c800000,0x000000067c800000,0x0000000695300000)
 ParOldGen       total 1395712K, used 458338K [0x0000000080200000, 0x00000000d5500000, 0x0000000580100000)
  object space 1395712K, 32% used [0x0000000080200000,0x000000009c198a40,0x00000000d5500000)
 Metaspace       used 9982K, capacity 10256K, committed 10496K, reserved 1058816K
  class space    used 853K, capacity 933K, committed 1024K, reserved 1048576K
}

