# JRE version: OpenJDK Runtime Environment Corretto-11.0.25.9.1 (11.0.25+9) (build 11.0.25+9-LTS)
# Java VM: OpenJDK 64-Bit Server VM Corretto-11.0.25.9.1 (11.0.25+9-LTS, mixed mode, tiered, compressed oops, parallel gc, windows-amd64)
Heap:
 PSYoungGen      total 8930816K, used 3674288K [0x0000000580100000, 0x0000000800000000, 0x0000000800000000)
  eden space 8030208K, 38% used [0x0000000580100000,0x000000063f2fbea0,0x000000076a300000)
  from space 900608K, 60% used [0x000000076a300000,0x000000078b5303a0,0x00000007a1280000)
  to   space 1050112K, 0% used [0x00000007bfe80000,0x00000007bfe80000,0x0000000800000000)
 ParOldGen       total 2464256K, used 1395493K [0x0000000080200000, 0x0000000116880000, 0x0000000580100000)
  object space 2464256K, 56% used [0x0000000080200000,0x00000000d54c9470,0x0000000116880000)
 Metaspace       used 16320K, capacity 16639K, committed 16896K, reserved 1064960K
  class space    used 1559K, capacity 1694K, committed 1792K, reserved 1048576K
GC Heap History (20 events):
Event: 0.919 GC heap before
{Heap before GC invocations=1 (full 0):
 PSYoungGen      total 610304K, used 523264K [0x0000000580100000, 0x00000005aaa00000, 0x0000000800000000)
  eden space 523264K, 100% used [0x0000000580100000,0x00000005a0000000,0x00000005a0000000)
  from space 87040K, 0% used [0x00000005a5500000,0x00000005a5500000,0x00000005aaa00000)
  to   space 87040K, 0% used [0x00000005a0000000,0x00000005a0000000,0x00000005a5500000)
 ParOldGen       total 1395712K, used 0K [0x0000000080200000, 0x00000000d5500000, 0x0000000580100000)
  object space 1395712K, 0% used [0x0000000080200000,0x0000000080200000,0x00000000d5500000)
 Metaspace       used 8970K, capacity 9253K, committed 9344K, reserved 1058816K
  class space    used 766K, capacity 831K, committed 896K, reserved 1048576K
}
Event: 0.931 GC heap after
{Heap after GC invocations=1 (full 0):
 PSYoungGen      total 610304K, used 47358K [0x0000000580100000, 0x00000005ca900000, 0x0000000800000000)
  eden space 523264K, 0% used [0x0000000580100000,0x0000000580100000,0x00000005a0000000)
  from space 87040K, 54% used [0x00000005a0000000,0x00000005a2e3f998,0x00000005a5500000)
  to   space 87040K, 0% used [0x00000005c5400000,0x00000005c5400000,0x00000005ca900000)
 ParOldGen       total 1395712K, used 16K [0x0000000080200000, 0x00000000d5500000, 0x0000000580100000)
  object space 1395712K, 0% used [0x0000000080200000,0x0000000080204000,0x00000000d5500000)
 Metaspace       used 8970K, capacity 9253K, committed 9344K, reserved 1058816K
  class space    used 766K, capacity 831K, committed 896K, reserved 1048576K
}
Event: 1.140 GC heap before
{Heap before GC invocations=2 (full 0):
 PSYoungGen      total 610304K, used 570622K [0x0000000580100000, 0x00000005ca900000, 0x0000000800000000)
  eden space 523264K, 100% used [0x0000000580100000,0x00000005a0000000,0x00000005a0000000)
  from space 87040K, 54% used [0x00000005a0000000,0x00000005a2e3f998,0x00000005a5500000)
  to   space 87040K, 0% used [0x00000005c5400000,0x00000005c5400000,0x00000005ca900000)
 ParOldGen       total 1395712K, used 16K [0x0000000080200000, 0x00000000d5500000, 0x0000000580100000)
  object space 1395712K, 0% used [0x0000000080200000,0x0000000080204000,0x00000000d5500000)
 Metaspace       used 8986K, capacity 9253K, committed 9344K, reserved 1058816K
  class space    used 766K, capacity 831K, committed 896K, reserved 1048576K
}
Event: 1.160 GC heap after
{Heap after GC invocations=2 (full 0):
 PSYoungGen      total 1133568K, used 87034K [0x0000000580100000, 0x00000005ca900000, 0x0000000800000000)
  eden space 1046528K, 0% used [0x0000000580100000,0x0000000580100000,0x00000005bff00000)
  from space 87040K, 99% used [0x00000005c5400000,0x00000005ca8fe9e0,0x00000005ca900000)
  to   space 87040K, 0% used [0x00000005bff00000,0x00000005bff00000,0x00000005c5400000)
 ParOldGen       total 1395712K, used 6464K [0x0000000080200000, 0x00000000d5500000, 0x0000000580100000)
  object space 1395712K, 0% used [0x0000000080200000,0x0000000080850000,0x00000000d5500000)
 Metaspace       used 8986K, capacity 9253K, committed 9344K, reserved 1058816K
  class space    used 766K, capacity 831K, committed 896K, reserved 1048576K
}
Event: 1.585 GC heap before
{Heap before GC invocations=3 (full 0):
 PSYoungGen      total 1133568K, used 1133562K [0x0000000580100000, 0x00000005ca900000, 0x0000000800000000)
  eden space 1046528K, 100% used [0x0000000580100000,0x00000005bff00000,0x00000005bff00000)
  from space 87040K, 99% used [0x00000005c5400000,0x00000005ca8fe9e0,0x00000005ca900000)
  to   space 87040K, 0% used [0x00000005bff00000,0x00000005bff00000,0x00000005c5400000)
 ParOldGen       total 1395712K, used 6464K [0x0000000080200000, 0x00000000d5500000, 0x0000000580100000)
  object space 1395712K, 0% used [0x0000000080200000,0x0000000080850000,0x00000000d5500000)
 Metaspace       used 8986K, capacity 9253K, committed 9344K, reserved 1058816K
  class space    used 766K, capacity 831K, committed 896K, reserved 1048576K
}
Event: 1.630 GC heap after
{Heap after GC invocations=3 (full 0):
 PSYoungGen      total 1133568K, used 87040K [0x0000000580100000, 0x000000060a700000, 0x0000000800000000)
  eden space 1046528K, 0% used [0x0000000580100000,0x0000000580100000,0x00000005bff00000)
  from space 87040K, 100% used [0x00000005bff00000,0x00000005c5400000,0x00000005c5400000)
  to   space 87040K, 0% used [0x0000000605200000,0x0000000605200000,0x000000060a700000)
 ParOldGen       total 1395712K, used 112687K [0x0000000080200000, 0x00000000d5500000, 0x0000000580100000)
  object space 1395712K, 8% used [0x0000000080200000,0x000000008700bc70,0x00000000d5500000)
 Metaspace       used 8986K, capacity 9253K, committed 9344K, reserved 1058816K
  class space    used 766K, capacity 831K, committed 896K, reserved 1048576K
}
Event: 1.997 GC heap before
{Heap before GC invocations=4 (full 0):
 PSYoungGen      total 1133568K, used 1133568K [0x0000000580100000, 0x000000060a700000, 0x0000000800000000)
  eden space 1046528K, 100% used [0x0000000580100000,0x00000005bff00000,0x00000005bff00000)
  from space 87040K, 100% used [0x00000005bff00000,0x00000005c5400000,0x00000005c5400000)
  to   space 87040K, 0% used [0x0000000605200000,0x0000000605200000,0x000000060a700000)
 ParOldGen       total 1395712K, used 112687K [0x0000000080200000, 0x00000000d5500000, 0x0000000580100000)
  object space 1395712K, 8% used [0x0000000080200000,0x000000008700bc70,0x00000000d5500000)
 Metaspace       used 8986K, capacity 9253K, committed 9344K, reserved 1058816K
  class space    used 766K, capacity 831K, committed 896K, reserved 1048576K
}
Event: 2.057 GC heap after
{Heap after GC invocations=4 (full 0):
 PSYoungGen      total 2180096K, used 87040K [0x0000000580100000, 0x000000060a700000, 0x0000000800000000)
  eden space 2093056K, 0% used [0x0000000580100000,0x0000000580100000,0x00000005ffd00000)
  from space 87040K, 100% used [0x0000000605200000,0x000000060a700000,0x000000060a700000)
  to   space 87040K, 0% used [0x00000005ffd00000,0x00000005ffd00000,0x0000000605200000)
 ParOldGen       total 1395712K, used 222604K [0x0000000080200000, 0x00000000d5500000, 0x0000000580100000)
  object space 1395712K, 15% used [0x0000000080200000,0x000000008db630d0,0x00000000d5500000)
 Metaspace       used 8986K, capacity 9253K, committed 9344K, reserved 1058816K
  class space    used 766K, capacity 831K, committed 896K, reserved 1048576K
}
Event: 2.870 GC heap before
{Heap before GC invocations=5 (full 0):
 PSYoungGen      total 2180096K, used 2180096K [0x0000000580100000, 0x000000060a700000, 0x0000000800000000)
  eden space 2093056K, 100% used [0x0000000580100000,0x00000005ffd00000,0x00000005ffd00000)
  from space 87040K, 100% used [0x0000000605200000,0x000000060a700000,0x000000060a700000)
  to   space 87040K, 0% used [0x00000005ffd00000,0x00000005ffd00000,0x0000000605200000)
 ParOldGen       total 1395712K, used 222604K [0x0000000080200000, 0x00000000d5500000, 0x0000000580100000)
  object space 1395712K, 15% used [0x0000000080200000,0x000000008db630d0,0x00000000d5500000)
 Metaspace       used 8986K, capacity 9253K, committed 9344K, reserved 1058816K
  class space    used 766K, capacity 831K, committed 896K, reserved 1048576K
}
Event: 2.952 GC heap after
{Heap after GC invocations=5 (full 0):
 PSYoungGen      total 2180096K, used 87040K [0x0000000580100000, 0x00000006ac500000, 0x0000000800000000)
  eden space 2093056K, 0% used [0x0000000580100000,0x0000000580100000,0x00000005ffd00000)
  from space 87040K, 100% used [0x00000005ffd00000,0x0000000605200000,0x0000000605200000)
  to   space 366592K, 0% used [0x0000000695f00000,0x0000000695f00000,0x00000006ac500000)
 ParOldGen       total 1395712K, used 462758K [0x0000000080200000, 0x00000000d5500000, 0x0000000580100000)
  object space 1395712K, 33% used [0x0000000080200000,0x000000009c5e9bc0,0x00000000d5500000)
 Metaspace       used 8986K, capacity 9253K, committed 9344K, reserved 1058816K
  class space    used 766K, capacity 831K, committed 896K, reserved 1048576K
}
Event: 3.697 GC heap before
{Heap before GC invocations=6 (full 0):
 PSYoungGen      total 2180096K, used 2180096K [0x0000000580100000, 0x00000006ac500000, 0x0000000800000000)
  eden space 2093056K, 100% used [0x0000000580100000,0x00000005ffd00000,0x00000005ffd00000)
  from space 87040K, 100% used [0x00000005ffd00000,0x0000000605200000,0x0000000605200000)
  to   space 366592K, 0% used [0x0000000695f00000,0x0000000695f00000,0x00000006ac500000)
 ParOldGen       total 1395712K, used 462758K [0x0000000080200000, 0x00000000d5500000, 0x0000000580100000)
  object space 1395712K, 33% used [0x0000000080200000,0x000000009c5e9bc0,0x00000000d5500000)
 Metaspace       used 8986K, capacity 9253K, committed 9344K, reserved 1058816K
  class space    used 766K, capacity 831K, committed 896K, reserved 1048576K
}
Event: 3.774 GC heap after
{Heap after GC invocations=6 (full 0):
 PSYoungGen      total 4488192K, used 340920K [0x0000000580100000, 0x00000006b4300000, 0x0000000800000000)
  eden space 4121600K, 0% used [0x0000000580100000,0x0000000580100000,0x000000067ba00000)
  from space 366592K, 92% used [0x0000000695f00000,0x00000006aabee040,0x00000006ac500000)
  to   space 431104K, 0% used [0x000000067ba00000,0x000000067ba00000,0x0000000695f00000)
 ParOldGen       total 1395712K, used 462758K [0x0000000080200000, 0x00000000d5500000, 0x0000000580100000)
  object space 1395712K, 33% used [0x0000000080200000,0x000000009c5e9bc0,0x00000000d5500000)
 Metaspace       used 8986K, capacity 9253K, committed 9344K, reserved 1058816K
  class space    used 766K, capacity 831K, committed 896K, reserved 1048576K
}
Event: 5.422 GC heap before
{Heap before GC invocations=7 (full 0):
 PSYoungGen      total 4488192K, used 4462520K [0x0000000580100000, 0x00000006b4300000, 0x0000000800000000)
  eden space 4121600K, 100% used [0x0000000580100000,0x000000067ba00000,0x000000067ba00000)
  from space 366592K, 92% used [0x0000000695f00000,0x00000006aabee040,0x00000006ac500000)
  to   space 431104K, 0% used [0x000000067ba00000,0x000000067ba00000,0x0000000695f00000)
 ParOldGen       total 1395712K, used 462758K [0x0000000080200000, 0x00000000d5500000, 0x0000000580100000)
  object space 1395712K, 33% used [0x0000000080200000,0x000000009c5e9bc0,0x00000000d5500000)
 Metaspace       used 8986K, capacity 9253K, committed 9344K, reserved 1058816K
  class space    used 766K, capacity 831K, committed 896K, reserved 1048576K
}
Event: 5.604 GC heap after
{Heap after GC invocations=7 (full 0):
 PSYoungGen      total 4552704K, used 431104K [0x0000000580100000, 0x00000007cb200000, 0x0000000800000000)
  eden space 4121600K, 0% used [0x0000000580100000,0x0000000580100000,0x000000067ba00000)
  from space 431104K, 100% used [0x000000067ba00000,0x0000000695f00000,0x0000000695f00000)
  to   space 687616K, 0% used [0x00000007a1280000,0x00000007a1280000,0x00000007cb200000)
 ParOldGen       total 1395712K, used 807722K [0x0000000080200000, 0x00000000d5500000, 0x0000000580100000)
  object space 1395712K, 57% used [0x0000000080200000,0x00000000b16cabf0,0x00000000d5500000)
 Metaspace       used 8986K, capacity 9253K, committed 9344K, reserved 1058816K
  class space    used 766K, capacity 831K, committed 896K, reserved 1048576K
}
Event: 7.068 GC heap before
{Heap before GC invocations=8 (full 0):
 PSYoungGen      total 4552704K, used 4552704K [0x0000000580100000, 0x00000007cb200000, 0x0000000800000000)
  eden space 4121600K, 100% used [0x0000000580100000,0x000000067ba00000,0x000000067ba00000)
  from space 431104K, 100% used [0x000000067ba00000,0x0000000695f00000,0x0000000695f00000)
  to   space 687616K, 0% used [0x00000007a1280000,0x00000007a1280000,0x00000007cb200000)
 ParOldGen       total 1395712K, used 807722K [0x0000000080200000, 0x00000000d5500000, 0x0000000580100000)
  object space 1395712K, 57% used [0x0000000080200000,0x00000000b16cabf0,0x00000000d5500000)
 Metaspace       used 8986K, capacity 9253K, committed 9344K, reserved 1058816K
  class space    used 766K, capacity 831K, committed 896K, reserved 1048576K
}
Event: 7.311 GC heap after
{Heap after GC invocations=8 (full 0):
 PSYoungGen      total 8717824K, used 687611K [0x0000000580100000, 0x00000007e5200000, 0x0000000800000000)
  eden space 8030208K, 0% used [0x0000000580100000,0x0000000580100000,0x000000076a300000)
  from space 687616K, 99% used [0x00000007a1280000,0x00000007cb1fec18,0x00000007cb200000)
  to   space 900608K, 0% used [0x000000076a300000,0x000000076a300000,0x00000007a1280000)
 ParOldGen       total 1395712K, used 998429K [0x0000000080200000, 0x00000000d5500000, 0x0000000580100000)
  object space 1395712K, 71% used [0x0000000080200000,0x00000000bd1077f8,0x00000000d5500000)
 Metaspace       used 8986K, capacity 9253K, committed 9344K, reserved 1058816K
  class space    used 766K, capacity 831K, committed 896K, reserved 1048576K
}
Event: 8.973 GC heap before
{Heap before GC invocations=9 (full 0):
 PSYoungGen      total 8717824K, used 8717819K [0x0000000580100000, 0x00000007e5200000, 0x0000000800000000)
  eden space 8030208K, 100% used [0x0000000580100000,0x000000076a300000,0x000000076a300000)
  from space 687616K, 99% used [0x00000007a1280000,0x00000007cb1fec18,0x00000007cb200000)
  to   space 900608K, 0% used [0x000000076a300000,0x000000076a300000,0x00000007a1280000)
 ParOldGen       total 1395712K, used 998429K [0x0000000080200000, 0x00000000d5500000, 0x0000000580100000)
  object space 1395712K, 71% used [0x0000000080200000,0x00000000bd1077f8,0x00000000d5500000)
 Metaspace       used 16050K, capacity 16417K, committed 16640K, reserved 1064960K
  class space    used 1532K, capacity 1684K, committed 1792K, reserved 1048576K
}
Event: 9.208 GC heap after
{Heap after GC invocations=9 (full 0):
 PSYoungGen      total 8930816K, used 871970K [0x0000000580100000, 0x0000000800000000, 0x0000000800000000)
  eden space 8030208K, 0% used [0x0000000580100000,0x0000000580100000,0x000000076a300000)
  from space 900608K, 96% used [0x000000076a300000,0x000000079f688a38,0x00000007a1280000)
  to   space 1050112K, 0% used [0x00000007bfe80000,0x00000007bfe80000,0x0000000800000000)
 ParOldGen       total 1395712K, used 1130821K [0x0000000080200000, 0x00000000d5500000, 0x0000000580100000)
  object space 1395712K, 81% used [0x0000000080200000,0x00000000c52517f8,0x00000000d5500000)
 Metaspace       used 16050K, capacity 16417K, committed 16640K, reserved 1064960K
  class space    used 1532K, capacity 1684K, committed 1792K, reserved 1048576K
}
Event: 9.208 GC heap before
{Heap before GC invocations=10 (full 1):
 PSYoungGen      total 8930816K, used 871970K [0x0000000580100000, 0x0000000800000000, 0x0000000800000000)
  eden space 8030208K, 0% used [0x0000000580100000,0x0000000580100000,0x000000076a300000)
  from space 900608K, 96% used [0x000000076a300000,0x000000079f688a38,0x00000007a1280000)
  to   space 1050112K, 0% used [0x00000007bfe80000,0x00000007bfe80000,0x0000000800000000)
 ParOldGen       total 1395712K, used 1130821K [0x0000000080200000, 0x00000000d5500000, 0x0000000580100000)
  object space 1395712K, 81% used [0x0000000080200000,0x00000000c52517f8,0x00000000d5500000)
 Metaspace       used 16050K, capacity 16417K, committed 16640K, reserved 1064960K
  class space    used 1532K, capacity 1684K, committed 1792K, reserved 1048576K
}
Event: 9.920 GC heap after
{Heap after GC invocations=10 (full 1):
 PSYoungGen      total 8930816K, used 542912K [0x0000000580100000, 0x0000000800000000, 0x0000000800000000)
  eden space 8030208K, 0% used [0x0000000580100000,0x0000000580100000,0x000000076a300000)
  from space 900608K, 60% used [0x000000076a300000,0x000000078b5303a0,0x00000007a1280000)
  to   space 1050112K, 0% used [0x00000007bfe80000,0x00000007bfe80000,0x0000000800000000)
 ParOldGen       total 2464256K, used 1395493K [0x0000000080200000, 0x0000000116880000, 0x0000000580100000)
  object space 2464256K, 56% used [0x0000000080200000,0x00000000d54c9470,0x0000000116880000)
 Metaspace       used 16050K, capacity 16417K, committed 16640K, reserved 1064960K
  class space    used 1532K, capacity 1684K, committed 1792K, reserved 1048576K
}

