# JRE version: OpenJDK Runtime Environment Corretto-11.0.25.9.1 (11.0.25+9) (build 11.0.25+9-LTS)
# Java VM: OpenJDK 64-Bit Server VM Corretto-11.0.25.9.1 (11.0.25+9-LTS, mixed mode, tiered, compressed oops, parallel gc, windows-amd64)
Heap:
 PSYoungGen      total 8943616K, used 3541504K [0x0000000580100000, 0x0000000800000000, 0x0000000800000000)
  eden space 8020992K, 38% used [0x0000000580100000,0x000000063cbb9b10,0x0000000769a00000)
  from space 922624K, 48% used [0x0000000769a00000,0x00000007851c6790,0x00000007a1f00000)
  to   space 897024K, 0% used [0x00000007c9400000,0x00000007c9400000,0x0000000800000000)
 ParOldGen       total 2515968K, used 1500365K [0x0000000080200000, 0x0000000119b00000, 0x0000000580100000)
  object space 2515968K, 59% used [0x0000000080200000,0x00000000dbb334f8,0x0000000119b00000)
 Metaspace       used 16072K, capacity 16369K, committed 16640K, reserved 1064960K
  class space    used 1550K, capacity 1691K, committed 1792K, reserved 1048576K
GC Heap History (20 events):
Event: 0.597 GC heap before
{Heap before GC invocations=1 (full 0):
 PSYoungGen      total 610304K, used 523264K [0x0000000580100000, 0x00000005aaa00000, 0x0000000800000000)
  eden space 523264K, 100% used [0x0000000580100000,0x00000005a0000000,0x00000005a0000000)
  from space 87040K, 0% used [0x00000005a5500000,0x00000005a5500000,0x00000005aaa00000)
  to   space 87040K, 0% used [0x00000005a0000000,0x00000005a0000000,0x00000005a5500000)
 ParOldGen       total 1395712K, used 0K [0x0000000080200000, 0x00000000d5500000, 0x0000000580100000)
  object space 1395712K, 0% used [0x0000000080200000,0x0000000080200000,0x00000000d5500000)
 Metaspace       used 9133K, capacity 9410K, committed 9600K, reserved 1058816K
  class space    used 793K, capacity 863K, committed 896K, reserved 1048576K
}
Event: 0.608 GC heap after
{Heap after GC invocations=1 (full 0):
 PSYoungGen      total 610304K, used 49309K [0x0000000580100000, 0x00000005ca900000, 0x0000000800000000)
  eden space 523264K, 0% used [0x0000000580100000,0x0000000580100000,0x00000005a0000000)
  from space 87040K, 56% used [0x00000005a0000000,0x00000005a30275a8,0x00000005a5500000)
  to   space 87040K, 0% used [0x00000005c5400000,0x00000005c5400000,0x00000005ca900000)
 ParOldGen       total 1395712K, used 16K [0x0000000080200000, 0x00000000d5500000, 0x0000000580100000)
  object space 1395712K, 0% used [0x0000000080200000,0x0000000080204000,0x00000000d5500000)
 Metaspace       used 9133K, capacity 9410K, committed 9600K, reserved 1058816K
  class space    used 793K, capacity 863K, committed 896K, reserved 1048576K
}
Event: 0.807 GC heap before
{Heap before GC invocations=2 (full 0):
 PSYoungGen      total 610304K, used 572573K [0x0000000580100000, 0x00000005ca900000, 0x0000000800000000)
  eden space 523264K, 100% used [0x0000000580100000,0x00000005a0000000,0x00000005a0000000)
  from space 87040K, 56% used [0x00000005a0000000,0x00000005a30275a8,0x00000005a5500000)
  to   space 87040K, 0% used [0x00000005c5400000,0x00000005c5400000,0x00000005ca900000)
 ParOldGen       total 1395712K, used 16K [0x0000000080200000, 0x00000000d5500000, 0x0000000580100000)
  object space 1395712K, 0% used [0x0000000080200000,0x0000000080204000,0x00000000d5500000)
 Metaspace       used 9149K, capacity 9410K, committed 9600K, reserved 1058816K
  class space    used 793K, capacity 863K, committed 896K, reserved 1048576K
}
Event: 0.827 GC heap after
{Heap after GC invocations=2 (full 0):
 PSYoungGen      total 1133568K, used 87025K [0x0000000580100000, 0x00000005ca900000, 0x0000000800000000)
  eden space 1046528K, 0% used [0x0000000580100000,0x0000000580100000,0x00000005bff00000)
  from space 87040K, 99% used [0x00000005c5400000,0x00000005ca8fc588,0x00000005ca900000)
  to   space 87040K, 0% used [0x00000005bff00000,0x00000005bff00000,0x00000005c5400000)
 ParOldGen       total 1395712K, used 10880K [0x0000000080200000, 0x00000000d5500000, 0x0000000580100000)
  object space 1395712K, 0% used [0x0000000080200000,0x0000000080ca0000,0x00000000d5500000)
 Metaspace       used 9149K, capacity 9410K, committed 9600K, reserved 1058816K
  class space    used 793K, capacity 863K, committed 896K, reserved 1048576K
}
Event: 1.220 GC heap before
{Heap before GC invocations=3 (full 0):
 PSYoungGen      total 1133568K, used 1133553K [0x0000000580100000, 0x00000005ca900000, 0x0000000800000000)
  eden space 1046528K, 100% used [0x0000000580100000,0x00000005bff00000,0x00000005bff00000)
  from space 87040K, 99% used [0x00000005c5400000,0x00000005ca8fc588,0x00000005ca900000)
  to   space 87040K, 0% used [0x00000005bff00000,0x00000005bff00000,0x00000005c5400000)
 ParOldGen       total 1395712K, used 10880K [0x0000000080200000, 0x00000000d5500000, 0x0000000580100000)
  object space 1395712K, 0% used [0x0000000080200000,0x0000000080ca0000,0x00000000d5500000)
 Metaspace       used 9981K, capacity 10256K, committed 10496K, reserved 1058816K
  class space    used 853K, capacity 933K, committed 1024K, reserved 1048576K
}
Event: 1.262 GC heap after
{Heap after GC invocations=3 (full 0):
 PSYoungGen      total 1133568K, used 87028K [0x0000000580100000, 0x000000060a700000, 0x0000000800000000)
  eden space 1046528K, 0% used [0x0000000580100000,0x0000000580100000,0x00000005bff00000)
  from space 87040K, 99% used [0x00000005bff00000,0x00000005c53fd340,0x00000005c5400000)
  to   space 87040K, 0% used [0x0000000605200000,0x0000000605200000,0x000000060a700000)
 ParOldGen       total 1395712K, used 118598K [0x0000000080200000, 0x00000000d5500000, 0x0000000580100000)
  object space 1395712K, 8% used [0x0000000080200000,0x00000000875d1b40,0x00000000d5500000)
 Metaspace       used 9981K, capacity 10256K, committed 10496K, reserved 1058816K
  class space    used 853K, capacity 933K, committed 1024K, reserved 1048576K
}
Event: 1.626 GC heap before
{Heap before GC invocations=4 (full 0):
 PSYoungGen      total 1133568K, used 1133556K [0x0000000580100000, 0x000000060a700000, 0x0000000800000000)
  eden space 1046528K, 100% used [0x0000000580100000,0x00000005bff00000,0x00000005bff00000)
  from space 87040K, 99% used [0x00000005bff00000,0x00000005c53fd340,0x00000005c5400000)
  to   space 87040K, 0% used [0x0000000605200000,0x0000000605200000,0x000000060a700000)
 ParOldGen       total 1395712K, used 118598K [0x0000000080200000, 0x00000000d5500000, 0x0000000580100000)
  object space 1395712K, 8% used [0x0000000080200000,0x00000000875d1b40,0x00000000d5500000)
 Metaspace       used 9981K, capacity 10256K, committed 10496K, reserved 1058816K
  class space    used 853K, capacity 933K, committed 1024K, reserved 1048576K
}
Event: 1.674 GC heap after
{Heap after GC invocations=4 (full 0):
 PSYoungGen      total 2180096K, used 87040K [0x0000000580100000, 0x000000060a700000, 0x0000000800000000)
  eden space 2093056K, 0% used [0x0000000580100000,0x0000000580100000,0x00000005ffd00000)
  from space 87040K, 100% used [0x0000000605200000,0x000000060a700000,0x000000060a700000)
  to   space 87040K, 0% used [0x00000005ffd00000,0x00000005ffd00000,0x0000000605200000)
 ParOldGen       total 1395712K, used 235399K [0x0000000080200000, 0x00000000d5500000, 0x0000000580100000)
  object space 1395712K, 16% used [0x0000000080200000,0x000000008e7e1d30,0x00000000d5500000)
 Metaspace       used 9981K, capacity 10256K, committed 10496K, reserved 1058816K
  class space    used 853K, capacity 933K, committed 1024K, reserved 1048576K
}
Event: 2.455 GC heap before
{Heap before GC invocations=5 (full 0):
 PSYoungGen      total 2180096K, used 2180096K [0x0000000580100000, 0x000000060a700000, 0x0000000800000000)
  eden space 2093056K, 100% used [0x0000000580100000,0x00000005ffd00000,0x00000005ffd00000)
  from space 87040K, 100% used [0x0000000605200000,0x000000060a700000,0x000000060a700000)
  to   space 87040K, 0% used [0x00000005ffd00000,0x00000005ffd00000,0x0000000605200000)
 ParOldGen       total 1395712K, used 235399K [0x0000000080200000, 0x00000000d5500000, 0x0000000580100000)
  object space 1395712K, 16% used [0x0000000080200000,0x000000008e7e1d30,0x00000000d5500000)
 Metaspace       used 9981K, capacity 10256K, committed 10496K, reserved 1058816K
  class space    used 853K, capacity 933K, committed 1024K, reserved 1048576K
}
Event: 2.558 GC heap after
{Heap after GC invocations=5 (full 0):
 PSYoungGen      total 2180096K, used 87040K [0x0000000580100000, 0x00000006ad300000, 0x0000000800000000)
  eden space 2093056K, 0% used [0x0000000580100000,0x0000000580100000,0x00000005ffd00000)
  from space 87040K, 100% used [0x00000005ffd00000,0x0000000605200000,0x0000000605200000)
  to   space 373760K, 0% used [0x0000000696600000,0x0000000696600000,0x00000006ad300000)
 ParOldGen       total 1395712K, used 481290K [0x0000000080200000, 0x00000000d5500000, 0x0000000580100000)
  object space 1395712K, 34% used [0x0000000080200000,0x000000009d802810,0x00000000d5500000)
 Metaspace       used 9981K, capacity 10256K, committed 10496K, reserved 1058816K
  class space    used 853K, capacity 933K, committed 1024K, reserved 1048576K
}
Event: 3.270 GC heap before
{Heap before GC invocations=6 (full 0):
 PSYoungGen      total 2180096K, used 2180096K [0x0000000580100000, 0x00000006ad300000, 0x0000000800000000)
  eden space 2093056K, 100% used [0x0000000580100000,0x00000005ffd00000,0x00000005ffd00000)
  from space 87040K, 100% used [0x00000005ffd00000,0x0000000605200000,0x0000000605200000)
  to   space 373760K, 0% used [0x0000000696600000,0x0000000696600000,0x00000006ad300000)
 ParOldGen       total 1395712K, used 481290K [0x0000000080200000, 0x00000000d5500000, 0x0000000580100000)
  object space 1395712K, 34% used [0x0000000080200000,0x000000009d802810,0x00000000d5500000)
 Metaspace       used 9981K, capacity 10256K, committed 10496K, reserved 1058816K
  class space    used 853K, capacity 933K, committed 1024K, reserved 1048576K
}
Event: 3.352 GC heap after
{Heap after GC invocations=6 (full 0):
 PSYoungGen      total 4493312K, used 349720K [0x0000000580100000, 0x00000006b5500000, 0x0000000800000000)
  eden space 4119552K, 0% used [0x0000000580100000,0x0000000580100000,0x000000067b800000)
  from space 373760K, 93% used [0x0000000696600000,0x00000006abb86040,0x00000006ad300000)
  to   space 440320K, 0% used [0x000000067b800000,0x000000067b800000,0x0000000696600000)
 ParOldGen       total 1395712K, used 481290K [0x0000000080200000, 0x00000000d5500000, 0x0000000580100000)
  object space 1395712K, 34% used [0x0000000080200000,0x000000009d802810,0x00000000d5500000)
 Metaspace       used 9981K, capacity 10256K, committed 10496K, reserved 1058816K
  class space    used 853K, capacity 933K, committed 1024K, reserved 1048576K
}
Event: 4.937 GC heap before
{Heap before GC invocations=7 (full 0):
 PSYoungGen      total 4493312K, used 4469272K [0x0000000580100000, 0x00000006b5500000, 0x0000000800000000)
  eden space 4119552K, 100% used [0x0000000580100000,0x000000067b800000,0x000000067b800000)
  from space 373760K, 93% used [0x0000000696600000,0x00000006abb86040,0x00000006ad300000)
  to   space 440320K, 0% used [0x000000067b800000,0x000000067b800000,0x0000000696600000)
 ParOldGen       total 1395712K, used 481290K [0x0000000080200000, 0x00000000d5500000, 0x0000000580100000)
  object space 1395712K, 34% used [0x0000000080200000,0x000000009d802810,0x00000000d5500000)
 Metaspace       used 9981K, capacity 10256K, committed 10496K, reserved 1058816K
  class space    used 853K, capacity 933K, committed 1024K, reserved 1048576K
}
Event: 5.143 GC heap after
{Heap after GC invocations=7 (full 0):
 PSYoungGen      total 4559872K, used 440320K [0x0000000580100000, 0x00000007ccf00000, 0x0000000800000000)
  eden space 4119552K, 0% used [0x0000000580100000,0x0000000580100000,0x000000067b800000)
  from space 440320K, 100% used [0x000000067b800000,0x0000000696600000,0x0000000696600000)
  to   space 704512K, 0% used [0x00000007a1f00000,0x00000007a1f00000,0x00000007ccf00000)
 ParOldGen       total 1395712K, used 838238K [0x0000000080200000, 0x00000000d5500000, 0x0000000580100000)
  object space 1395712K, 60% used [0x0000000080200000,0x00000000b3497840,0x00000000d5500000)
 Metaspace       used 9981K, capacity 10256K, committed 10496K, reserved 1058816K
  class space    used 853K, capacity 933K, committed 1024K, reserved 1048576K
}
Event: 6.538 GC heap before
{Heap before GC invocations=8 (full 0):
 PSYoungGen      total 4559872K, used 4559872K [0x0000000580100000, 0x00000007ccf00000, 0x0000000800000000)
  eden space 4119552K, 100% used [0x0000000580100000,0x000000067b800000,0x000000067b800000)
  from space 440320K, 100% used [0x000000067b800000,0x0000000696600000,0x0000000696600000)
  to   space 704512K, 0% used [0x00000007a1f00000,0x00000007a1f00000,0x00000007ccf00000)
 ParOldGen       total 1395712K, used 838238K [0x0000000080200000, 0x00000000d5500000, 0x0000000580100000)
  object space 1395712K, 60% used [0x0000000080200000,0x00000000b3497840,0x00000000d5500000)
 Metaspace       used 9981K, capacity 10256K, committed 10496K, reserved 1058816K
  class space    used 853K, capacity 933K, committed 1024K, reserved 1048576K
}
Event: 6.801 GC heap after
{Heap after GC invocations=8 (full 0):
 PSYoungGen      total 8725504K, used 704507K [0x0000000580100000, 0x00000007e7900000, 0x0000000800000000)
  eden space 8020992K, 0% used [0x0000000580100000,0x0000000580100000,0x0000000769a00000)
  from space 704512K, 99% used [0x00000007a1f00000,0x00000007ccefec08,0x00000007ccf00000)
  to   space 922624K, 0% used [0x0000000769a00000,0x0000000769a00000,0x00000007a1f00000)
 ParOldGen       total 1395712K, used 1033897K [0x0000000080200000, 0x00000000d5500000, 0x0000000580100000)
  object space 1395712K, 74% used [0x0000000080200000,0x00000000bf3aa458,0x00000000d5500000)
 Metaspace       used 9981K, capacity 10256K, committed 10496K, reserved 1058816K
  class space    used 853K, capacity 933K, committed 1024K, reserved 1048576K
}
Event: 6.801 GC heap before
{Heap before GC invocations=9 (full 1):
 PSYoungGen      total 8725504K, used 704507K [0x0000000580100000, 0x00000007e7900000, 0x0000000800000000)
  eden space 8020992K, 0% used [0x0000000580100000,0x0000000580100000,0x0000000769a00000)
  from space 704512K, 99% used [0x00000007a1f00000,0x00000007ccefec08,0x00000007ccf00000)
  to   space 922624K, 0% used [0x0000000769a00000,0x0000000769a00000,0x00000007a1f00000)
 ParOldGen       total 1395712K, used 1033897K [0x0000000080200000, 0x00000000d5500000, 0x0000000580100000)
  object space 1395712K, 74% used [0x0000000080200000,0x00000000bf3aa458,0x00000000d5500000)
 Metaspace       used 9981K, capacity 10256K, committed 10496K, reserved 1058816K
  class space    used 853K, capacity 933K, committed 1024K, reserved 1048576K
}
Event: 7.450 GC heap after
{Heap after GC invocations=9 (full 1):
 PSYoungGen      total 8725504K, used 290018K [0x0000000580100000, 0x0000000800000000, 0x0000000800000000)
  eden space 8020992K, 0% used [0x0000000580100000,0x0000000580100000,0x0000000769a00000)
  from space 704512K, 41% used [0x00000007a1f00000,0x00000007b3a38908,0x00000007ccf00000)
  to   space 922624K, 0% used [0x0000000769a00000,0x0000000769a00000,0x00000007a1f00000)
 ParOldGen       total 2515968K, used 1395261K [0x0000000080200000, 0x0000000119b00000, 0x0000000580100000)
  object space 2515968K, 55% used [0x0000000080200000,0x00000000d548f4f8,0x0000000119b00000)
 Metaspace       used 9981K, capacity 10256K, committed 10496K, reserved 1058816K
  class space    used 853K, capacity 933K, committed 1024K, reserved 1048576K
}
Event: 8.808 GC heap before
{Heap before GC invocations=10 (full 1):
 PSYoungGen      total 8725504K, used 8311010K [0x0000000580100000, 0x0000000800000000, 0x0000000800000000)
  eden space 8020992K, 100% used [0x0000000580100000,0x0000000769a00000,0x0000000769a00000)
  from space 704512K, 41% used [0x00000007a1f00000,0x00000007b3a38908,0x00000007ccf00000)
  to   space 922624K, 0% used [0x0000000769a00000,0x0000000769a00000,0x00000007a1f00000)
 ParOldGen       total 2515968K, used 1395261K [0x0000000080200000, 0x0000000119b00000, 0x0000000580100000)
  object space 2515968K, 55% used [0x0000000080200000,0x00000000d548f4f8,0x0000000119b00000)
 Metaspace       used 15761K, capacity 16069K, committed 16256K, reserved 1064960K
  class space    used 1532K, capacity 1655K, committed 1664K, reserved 1048576K
}
Event: 9.004 GC heap after
{Heap after GC invocations=10 (full 1):
 PSYoungGen      total 8943616K, used 450329K [0x0000000580100000, 0x0000000800000000, 0x0000000800000000)
  eden space 8020992K, 0% used [0x0000000580100000,0x0000000580100000,0x0000000769a00000)
  from space 922624K, 48% used [0x0000000769a00000,0x00000007851c6790,0x00000007a1f00000)
  to   space 897024K, 0% used [0x00000007c9400000,0x00000007c9400000,0x0000000800000000)
 ParOldGen       total 2515968K, used 1500365K [0x0000000080200000, 0x0000000119b00000, 0x0000000580100000)
  object space 2515968K, 59% used [0x0000000080200000,0x00000000dbb334f8,0x0000000119b00000)
 Metaspace       used 15761K, capacity 16069K, committed 16256K, reserved 1064960K
  class space    used 1532K, capacity 1655K, committed 1664K, reserved 1048576K
}

