# JRE version: OpenJDK Runtime Environment Corretto-11.0.25.9.1 (11.0.25+9) (build 11.0.25+9-LTS)
# Java VM: OpenJDK 64-Bit Server VM Corretto-11.0.25.9.1 (11.0.25+9-LTS, mixed mode, tiered, compressed oops, parallel gc, windows-amd64)
Heap:
 PSYoungGen      total 8931328K, used 3936684K [0x0000000580100000, 0x0000000800000000, 0x0000000800000000)
  eden space 8030720K, 42% used [0x0000000580100000,0x000000064e6a6868,0x000000076a380000)
  from space 900608K, 61% used [0x000000076a380000,0x000000078c244860,0x00000007a1300000)
  to   space 1047552K, 0% used [0x00000007c0100000,0x00000007c0100000,0x0000000800000000)
 ParOldGen       total 2458112K, used 1395343K [0x0000000080200000, 0x0000000116280000, 0x0000000580100000)
  object space 2458112K, 56% used [0x0000000080200000,0x00000000d54a3ec8,0x0000000116280000)
 Metaspace       used 16232K, capacity 16618K, committed 16896K, reserved 1064960K
  class space    used 1544K, capacity 1687K, committed 1792K, reserved 1048576K
GC Heap History (20 events):
Event: 0.739 GC heap before
{Heap before GC invocations=1 (full 0):
 PSYoungGen      total 610304K, used 523264K [0x0000000580100000, 0x00000005aaa00000, 0x0000000800000000)
  eden space 523264K, 100% used [0x0000000580100000,0x00000005a0000000,0x00000005a0000000)
  from space 87040K, 0% used [0x00000005a5500000,0x00000005a5500000,0x00000005aaa00000)
  to   space 87040K, 0% used [0x00000005a0000000,0x00000005a0000000,0x00000005a5500000)
 ParOldGen       total 1395712K, used 0K [0x0000000080200000, 0x00000000d5500000, 0x0000000580100000)
  object space 1395712K, 0% used [0x0000000080200000,0x0000000080200000,0x00000000d5500000)
 Metaspace       used 8974K, capacity 9253K, committed 9344K, reserved 1058816K
  class space    used 766K, capacity 831K, committed 896K, reserved 1048576K
}
Event: 0.754 GC heap after
{Heap after GC invocations=1 (full 0):
 PSYoungGen      total 610304K, used 47266K [0x0000000580100000, 0x00000005ca900000, 0x0000000800000000)
  eden space 523264K, 0% used [0x0000000580100000,0x0000000580100000,0x00000005a0000000)
  from space 87040K, 54% used [0x00000005a0000000,0x00000005a2e288a0,0x00000005a5500000)
  to   space 87040K, 0% used [0x00000005c5400000,0x00000005c5400000,0x00000005ca900000)
 ParOldGen       total 1395712K, used 16K [0x0000000080200000, 0x00000000d5500000, 0x0000000580100000)
  object space 1395712K, 0% used [0x0000000080200000,0x0000000080204000,0x00000000d5500000)
 Metaspace       used 8974K, capacity 9253K, committed 9344K, reserved 1058816K
  class space    used 766K, capacity 831K, committed 896K, reserved 1048576K
}
Event: 0.964 GC heap before
{Heap before GC invocations=2 (full 0):
 PSYoungGen      total 610304K, used 570530K [0x0000000580100000, 0x00000005ca900000, 0x0000000800000000)
  eden space 523264K, 100% used [0x0000000580100000,0x00000005a0000000,0x00000005a0000000)
  from space 87040K, 54% used [0x00000005a0000000,0x00000005a2e288a0,0x00000005a5500000)
  to   space 87040K, 0% used [0x00000005c5400000,0x00000005c5400000,0x00000005ca900000)
 ParOldGen       total 1395712K, used 16K [0x0000000080200000, 0x00000000d5500000, 0x0000000580100000)
  object space 1395712K, 0% used [0x0000000080200000,0x0000000080204000,0x00000000d5500000)
 Metaspace       used 8989K, capacity 9253K, committed 9344K, reserved 1058816K
  class space    used 766K, capacity 831K, committed 896K, reserved 1048576K
}
Event: 0.988 GC heap after
{Heap after GC invocations=2 (full 0):
 PSYoungGen      total 1133568K, used 87009K [0x0000000580100000, 0x00000005ca900000, 0x0000000800000000)
  eden space 1046528K, 0% used [0x0000000580100000,0x0000000580100000,0x00000005bff00000)
  from space 87040K, 99% used [0x00000005c5400000,0x00000005ca8f8650,0x00000005ca900000)
  to   space 87040K, 0% used [0x00000005bff00000,0x00000005bff00000,0x00000005c5400000)
 ParOldGen       total 1395712K, used 6488K [0x0000000080200000, 0x00000000d5500000, 0x0000000580100000)
  object space 1395712K, 0% used [0x0000000080200000,0x0000000080856000,0x00000000d5500000)
 Metaspace       used 8989K, capacity 9253K, committed 9344K, reserved 1058816K
  class space    used 766K, capacity 831K, committed 896K, reserved 1048576K
}
Event: 1.417 GC heap before
{Heap before GC invocations=3 (full 0):
 PSYoungGen      total 1133568K, used 1133537K [0x0000000580100000, 0x00000005ca900000, 0x0000000800000000)
  eden space 1046528K, 100% used [0x0000000580100000,0x00000005bff00000,0x00000005bff00000)
  from space 87040K, 99% used [0x00000005c5400000,0x00000005ca8f8650,0x00000005ca900000)
  to   space 87040K, 0% used [0x00000005bff00000,0x00000005bff00000,0x00000005c5400000)
 ParOldGen       total 1395712K, used 6488K [0x0000000080200000, 0x00000000d5500000, 0x0000000580100000)
  object space 1395712K, 0% used [0x0000000080200000,0x0000000080856000,0x00000000d5500000)
 Metaspace       used 8989K, capacity 9253K, committed 9344K, reserved 1058816K
  class space    used 766K, capacity 831K, committed 896K, reserved 1048576K
}
Event: 1.469 GC heap after
{Heap after GC invocations=3 (full 0):
 PSYoungGen      total 1133568K, used 87040K [0x0000000580100000, 0x000000060a700000, 0x0000000800000000)
  eden space 1046528K, 0% used [0x0000000580100000,0x0000000580100000,0x00000005bff00000)
  from space 87040K, 100% used [0x00000005bff00000,0x00000005c5400000,0x00000005c5400000)
  to   space 87040K, 0% used [0x0000000605200000,0x0000000605200000,0x000000060a700000)
 ParOldGen       total 1395712K, used 112725K [0x0000000080200000, 0x00000000d5500000, 0x0000000580100000)
  object space 1395712K, 8% used [0x0000000080200000,0x0000000087015748,0x00000000d5500000)
 Metaspace       used 8989K, capacity 9253K, committed 9344K, reserved 1058816K
  class space    used 766K, capacity 831K, committed 896K, reserved 1048576K
}
Event: 1.842 GC heap before
{Heap before GC invocations=4 (full 0):
 PSYoungGen      total 1133568K, used 1133568K [0x0000000580100000, 0x000000060a700000, 0x0000000800000000)
  eden space 1046528K, 100% used [0x0000000580100000,0x00000005bff00000,0x00000005bff00000)
  from space 87040K, 100% used [0x00000005bff00000,0x00000005c5400000,0x00000005c5400000)
  to   space 87040K, 0% used [0x0000000605200000,0x0000000605200000,0x000000060a700000)
 ParOldGen       total 1395712K, used 112725K [0x0000000080200000, 0x00000000d5500000, 0x0000000580100000)
  object space 1395712K, 8% used [0x0000000080200000,0x0000000087015748,0x00000000d5500000)
 Metaspace       used 8989K, capacity 9253K, committed 9344K, reserved 1058816K
  class space    used 766K, capacity 831K, committed 896K, reserved 1048576K
}
Event: 1.909 GC heap after
{Heap after GC invocations=4 (full 0):
 PSYoungGen      total 2180096K, used 87040K [0x0000000580100000, 0x000000060a700000, 0x0000000800000000)
  eden space 2093056K, 0% used [0x0000000580100000,0x0000000580100000,0x00000005ffd00000)
  from space 87040K, 100% used [0x0000000605200000,0x000000060a700000,0x000000060a700000)
  to   space 87040K, 0% used [0x00000005ffd00000,0x00000005ffd00000,0x0000000605200000)
 ParOldGen       total 1395712K, used 222626K [0x0000000080200000, 0x00000000d5500000, 0x0000000580100000)
  object space 1395712K, 15% used [0x0000000080200000,0x000000008db68ba8,0x00000000d5500000)
 Metaspace       used 8989K, capacity 9253K, committed 9344K, reserved 1058816K
  class space    used 766K, capacity 831K, committed 896K, reserved 1048576K
}
Event: 2.728 GC heap before
{Heap before GC invocations=5 (full 0):
 PSYoungGen      total 2180096K, used 2180096K [0x0000000580100000, 0x000000060a700000, 0x0000000800000000)
  eden space 2093056K, 100% used [0x0000000580100000,0x00000005ffd00000,0x00000005ffd00000)
  from space 87040K, 100% used [0x0000000605200000,0x000000060a700000,0x000000060a700000)
  to   space 87040K, 0% used [0x00000005ffd00000,0x00000005ffd00000,0x0000000605200000)
 ParOldGen       total 1395712K, used 222626K [0x0000000080200000, 0x00000000d5500000, 0x0000000580100000)
  object space 1395712K, 15% used [0x0000000080200000,0x000000008db68ba8,0x00000000d5500000)
 Metaspace       used 8989K, capacity 9253K, committed 9344K, reserved 1058816K
  class space    used 766K, capacity 831K, committed 896K, reserved 1048576K
}
Event: 2.822 GC heap after
{Heap after GC invocations=5 (full 0):
 PSYoungGen      total 2180096K, used 87040K [0x0000000580100000, 0x00000006ac500000, 0x0000000800000000)
  eden space 2093056K, 0% used [0x0000000580100000,0x0000000580100000,0x00000005ffd00000)
  from space 87040K, 100% used [0x00000005ffd00000,0x0000000605200000,0x0000000605200000)
  to   space 366592K, 0% used [0x0000000695f00000,0x0000000695f00000,0x00000006ac500000)
 ParOldGen       total 1395712K, used 462797K [0x0000000080200000, 0x00000000d5500000, 0x0000000580100000)
  object space 1395712K, 33% used [0x0000000080200000,0x000000009c5f3698,0x00000000d5500000)
 Metaspace       used 8989K, capacity 9253K, committed 9344K, reserved 1058816K
  class space    used 766K, capacity 831K, committed 896K, reserved 1048576K
}
Event: 3.571 GC heap before
{Heap before GC invocations=6 (full 0):
 PSYoungGen      total 2180096K, used 2180096K [0x0000000580100000, 0x00000006ac500000, 0x0000000800000000)
  eden space 2093056K, 100% used [0x0000000580100000,0x00000005ffd00000,0x00000005ffd00000)
  from space 87040K, 100% used [0x00000005ffd00000,0x0000000605200000,0x0000000605200000)
  to   space 366592K, 0% used [0x0000000695f00000,0x0000000695f00000,0x00000006ac500000)
 ParOldGen       total 1395712K, used 462797K [0x0000000080200000, 0x00000000d5500000, 0x0000000580100000)
  object space 1395712K, 33% used [0x0000000080200000,0x000000009c5f3698,0x00000000d5500000)
 Metaspace       used 8989K, capacity 9253K, committed 9344K, reserved 1058816K
  class space    used 766K, capacity 831K, committed 896K, reserved 1048576K
}
Event: 3.659 GC heap after
{Heap after GC invocations=6 (full 0):
 PSYoungGen      total 4488192K, used 341016K [0x0000000580100000, 0x00000006b4300000, 0x0000000800000000)
  eden space 4121600K, 0% used [0x0000000580100000,0x0000000580100000,0x000000067ba00000)
  from space 366592K, 93% used [0x0000000695f00000,0x00000006aac06040,0x00000006ac500000)
  to   space 431104K, 0% used [0x000000067ba00000,0x000000067ba00000,0x0000000695f00000)
 ParOldGen       total 1395712K, used 462797K [0x0000000080200000, 0x00000000d5500000, 0x0000000580100000)
  object space 1395712K, 33% used [0x0000000080200000,0x000000009c5f3698,0x00000000d5500000)
 Metaspace       used 8989K, capacity 9253K, committed 9344K, reserved 1058816K
  class space    used 766K, capacity 831K, committed 896K, reserved 1048576K
}
Event: 5.337 GC heap before
{Heap before GC invocations=7 (full 0):
 PSYoungGen      total 4488192K, used 4462616K [0x0000000580100000, 0x00000006b4300000, 0x0000000800000000)
  eden space 4121600K, 100% used [0x0000000580100000,0x000000067ba00000,0x000000067ba00000)
  from space 366592K, 93% used [0x0000000695f00000,0x00000006aac06040,0x00000006ac500000)
  to   space 431104K, 0% used [0x000000067ba00000,0x000000067ba00000,0x0000000695f00000)
 ParOldGen       total 1395712K, used 462797K [0x0000000080200000, 0x00000000d5500000, 0x0000000580100000)
  object space 1395712K, 33% used [0x0000000080200000,0x000000009c5f3698,0x00000000d5500000)
 Metaspace       used 8989K, capacity 9253K, committed 9344K, reserved 1058816K
  class space    used 766K, capacity 831K, committed 896K, reserved 1048576K
}
Event: 5.545 GC heap after
{Heap after GC invocations=7 (full 0):
 PSYoungGen      total 4552704K, used 431104K [0x0000000580100000, 0x00000007cb300000, 0x0000000800000000)
  eden space 4121600K, 0% used [0x0000000580100000,0x0000000580100000,0x000000067ba00000)
  from space 431104K, 100% used [0x000000067ba00000,0x0000000695f00000,0x0000000695f00000)
  to   space 688128K, 0% used [0x00000007a1300000,0x00000007a1300000,0x00000007cb300000)
 ParOldGen       total 1395712K, used 807769K [0x0000000080200000, 0x00000000d5500000, 0x0000000580100000)
  object space 1395712K, 57% used [0x0000000080200000,0x00000000b16d66c8,0x00000000d5500000)
 Metaspace       used 8989K, capacity 9253K, committed 9344K, reserved 1058816K
  class space    used 766K, capacity 831K, committed 896K, reserved 1048576K
}
Event: 7.035 GC heap before
{Heap before GC invocations=8 (full 0):
 PSYoungGen      total 4552704K, used 4552704K [0x0000000580100000, 0x00000007cb300000, 0x0000000800000000)
  eden space 4121600K, 100% used [0x0000000580100000,0x000000067ba00000,0x000000067ba00000)
  from space 431104K, 100% used [0x000000067ba00000,0x0000000695f00000,0x0000000695f00000)
  to   space 688128K, 0% used [0x00000007a1300000,0x00000007a1300000,0x00000007cb300000)
 ParOldGen       total 1395712K, used 807769K [0x0000000080200000, 0x00000000d5500000, 0x0000000580100000)
  object space 1395712K, 57% used [0x0000000080200000,0x00000000b16d66c8,0x00000000d5500000)
 Metaspace       used 8989K, capacity 9253K, committed 9344K, reserved 1058816K
  class space    used 766K, capacity 831K, committed 896K, reserved 1048576K
}
Event: 7.302 GC heap after
{Heap after GC invocations=8 (full 0):
 PSYoungGen      total 8718848K, used 688118K [0x0000000580100000, 0x00000007e5200000, 0x0000000800000000)
  eden space 8030720K, 0% used [0x0000000580100000,0x0000000580100000,0x000000076a380000)
  from space 688128K, 99% used [0x00000007a1300000,0x00000007cb2fd820,0x00000007cb300000)
  to   space 900608K, 0% used [0x000000076a380000,0x000000076a380000,0x00000007a1300000)
 ParOldGen       total 1395712K, used 998025K [0x0000000080200000, 0x00000000d5500000, 0x0000000580100000)
  object space 1395712K, 71% used [0x0000000080200000,0x00000000bd0a26c8,0x00000000d5500000)
 Metaspace       used 8989K, capacity 9253K, committed 9344K, reserved 1058816K
  class space    used 766K, capacity 831K, committed 896K, reserved 1048576K
}
Event: 8.957 GC heap before
{Heap before GC invocations=9 (full 0):
 PSYoungGen      total 8718848K, used 8718838K [0x0000000580100000, 0x00000007e5200000, 0x0000000800000000)
  eden space 8030720K, 100% used [0x0000000580100000,0x000000076a380000,0x000000076a380000)
  from space 688128K, 99% used [0x00000007a1300000,0x00000007cb2fd820,0x00000007cb300000)
  to   space 900608K, 0% used [0x000000076a380000,0x000000076a380000,0x00000007a1300000)
 ParOldGen       total 1395712K, used 998025K [0x0000000080200000, 0x00000000d5500000, 0x0000000580100000)
  object space 1395712K, 71% used [0x0000000080200000,0x00000000bd0a26c8,0x00000000d5500000)
 Metaspace       used 15928K, capacity 16321K, committed 16512K, reserved 1064960K
  class space    used 1519K, capacity 1652K, committed 1664K, reserved 1048576K
}
Event: 9.226 GC heap after
{Heap after GC invocations=9 (full 0):
 PSYoungGen      total 8931328K, used 864980K [0x0000000580100000, 0x0000000800000000, 0x0000000800000000)
  eden space 8030720K, 0% used [0x0000000580100000,0x0000000580100000,0x000000076a380000)
  from space 900608K, 96% used [0x000000076a380000,0x000000079f0353a8,0x00000007a1300000)
  to   space 1047552K, 0% used [0x00000007c0100000,0x00000007c0100000,0x0000000800000000)
 ParOldGen       total 1395712K, used 1140081K [0x0000000080200000, 0x00000000d5500000, 0x0000000580100000)
  object space 1395712K, 81% used [0x0000000080200000,0x00000000c5b5c6c8,0x00000000d5500000)
 Metaspace       used 15928K, capacity 16321K, committed 16512K, reserved 1064960K
  class space    used 1519K, capacity 1652K, committed 1664K, reserved 1048576K
}
Event: 9.226 GC heap before
{Heap before GC invocations=10 (full 1):
 PSYoungGen      total 8931328K, used 864980K [0x0000000580100000, 0x0000000800000000, 0x0000000800000000)
  eden space 8030720K, 0% used [0x0000000580100000,0x0000000580100000,0x000000076a380000)
  from space 900608K, 96% used [0x000000076a380000,0x000000079f0353a8,0x00000007a1300000)
  to   space 1047552K, 0% used [0x00000007c0100000,0x00000007c0100000,0x0000000800000000)
 ParOldGen       total 1395712K, used 1140081K [0x0000000080200000, 0x00000000d5500000, 0x0000000580100000)
  object space 1395712K, 81% used [0x0000000080200000,0x00000000c5b5c6c8,0x00000000d5500000)
 Metaspace       used 15928K, capacity 16321K, committed 16512K, reserved 1064960K
  class space    used 1519K, capacity 1652K, committed 1664K, reserved 1048576K
}
Event: 9.956 GC heap after
{Heap after GC invocations=10 (full 1):
 PSYoungGen      total 8931328K, used 555794K [0x0000000580100000, 0x0000000800000000, 0x0000000800000000)
  eden space 8030720K, 0% used [0x0000000580100000,0x0000000580100000,0x000000076a380000)
  from space 900608K, 61% used [0x000000076a380000,0x000000078c244860,0x00000007a1300000)
  to   space 1047552K, 0% used [0x00000007c0100000,0x00000007c0100000,0x0000000800000000)
 ParOldGen       total 2458112K, used 1395343K [0x0000000080200000, 0x0000000116280000, 0x0000000580100000)
  object space 2458112K, 56% used [0x0000000080200000,0x00000000d54a3ec8,0x0000000116280000)
 Metaspace       used 15928K, capacity 16321K, committed 16512K, reserved 1064960K
  class space    used 1519K, capacity 1652K, committed 1664K, reserved 1048576K
}

