# JRE version: OpenJDK Runtime Environment Corretto-11.0.25.9.1 (11.0.25+9) (build 11.0.25+9-LTS)
# Java VM: OpenJDK 64-Bit Server VM Corretto-11.0.25.9.1 (11.0.25+9-LTS, mixed mode, tiered, compressed oops, parallel gc, windows-amd64)
Heap:
 PSYoungGen      total 10033664K, used 4063618K [0x0000000580100000, 0x00000007feb00000, 0x0000000800000000)
  eden space 9613312K, 40% used [0x0000000580100000,0x000000066b2a8988,0x00000007cad00000)
  from space 420352K, 50% used [0x00000007cad00000,0x00000007d7bb8070,0x00000007e4780000)
  to   space 410624K, 0% used [0x00000007e5a00000,0x00000007e5a00000,0x00000007feb00000)
 ParOldGen       total 7680512K, used 6989241K [0x0000000080200000, 0x0000000254e80000, 0x0000000580100000)
  object space 7680512K, 90% used [0x0000000080200000,0x000000022ab6e728,0x0000000254e80000)
 Metaspace       used 21495K, capacity 21754K, committed 22320K, reserved 1069056K
  class space    used 1881K, capacity 1968K, committed 2176K, reserved 1048576K
GC Heap History (20 events):
Event: 649649.073 GC heap before
{Heap before GC invocations=144299 (full 462):
 PSYoungGen      total 9783296K, used 9782976K [0x0000000580100000, 0x00000007fd780000, 0x0000000800000000)
  eden space 9472512K, 100% used [0x0000000580100000,0x00000007c2380000,0x00000007c2380000)
  from space 310784K, 99% used [0x00000007c2380000,0x00000007d52b0140,0x00000007d5300000)
  to   space 485376K, 0% used [0x00000007dfd80000,0x00000007dfd80000,0x00000007fd780000)
 ParOldGen       total 7680512K, used 6989241K [0x0000000080200000, 0x0000000254e80000, 0x0000000580100000)
  object space 7680512K, 90% used [0x0000000080200000,0x000000022ab6e728,0x0000000254e80000)
 Metaspace       used 21495K, capacity 21754K, committed 22320K, reserved 1069056K
  class space    used 1881K, capacity 1968K, committed 2176K, reserved 1048576K
}
Event: 649649.121 GC heap after
{Heap after GC invocations=144299 (full 462):
 PSYoungGen      total 9973248K, used 292468K [0x0000000580100000, 0x0000000800000000, 0x0000000800000000)
  eden space 9487872K, 0% used [0x0000000580100000,0x0000000580100000,0x00000007c3280000)
  from space 485376K, 60% used [0x00000007dfd80000,0x00000007f1b1d388,0x00000007fd780000)
  to   space 470016K, 0% used [0x00000007c3280000,0x00000007c3280000,0x00000007dfd80000)
 ParOldGen       total 7680512K, used 6989241K [0x0000000080200000, 0x0000000254e80000, 0x0000000580100000)
  object space 7680512K, 90% used [0x0000000080200000,0x000000022ab6e728,0x0000000254e80000)
 Metaspace       used 21495K, capacity 21754K, committed 22320K, reserved 1069056K
  class space    used 1881K, capacity 1968K, committed 2176K, reserved 1048576K
}
Event: 649654.777 GC heap before
{Heap before GC invocations=144300 (full 462):
 PSYoungGen      total 9973248K, used 9780340K [0x0000000580100000, 0x0000000800000000, 0x0000000800000000)
  eden space 9487872K, 100% used [0x0000000580100000,0x00000007c3280000,0x00000007c3280000)
  from space 485376K, 60% used [0x00000007dfd80000,0x00000007f1b1d388,0x00000007fd780000)
  to   space 470016K, 0% used [0x00000007c3280000,0x00000007c3280000,0x00000007dfd80000)
 ParOldGen       total 7680512K, used 6989241K [0x0000000080200000, 0x0000000254e80000, 0x0000000580100000)
  object space 7680512K, 90% used [0x0000000080200000,0x000000022ab6e728,0x0000000254e80000)
 Metaspace       used 21495K, capacity 21754K, committed 22320K, reserved 1069056K
  class space    used 1881K, capacity 1968K, committed 2176K, reserved 1048576K
}
Event: 649654.828 GC heap after
{Heap after GC invocations=144300 (full 462):
 PSYoungGen      total 9957888K, used 206194K [0x0000000580100000, 0x00000007ff200000, 0x0000000800000000)
  eden space 9487872K, 0% used [0x0000000580100000,0x0000000580100000,0x00000007c3280000)
  from space 470016K, 43% used [0x00000007c3280000,0x00000007cfbdca50,0x00000007dfd80000)
  to   space 470528K, 0% used [0x00000007e2680000,0x00000007e2680000,0x00000007ff200000)
 ParOldGen       total 7680512K, used 6989241K [0x0000000080200000, 0x0000000254e80000, 0x0000000580100000)
  object space 7680512K, 90% used [0x0000000080200000,0x000000022ab6e728,0x0000000254e80000)
 Metaspace       used 21495K, capacity 21754K, committed 22320K, reserved 1069056K
  class space    used 1881K, capacity 1968K, committed 2176K, reserved 1048576K
}
Event: 649661.599 GC heap before
{Heap before GC invocations=144301 (full 462):
 PSYoungGen      total 9957888K, used 9694066K [0x0000000580100000, 0x00000007ff200000, 0x0000000800000000)
  eden space 9487872K, 100% used [0x0000000580100000,0x00000007c3280000,0x00000007c3280000)
  from space 470016K, 43% used [0x00000007c3280000,0x00000007cfbdca50,0x00000007dfd80000)
  to   space 470528K, 0% used [0x00000007e2680000,0x00000007e2680000,0x00000007ff200000)
 ParOldGen       total 7680512K, used 6989241K [0x0000000080200000, 0x0000000254e80000, 0x0000000580100000)
  object space 7680512K, 90% used [0x0000000080200000,0x000000022ab6e728,0x0000000254e80000)
 Metaspace       used 21495K, capacity 21754K, committed 22320K, reserved 1069056K
  class space    used 1881K, capacity 1968K, committed 2176K, reserved 1048576K
}
Event: 649661.653 GC heap after
{Heap after GC invocations=144301 (full 462):
 PSYoungGen      total 10004480K, used 222592K [0x0000000580100000, 0x00000007ff780000, 0x0000000800000000)
  eden space 9533952K, 0% used [0x0000000580100000,0x0000000580100000,0x00000007c5f80000)
  from space 470528K, 47% used [0x00000007e2680000,0x00000007effe00c0,0x00000007ff200000)
  to   space 465920K, 0% used [0x00000007c5f80000,0x00000007c5f80000,0x00000007e2680000)
 ParOldGen       total 7680512K, used 6989241K [0x0000000080200000, 0x0000000254e80000, 0x0000000580100000)
  object space 7680512K, 90% used [0x0000000080200000,0x000000022ab6e728,0x0000000254e80000)
 Metaspace       used 21495K, capacity 21754K, committed 22320K, reserved 1069056K
  class space    used 1881K, capacity 1968K, committed 2176K, reserved 1048576K
}
Event: 649670.448 GC heap before
{Heap before GC invocations=144302 (full 462):
 PSYoungGen      total 10004480K, used 9756544K [0x0000000580100000, 0x00000007ff780000, 0x0000000800000000)
  eden space 9533952K, 100% used [0x0000000580100000,0x00000007c5f80000,0x00000007c5f80000)
  from space 470528K, 47% used [0x00000007e2680000,0x00000007effe00c0,0x00000007ff200000)
  to   space 465920K, 0% used [0x00000007c5f80000,0x00000007c5f80000,0x00000007e2680000)
 ParOldGen       total 7680512K, used 6989241K [0x0000000080200000, 0x0000000254e80000, 0x0000000580100000)
  object space 7680512K, 90% used [0x0000000080200000,0x000000022ab6e728,0x0000000254e80000)
 Metaspace       used 21495K, capacity 21754K, committed 22320K, reserved 1069056K
  class space    used 1881K, capacity 1968K, committed 2176K, reserved 1048576K
}
Event: 649670.499 GC heap after
{Heap after GC invocations=144302 (full 462):
 PSYoungGen      total 9999872K, used 211696K [0x0000000580100000, 0x00000007ff280000, 0x0000000800000000)
  eden space 9533952K, 0% used [0x0000000580100000,0x0000000580100000,0x00000007c5f80000)
  from space 465920K, 45% used [0x00000007c5f80000,0x00000007d2e3c080,0x00000007e2680000)
  to   space 461312K, 0% used [0x00000007e3000000,0x00000007e3000000,0x00000007ff280000)
 ParOldGen       total 7680512K, used 6989241K [0x0000000080200000, 0x0000000254e80000, 0x0000000580100000)
  object space 7680512K, 90% used [0x0000000080200000,0x000000022ab6e728,0x0000000254e80000)
 Metaspace       used 21495K, capacity 21754K, committed 22320K, reserved 1069056K
  class space    used 1881K, capacity 1968K, committed 2176K, reserved 1048576K
}
Event: 649675.584 GC heap before
{Heap before GC invocations=144303 (full 462):
 PSYoungGen      total 9999872K, used 9745648K [0x0000000580100000, 0x00000007ff280000, 0x0000000800000000)
  eden space 9533952K, 100% used [0x0000000580100000,0x00000007c5f80000,0x00000007c5f80000)
  from space 465920K, 45% used [0x00000007c5f80000,0x00000007d2e3c080,0x00000007e2680000)
  to   space 461312K, 0% used [0x00000007e3000000,0x00000007e3000000,0x00000007ff280000)
 ParOldGen       total 7680512K, used 6989241K [0x0000000080200000, 0x0000000254e80000, 0x0000000580100000)
  object space 7680512K, 90% used [0x0000000080200000,0x000000022ab6e728,0x0000000254e80000)
 Metaspace       used 21495K, capacity 21754K, committed 22320K, reserved 1069056K
  class space    used 1881K, capacity 1968K, committed 2176K, reserved 1048576K
}
Event: 649675.637 GC heap after
{Heap after GC invocations=144303 (full 462):
 PSYoungGen      total 10012672K, used 211792K [0x0000000580100000, 0x00000007fef80000, 0x0000000800000000)
  eden space 9554432K, 0% used [0x0000000580100000,0x0000000580100000,0x00000007c7380000)
  from space 458240K, 46% used [0x00000007e3000000,0x00000007efed4080,0x00000007fef80000)
  to   space 455168K, 0% used [0x00000007c7380000,0x00000007c7380000,0x00000007e3000000)
 ParOldGen       total 7680512K, used 6989241K [0x0000000080200000, 0x0000000254e80000, 0x0000000580100000)
  object space 7680512K, 90% used [0x0000000080200000,0x000000022ab6e728,0x0000000254e80000)
 Metaspace       used 21495K, capacity 21754K, committed 22320K, reserved 1069056K
  class space    used 1881K, capacity 1968K, committed 2176K, reserved 1048576K
}
Event: 649680.748 GC heap before
{Heap before GC invocations=144304 (full 462):
 PSYoungGen      total 10012672K, used 9766224K [0x0000000580100000, 0x00000007fef80000, 0x0000000800000000)
  eden space 9554432K, 100% used [0x0000000580100000,0x00000007c7380000,0x00000007c7380000)
  from space 458240K, 46% used [0x00000007e3000000,0x00000007efed4080,0x00000007fef80000)
  to   space 455168K, 0% used [0x00000007c7380000,0x00000007c7380000,0x00000007e3000000)
 ParOldGen       total 7680512K, used 6989241K [0x0000000080200000, 0x0000000254e80000, 0x0000000580100000)
  object space 7680512K, 90% used [0x0000000080200000,0x000000022ab6e728,0x0000000254e80000)
 Metaspace       used 21495K, capacity 21754K, committed 22320K, reserved 1069056K
  class space    used 1881K, capacity 1968K, committed 2176K, reserved 1048576K
}
Event: 649680.800 GC heap after
{Heap after GC invocations=144304 (full 462):
 PSYoungGen      total 10009600K, used 211776K [0x0000000580100000, 0x00000007fee00000, 0x0000000800000000)
  eden space 9554432K, 0% used [0x0000000580100000,0x0000000580100000,0x00000007c7380000)
  from space 455168K, 46% used [0x00000007c7380000,0x00000007d4250070,0x00000007e3000000)
  to   space 447488K, 0% used [0x00000007e3900000,0x00000007e3900000,0x00000007fee00000)
 ParOldGen       total 7680512K, used 6989241K [0x0000000080200000, 0x0000000254e80000, 0x0000000580100000)
  object space 7680512K, 90% used [0x0000000080200000,0x000000022ab6e728,0x0000000254e80000)
 Metaspace       used 21495K, capacity 21754K, committed 22320K, reserved 1069056K
  class space    used 1881K, capacity 1968K, committed 2176K, reserved 1048576K
}
Event: 649685.933 GC heap before
{Heap before GC invocations=144305 (full 462):
 PSYoungGen      total 10009600K, used 9766208K [0x0000000580100000, 0x00000007fee00000, 0x0000000800000000)
  eden space 9554432K, 100% used [0x0000000580100000,0x00000007c7380000,0x00000007c7380000)
  from space 455168K, 46% used [0x00000007c7380000,0x00000007d4250070,0x00000007e3000000)
  to   space 447488K, 0% used [0x00000007e3900000,0x00000007e3900000,0x00000007fee00000)
 ParOldGen       total 7680512K, used 6989241K [0x0000000080200000, 0x0000000254e80000, 0x0000000580100000)
  object space 7680512K, 90% used [0x0000000080200000,0x000000022ab6e728,0x0000000254e80000)
 Metaspace       used 21495K, capacity 21754K, committed 22320K, reserved 1069056K
  class space    used 1881K, capacity 1968K, committed 2176K, reserved 1048576K
}
Event: 649685.989 GC heap after
{Heap after GC invocations=144305 (full 462):
 PSYoungGen      total 10021376K, used 211680K [0x0000000580100000, 0x00000007fe880000, 0x0000000800000000)
  eden space 9579520K, 0% used [0x0000000580100000,0x0000000580100000,0x00000007c8c00000)
  from space 441856K, 47% used [0x00000007e3900000,0x00000007f07b8070,0x00000007fe880000)
  to   space 439296K, 0% used [0x00000007c8c00000,0x00000007c8c00000,0x00000007e3900000)
 ParOldGen       total 7680512K, used 6989241K [0x0000000080200000, 0x0000000254e80000, 0x0000000580100000)
  object space 7680512K, 90% used [0x0000000080200000,0x000000022ab6e728,0x0000000254e80000)
 Metaspace       used 21495K, capacity 21754K, committed 22320K, reserved 1069056K
  class space    used 1881K, capacity 1968K, committed 2176K, reserved 1048576K
}
Event: 649691.145 GC heap before
{Heap before GC invocations=144306 (full 462):
 PSYoungGen      total 10021376K, used 9791200K [0x0000000580100000, 0x00000007fe880000, 0x0000000800000000)
  eden space 9579520K, 100% used [0x0000000580100000,0x00000007c8c00000,0x00000007c8c00000)
  from space 441856K, 47% used [0x00000007e3900000,0x00000007f07b8070,0x00000007fe880000)
  to   space 439296K, 0% used [0x00000007c8c00000,0x00000007c8c00000,0x00000007e3900000)
 ParOldGen       total 7680512K, used 6989241K [0x0000000080200000, 0x0000000254e80000, 0x0000000580100000)
  object space 7680512K, 90% used [0x0000000080200000,0x000000022ab6e728,0x0000000254e80000)
 Metaspace       used 21495K, capacity 21754K, committed 22320K, reserved 1069056K
  class space    used 1881K, capacity 1968K, committed 2176K, reserved 1048576K
}
Event: 649691.204 GC heap after
{Heap after GC invocations=144306 (full 462):
 PSYoungGen      total 10018816K, used 211744K [0x0000000580100000, 0x00000007feb80000, 0x0000000800000000)
  eden space 9579520K, 0% used [0x0000000580100000,0x0000000580100000,0x00000007c8c00000)
  from space 439296K, 48% used [0x00000007c8c00000,0x00000007d5ac8070,0x00000007e3900000)
  to   space 430080K, 0% used [0x00000007e4780000,0x00000007e4780000,0x00000007feb80000)
 ParOldGen       total 7680512K, used 6989241K [0x0000000080200000, 0x0000000254e80000, 0x0000000580100000)
  object space 7680512K, 90% used [0x0000000080200000,0x000000022ab6e728,0x0000000254e80000)
 Metaspace       used 21495K, capacity 21754K, committed 22320K, reserved 1069056K
  class space    used 1881K, capacity 1968K, committed 2176K, reserved 1048576K
}
Event: 649696.369 GC heap before
{Heap before GC invocations=144307 (full 462):
 PSYoungGen      total 10018816K, used 9791264K [0x0000000580100000, 0x00000007feb80000, 0x0000000800000000)
  eden space 9579520K, 100% used [0x0000000580100000,0x00000007c8c00000,0x00000007c8c00000)
  from space 439296K, 48% used [0x00000007c8c00000,0x00000007d5ac8070,0x00000007e3900000)
  to   space 430080K, 0% used [0x00000007e4780000,0x00000007e4780000,0x00000007feb80000)
 ParOldGen       total 7680512K, used 6989241K [0x0000000080200000, 0x0000000254e80000, 0x0000000580100000)
  object space 7680512K, 90% used [0x0000000080200000,0x000000022ab6e728,0x0000000254e80000)
 Metaspace       used 21495K, capacity 21754K, committed 22320K, reserved 1069056K
  class space    used 1881K, capacity 1968K, committed 2176K, reserved 1048576K
}
Event: 649696.426 GC heap after
{Heap after GC invocations=144307 (full 462):
 PSYoungGen      total 10035712K, used 211776K [0x0000000580100000, 0x00000007fe400000, 0x0000000800000000)
  eden space 9613312K, 0% used [0x0000000580100000,0x0000000580100000,0x00000007cad00000)
  from space 422400K, 50% used [0x00000007e4780000,0x00000007f1650070,0x00000007fe400000)
  to   space 420352K, 0% used [0x00000007cad00000,0x00000007cad00000,0x00000007e4780000)
 ParOldGen       total 7680512K, used 6989241K [0x0000000080200000, 0x0000000254e80000, 0x0000000580100000)
  object space 7680512K, 90% used [0x0000000080200000,0x000000022ab6e728,0x0000000254e80000)
 Metaspace       used 21495K, capacity 21754K, committed 22320K, reserved 1069056K
  class space    used 1881K, capacity 1968K, committed 2176K, reserved 1048576K
}
Event: 649701.555 GC heap before
{Heap before GC invocations=144308 (full 462):
 PSYoungGen      total 10035712K, used 9825088K [0x0000000580100000, 0x00000007fe400000, 0x0000000800000000)
  eden space 9613312K, 100% used [0x0000000580100000,0x00000007cad00000,0x00000007cad00000)
  from space 422400K, 50% used [0x00000007e4780000,0x00000007f1650070,0x00000007fe400000)
  to   space 420352K, 0% used [0x00000007cad00000,0x00000007cad00000,0x00000007e4780000)
 ParOldGen       total 7680512K, used 6989241K [0x0000000080200000, 0x0000000254e80000, 0x0000000580100000)
  object space 7680512K, 90% used [0x0000000080200000,0x000000022ab6e728,0x0000000254e80000)
 Metaspace       used 21495K, capacity 21754K, committed 22320K, reserved 1069056K
  class space    used 1881K, capacity 1968K, committed 2176K, reserved 1048576K
}
Event: 649701.608 GC heap after
{Heap after GC invocations=144308 (full 462):
 PSYoungGen      total 10033664K, used 211680K [0x0000000580100000, 0x00000007feb00000, 0x0000000800000000)
  eden space 9613312K, 0% used [0x0000000580100000,0x0000000580100000,0x00000007cad00000)
  from space 420352K, 50% used [0x00000007cad00000,0x00000007d7bb8070,0x00000007e4780000)
  to   space 410624K, 0% used [0x00000007e5a00000,0x00000007e5a00000,0x00000007feb00000)
 ParOldGen       total 7680512K, used 6989241K [0x0000000080200000, 0x0000000254e80000, 0x0000000580100000)
  object space 7680512K, 90% used [0x0000000080200000,0x000000022ab6e728,0x0000000254e80000)
 Metaspace       used 21495K, capacity 21754K, committed 22320K, reserved 1069056K
  class space    used 1881K, capacity 1968K, committed 2176K, reserved 1048576K
}

