# JRE version: OpenJDK Runtime Environment Corretto-11.0.25.9.1 (11.0.25+9) (build 11.0.25+9-LTS)
# Java VM: OpenJDK 64-Bit Server VM Corretto-11.0.25.9.1 (11.0.25+9-LTS, mixed mode, tiered, compressed oops, parallel gc, windows-amd64)
Heap:
 PSYoungGen      total 8931328K, used 5812745K [0x0000000580100000, 0x0000000800000000, 0x0000000800000000)
  eden space 8030720K, 65% used [0x0000000580100000,0x00000006c1b4b5d8,0x000000076a380000)
  from space 900608K, 60% used [0x000000076a380000,0x000000078b5b70b0,0x00000007a1300000)
  to   space 1043968K, 0% used [0x00000007c0480000,0x00000007c0480000,0x0000000800000000)
 ParOldGen       total 2477056K, used 1395495K [0x0000000080200000, 0x0000000117500000, 0x0000000580100000)
  object space 2477056K, 56% used [0x0000000080200000,0x00000000d54c9ca0,0x0000000117500000)
 Metaspace       used 16432K, capacity 16767K, committed 16896K, reserved 1064960K
  class space    used 1569K, capacity 1694K, committed 1792K, reserved 1048576K
GC Heap History (20 events):
Event: 0.883 GC heap before
{Heap before GC invocations=1 (full 0):
 PSYoungGen      total 610304K, used 523264K [0x0000000580100000, 0x00000005aaa00000, 0x0000000800000000)
  eden space 523264K, 100% used [0x0000000580100000,0x00000005a0000000,0x00000005a0000000)
  from space 87040K, 0% used [0x00000005a5500000,0x00000005a5500000,0x00000005aaa00000)
  to   space 87040K, 0% used [0x00000005a0000000,0x00000005a0000000,0x00000005a5500000)
 ParOldGen       total 1395712K, used 0K [0x0000000080200000, 0x00000000d5500000, 0x0000000580100000)
  object space 1395712K, 0% used [0x0000000080200000,0x0000000080200000,0x00000000d5500000)
 Metaspace       used 8956K, capacity 9189K, committed 9344K, reserved 1058816K
  class space    used 765K, capacity 831K, committed 896K, reserved 1048576K
}
Event: 0.894 GC heap after
{Heap after GC invocations=1 (full 0):
 PSYoungGen      total 610304K, used 47217K [0x0000000580100000, 0x00000005ca900000, 0x0000000800000000)
  eden space 523264K, 0% used [0x0000000580100000,0x0000000580100000,0x00000005a0000000)
  from space 87040K, 54% used [0x00000005a0000000,0x00000005a2e1c7b8,0x00000005a5500000)
  to   space 87040K, 0% used [0x00000005c5400000,0x00000005c5400000,0x00000005ca900000)
 ParOldGen       total 1395712K, used 16K [0x0000000080200000, 0x00000000d5500000, 0x0000000580100000)
  object space 1395712K, 0% used [0x0000000080200000,0x0000000080204000,0x00000000d5500000)
 Metaspace       used 8956K, capacity 9189K, committed 9344K, reserved 1058816K
  class space    used 765K, capacity 831K, committed 896K, reserved 1048576K
}
Event: 1.100 GC heap before
{Heap before GC invocations=2 (full 0):
 PSYoungGen      total 610304K, used 570481K [0x0000000580100000, 0x00000005ca900000, 0x0000000800000000)
  eden space 523264K, 100% used [0x0000000580100000,0x00000005a0000000,0x00000005a0000000)
  from space 87040K, 54% used [0x00000005a0000000,0x00000005a2e1c7b8,0x00000005a5500000)
  to   space 87040K, 0% used [0x00000005c5400000,0x00000005c5400000,0x00000005ca900000)
 ParOldGen       total 1395712K, used 16K [0x0000000080200000, 0x00000000d5500000, 0x0000000580100000)
  object space 1395712K, 0% used [0x0000000080200000,0x0000000080204000,0x00000000d5500000)
 Metaspace       used 8972K, capacity 9189K, committed 9344K, reserved 1058816K
  class space    used 765K, capacity 831K, committed 896K, reserved 1048576K
}
Event: 1.120 GC heap after
{Heap after GC invocations=2 (full 0):
 PSYoungGen      total 1133568K, used 87012K [0x0000000580100000, 0x00000005ca900000, 0x0000000800000000)
  eden space 1046528K, 0% used [0x0000000580100000,0x0000000580100000,0x00000005bff00000)
  from space 87040K, 99% used [0x00000005c5400000,0x00000005ca8f9270,0x00000005ca900000)
  to   space 87040K, 0% used [0x00000005bff00000,0x00000005bff00000,0x00000005c5400000)
 ParOldGen       total 1395712K, used 6480K [0x0000000080200000, 0x00000000d5500000, 0x0000000580100000)
  object space 1395712K, 0% used [0x0000000080200000,0x0000000080854000,0x00000000d5500000)
 Metaspace       used 8972K, capacity 9189K, committed 9344K, reserved 1058816K
  class space    used 765K, capacity 831K, committed 896K, reserved 1048576K
}
Event: 1.543 GC heap before
{Heap before GC invocations=3 (full 0):
 PSYoungGen      total 1133568K, used 1133540K [0x0000000580100000, 0x00000005ca900000, 0x0000000800000000)
  eden space 1046528K, 100% used [0x0000000580100000,0x00000005bff00000,0x00000005bff00000)
  from space 87040K, 99% used [0x00000005c5400000,0x00000005ca8f9270,0x00000005ca900000)
  to   space 87040K, 0% used [0x00000005bff00000,0x00000005bff00000,0x00000005c5400000)
 ParOldGen       total 1395712K, used 6480K [0x0000000080200000, 0x00000000d5500000, 0x0000000580100000)
  object space 1395712K, 0% used [0x0000000080200000,0x0000000080854000,0x00000000d5500000)
 Metaspace       used 8972K, capacity 9189K, committed 9344K, reserved 1058816K
  class space    used 765K, capacity 831K, committed 896K, reserved 1048576K
}
Event: 1.588 GC heap after
{Heap after GC invocations=3 (full 0):
 PSYoungGen      total 1133568K, used 87018K [0x0000000580100000, 0x000000060a700000, 0x0000000800000000)
  eden space 1046528K, 0% used [0x0000000580100000,0x0000000580100000,0x00000005bff00000)
  from space 87040K, 99% used [0x00000005bff00000,0x00000005c53fa8c8,0x00000005c5400000)
  to   space 87040K, 0% used [0x0000000605200000,0x0000000605200000,0x000000060a700000)
 ParOldGen       total 1395712K, used 112809K [0x0000000080200000, 0x00000000d5500000, 0x0000000580100000)
  object space 1395712K, 8% used [0x0000000080200000,0x000000008702a688,0x00000000d5500000)
 Metaspace       used 8972K, capacity 9189K, committed 9344K, reserved 1058816K
  class space    used 765K, capacity 831K, committed 896K, reserved 1048576K
}
Event: 1.953 GC heap before
{Heap before GC invocations=4 (full 0):
 PSYoungGen      total 1133568K, used 1133546K [0x0000000580100000, 0x000000060a700000, 0x0000000800000000)
  eden space 1046528K, 100% used [0x0000000580100000,0x00000005bff00000,0x00000005bff00000)
  from space 87040K, 99% used [0x00000005bff00000,0x00000005c53fa8c8,0x00000005c5400000)
  to   space 87040K, 0% used [0x0000000605200000,0x0000000605200000,0x000000060a700000)
 ParOldGen       total 1395712K, used 112809K [0x0000000080200000, 0x00000000d5500000, 0x0000000580100000)
  object space 1395712K, 8% used [0x0000000080200000,0x000000008702a688,0x00000000d5500000)
 Metaspace       used 8972K, capacity 9189K, committed 9344K, reserved 1058816K
  class space    used 765K, capacity 831K, committed 896K, reserved 1048576K
}
Event: 2.009 GC heap after
{Heap after GC invocations=4 (full 0):
 PSYoungGen      total 2180096K, used 87018K [0x0000000580100000, 0x000000060a700000, 0x0000000800000000)
  eden space 2093056K, 0% used [0x0000000580100000,0x0000000580100000,0x00000005ffd00000)
  from space 87040K, 99% used [0x0000000605200000,0x000000060a6fa8c8,0x000000060a700000)
  to   space 87040K, 0% used [0x00000005ffd00000,0x00000005ffd00000,0x0000000605200000)
 ParOldGen       total 1395712K, used 222718K [0x0000000080200000, 0x00000000d5500000, 0x0000000580100000)
  object space 1395712K, 15% used [0x0000000080200000,0x000000008db7fae8,0x00000000d5500000)
 Metaspace       used 8972K, capacity 9189K, committed 9344K, reserved 1058816K
  class space    used 765K, capacity 831K, committed 896K, reserved 1048576K
}
Event: 2.817 GC heap before
{Heap before GC invocations=5 (full 0):
 PSYoungGen      total 2180096K, used 2180074K [0x0000000580100000, 0x000000060a700000, 0x0000000800000000)
  eden space 2093056K, 100% used [0x0000000580100000,0x00000005ffd00000,0x00000005ffd00000)
  from space 87040K, 99% used [0x0000000605200000,0x000000060a6fa8c8,0x000000060a700000)
  to   space 87040K, 0% used [0x00000005ffd00000,0x00000005ffd00000,0x0000000605200000)
 ParOldGen       total 1395712K, used 222718K [0x0000000080200000, 0x00000000d5500000, 0x0000000580100000)
  object space 1395712K, 15% used [0x0000000080200000,0x000000008db7fae8,0x00000000d5500000)
 Metaspace       used 8972K, capacity 9189K, committed 9344K, reserved 1058816K
  class space    used 765K, capacity 831K, committed 896K, reserved 1048576K
}
Event: 2.894 GC heap after
{Heap after GC invocations=5 (full 0):
 PSYoungGen      total 2180096K, used 87018K [0x0000000580100000, 0x00000006ac500000, 0x0000000800000000)
  eden space 2093056K, 0% used [0x0000000580100000,0x0000000580100000,0x00000005ffd00000)
  from space 87040K, 99% used [0x00000005ffd00000,0x00000006051fa8c8,0x0000000605200000)
  to   space 366592K, 0% used [0x0000000695f00000,0x0000000695f00000,0x00000006ac500000)
 ParOldGen       total 1395712K, used 462889K [0x0000000080200000, 0x00000000d5500000, 0x0000000580100000)
  object space 1395712K, 33% used [0x0000000080200000,0x000000009c60a5d8,0x00000000d5500000)
 Metaspace       used 8972K, capacity 9189K, committed 9344K, reserved 1058816K
  class space    used 765K, capacity 831K, committed 896K, reserved 1048576K
}
Event: 3.630 GC heap before
{Heap before GC invocations=6 (full 0):
 PSYoungGen      total 2180096K, used 2180074K [0x0000000580100000, 0x00000006ac500000, 0x0000000800000000)
  eden space 2093056K, 100% used [0x0000000580100000,0x00000005ffd00000,0x00000005ffd00000)
  from space 87040K, 99% used [0x00000005ffd00000,0x00000006051fa8c8,0x0000000605200000)
  to   space 366592K, 0% used [0x0000000695f00000,0x0000000695f00000,0x00000006ac500000)
 ParOldGen       total 1395712K, used 462889K [0x0000000080200000, 0x00000000d5500000, 0x0000000580100000)
  object space 1395712K, 33% used [0x0000000080200000,0x000000009c60a5d8,0x00000000d5500000)
 Metaspace       used 8972K, capacity 9189K, committed 9344K, reserved 1058816K
  class space    used 765K, capacity 831K, committed 896K, reserved 1048576K
}
Event: 3.708 GC heap after
{Heap after GC invocations=6 (full 0):
 PSYoungGen      total 4488192K, used 340930K [0x0000000580100000, 0x00000006b4300000, 0x0000000800000000)
  eden space 4121600K, 0% used [0x0000000580100000,0x0000000580100000,0x000000067ba00000)
  from space 366592K, 92% used [0x0000000695f00000,0x00000006aabf0908,0x00000006ac500000)
  to   space 431104K, 0% used [0x000000067ba00000,0x000000067ba00000,0x0000000695f00000)
 ParOldGen       total 1395712K, used 462889K [0x0000000080200000, 0x00000000d5500000, 0x0000000580100000)
  object space 1395712K, 33% used [0x0000000080200000,0x000000009c60a5d8,0x00000000d5500000)
 Metaspace       used 8972K, capacity 9189K, committed 9344K, reserved 1058816K
  class space    used 765K, capacity 831K, committed 896K, reserved 1048576K
}
Event: 5.334 GC heap before
{Heap before GC invocations=7 (full 0):
 PSYoungGen      total 4488192K, used 4462530K [0x0000000580100000, 0x00000006b4300000, 0x0000000800000000)
  eden space 4121600K, 100% used [0x0000000580100000,0x000000067ba00000,0x000000067ba00000)
  from space 366592K, 92% used [0x0000000695f00000,0x00000006aabf0908,0x00000006ac500000)
  to   space 431104K, 0% used [0x000000067ba00000,0x000000067ba00000,0x0000000695f00000)
 ParOldGen       total 1395712K, used 462889K [0x0000000080200000, 0x00000000d5500000, 0x0000000580100000)
  object space 1395712K, 33% used [0x0000000080200000,0x000000009c60a5d8,0x00000000d5500000)
 Metaspace       used 8972K, capacity 9189K, committed 9344K, reserved 1058816K
  class space    used 765K, capacity 831K, committed 896K, reserved 1048576K
}
Event: 5.506 GC heap after
{Heap after GC invocations=7 (full 0):
 PSYoungGen      total 4552704K, used 431104K [0x0000000580100000, 0x00000007cb300000, 0x0000000800000000)
  eden space 4121600K, 0% used [0x0000000580100000,0x0000000580100000,0x000000067ba00000)
  from space 431104K, 100% used [0x000000067ba00000,0x0000000695f00000,0x0000000695f00000)
  to   space 688128K, 0% used [0x00000007a1300000,0x00000007a1300000,0x00000007cb300000)
 ParOldGen       total 1395712K, used 807736K [0x0000000080200000, 0x00000000d5500000, 0x0000000580100000)
  object space 1395712K, 57% used [0x0000000080200000,0x00000000b16ce0c0,0x00000000d5500000)
 Metaspace       used 8972K, capacity 9189K, committed 9344K, reserved 1058816K
  class space    used 765K, capacity 831K, committed 896K, reserved 1048576K
}
Event: 6.965 GC heap before
{Heap before GC invocations=8 (full 0):
 PSYoungGen      total 4552704K, used 4552704K [0x0000000580100000, 0x00000007cb300000, 0x0000000800000000)
  eden space 4121600K, 100% used [0x0000000580100000,0x000000067ba00000,0x000000067ba00000)
  from space 431104K, 100% used [0x000000067ba00000,0x0000000695f00000,0x0000000695f00000)
  to   space 688128K, 0% used [0x00000007a1300000,0x00000007a1300000,0x00000007cb300000)
 ParOldGen       total 1395712K, used 807736K [0x0000000080200000, 0x00000000d5500000, 0x0000000580100000)
  object space 1395712K, 57% used [0x0000000080200000,0x00000000b16ce0c0,0x00000000d5500000)
 Metaspace       used 8972K, capacity 9189K, committed 9344K, reserved 1058816K
  class space    used 765K, capacity 831K, committed 896K, reserved 1048576K
}
Event: 7.198 GC heap after
{Heap after GC invocations=8 (full 0):
 PSYoungGen      total 8718848K, used 688096K [0x0000000580100000, 0x00000007e5200000, 0x0000000800000000)
  eden space 8030720K, 0% used [0x0000000580100000,0x0000000580100000,0x000000076a380000)
  from space 688128K, 99% used [0x00000007a1300000,0x00000007cb2f8010,0x00000007cb300000)
  to   space 900608K, 0% used [0x000000076a380000,0x000000076a380000,0x00000007a1300000)
 ParOldGen       total 1395712K, used 997878K [0x0000000080200000, 0x00000000d5500000, 0x0000000580100000)
  object space 1395712K, 71% used [0x0000000080200000,0x00000000bd07d8d0,0x00000000d5500000)
 Metaspace       used 8972K, capacity 9189K, committed 9344K, reserved 1058816K
  class space    used 765K, capacity 831K, committed 896K, reserved 1048576K
}
Event: 9.581 GC heap before
{Heap before GC invocations=9 (full 0):
 PSYoungGen      total 8718848K, used 8718816K [0x0000000580100000, 0x00000007e5200000, 0x0000000800000000)
  eden space 8030720K, 100% used [0x0000000580100000,0x000000076a380000,0x000000076a380000)
  from space 688128K, 99% used [0x00000007a1300000,0x00000007cb2f8010,0x00000007cb300000)
  to   space 900608K, 0% used [0x000000076a380000,0x000000076a380000,0x00000007a1300000)
 ParOldGen       total 1395712K, used 997878K [0x0000000080200000, 0x00000000d5500000, 0x0000000580100000)
  object space 1395712K, 71% used [0x0000000080200000,0x00000000bd07d8d0,0x00000000d5500000)
 Metaspace       used 16092K, capacity 16481K, committed 16640K, reserved 1064960K
  class space    used 1540K, capacity 1684K, committed 1792K, reserved 1048576K
}
Event: 9.850 GC heap after
{Heap after GC invocations=9 (full 0):
 PSYoungGen      total 8931328K, used 856679K [0x0000000580100000, 0x0000000800000000, 0x0000000800000000)
  eden space 8030720K, 0% used [0x0000000580100000,0x0000000580100000,0x000000076a380000)
  from space 900608K, 95% used [0x000000076a380000,0x000000079e819e30,0x00000007a1300000)
  to   space 1043968K, 0% used [0x00000007c0480000,0x00000007c0480000,0x0000000800000000)
 ParOldGen       total 1395712K, used 1146166K [0x0000000080200000, 0x00000000d5500000, 0x0000000580100000)
  object space 1395712K, 82% used [0x0000000080200000,0x00000000c614d8d0,0x00000000d5500000)
 Metaspace       used 16092K, capacity 16481K, committed 16640K, reserved 1064960K
  class space    used 1540K, capacity 1684K, committed 1792K, reserved 1048576K
}
Event: 9.850 GC heap before
{Heap before GC invocations=10 (full 1):
 PSYoungGen      total 8931328K, used 856679K [0x0000000580100000, 0x0000000800000000, 0x0000000800000000)
  eden space 8030720K, 0% used [0x0000000580100000,0x0000000580100000,0x000000076a380000)
  from space 900608K, 95% used [0x000000076a380000,0x000000079e819e30,0x00000007a1300000)
  to   space 1043968K, 0% used [0x00000007c0480000,0x00000007c0480000,0x0000000800000000)
 ParOldGen       total 1395712K, used 1146166K [0x0000000080200000, 0x00000000d5500000, 0x0000000580100000)
  object space 1395712K, 82% used [0x0000000080200000,0x00000000c614d8d0,0x00000000d5500000)
 Metaspace       used 16092K, capacity 16481K, committed 16640K, reserved 1064960K
  class space    used 1540K, capacity 1684K, committed 1792K, reserved 1048576K
}
Event: 10.595 GC heap after
{Heap after GC invocations=10 (full 1):
 PSYoungGen      total 8931328K, used 542940K [0x0000000580100000, 0x0000000800000000, 0x0000000800000000)
  eden space 8030720K, 0% used [0x0000000580100000,0x0000000580100000,0x000000076a380000)
  from space 900608K, 60% used [0x000000076a380000,0x000000078b5b70b0,0x00000007a1300000)
  to   space 1043968K, 0% used [0x00000007c0480000,0x00000007c0480000,0x0000000800000000)
 ParOldGen       total 2477056K, used 1395495K [0x0000000080200000, 0x0000000117500000, 0x0000000580100000)
  object space 2477056K, 56% used [0x0000000080200000,0x00000000d54c9ca0,0x0000000117500000)
 Metaspace       used 16092K, capacity 16481K, committed 16640K, reserved 1064960K
  class space    used 1540K, capacity 1684K, committed 1792K, reserved 1048576K
}

