# JRE version: OpenJDK Runtime Environment Corretto-11.0.25.9.1 (11.0.25+9) (build 11.0.25+9-LTS)
# Java VM: OpenJDK 64-Bit Server VM Corretto-11.0.25.9.1 (11.0.25+9-LTS, mixed mode, tiered, compressed oops, parallel gc, windows-amd64)
Heap:
 PSYoungGen      total 7571968K, used 7087571K [0x0000000580100000, 0x0000000800000000, 0x0000000800000000)
  eden space 5172224K, 100% used [0x0000000580100000,0x00000006bbc00000,0x00000006bbc00000)
  from space 2399744K, 79% used [0x000000076d880000,0x00000007e26f4e28,0x0000000800000000)
  to   space 2656256K, 0% used [0x00000006bbc00000,0x00000006bbc00000,0x000000075de00000)
 ParOldGen       total 4093952K, used 876788K [0x0000000080200000, 0x000000017a000000, 0x0000000580100000)
  object space 4093952K, 21% used [0x0000000080200000,0x00000000b5a3d150,0x000000017a000000)
 Metaspace       used 21558K, capacity 21951K, committed 22320K, reserved 1069056K
  class space    used 1928K, capacity 2074K, committed 2176K, reserved 1048576K
GC Heap History (20 events):
Event: 1527.875 GC heap before
{Heap before GC invocations=85 (full 8):
 PSYoungGen      total 6610432K, used 4569993K [0x0000000580100000, 0x00000007c0500000, 0x0000000800000000)
  eden space 3927040K, 100% used [0x0000000580100000,0x000000066fc00000,0x000000066fc00000)
  from space 2683392K, 23% used [0x000000071c880000,0x0000000743c62598,0x00000007c0500000)
  to   space 2757120K, 0% used [0x000000066fc00000,0x000000066fc00000,0x0000000718080000)
 ParOldGen       total 4093952K, used 876740K [0x0000000080200000, 0x000000017a000000, 0x0000000580100000)
  object space 4093952K, 21% used [0x0000000080200000,0x00000000b5a31150,0x000000017a000000)
 Metaspace       used 21558K, capacity 21951K, committed 22320K, reserved 1069056K
  class space    used 1928K, capacity 2074K, committed 2176K, reserved 1048576K
}
Event: 1528.007 GC heap after
{Heap after GC invocations=85 (full 8):
 PSYoungGen      total 6684160K, used 804326K [0x0000000580100000, 0x00000007c0300000, 0x0000000800000000)
  eden space 3927040K, 0% used [0x0000000580100000,0x0000000580100000,0x000000066fc00000)
  from space 2757120K, 29% used [0x000000066fc00000,0x00000006a0d79938,0x0000000718080000)
  to   space 2619904K, 0% used [0x0000000720480000,0x0000000720480000,0x00000007c0300000)
 ParOldGen       total 4093952K, used 876740K [0x0000000080200000, 0x000000017a000000, 0x0000000580100000)
  object space 4093952K, 21% used [0x0000000080200000,0x00000000b5a31150,0x000000017a000000)
 Metaspace       used 21558K, capacity 21951K, committed 22320K, reserved 1069056K
  class space    used 1928K, capacity 2074K, committed 2176K, reserved 1048576K
}
Event: 1579.146 GC heap before
{Heap before GC invocations=86 (full 8):
 PSYoungGen      total 6684160K, used 4731366K [0x0000000580100000, 0x00000007c0300000, 0x0000000800000000)
  eden space 3927040K, 100% used [0x0000000580100000,0x000000066fc00000,0x000000066fc00000)
  from space 2757120K, 29% used [0x000000066fc00000,0x00000006a0d79938,0x0000000718080000)
  to   space 2619904K, 0% used [0x0000000720480000,0x0000000720480000,0x00000007c0300000)
 ParOldGen       total 4093952K, used 876740K [0x0000000080200000, 0x000000017a000000, 0x0000000580100000)
  object space 4093952K, 21% used [0x0000000080200000,0x00000000b5a31150,0x000000017a000000)
 Metaspace       used 21558K, capacity 21951K, committed 22320K, reserved 1069056K
  class space    used 1928K, capacity 2074K, committed 2176K, reserved 1048576K
}
Event: 1579.191 GC heap after
{Heap after GC invocations=86 (full 8):
 PSYoungGen      total 6475264K, used 163827K [0x0000000580100000, 0x00000007ae100000, 0x0000000800000000)
  eden space 4152320K, 0% used [0x0000000580100000,0x0000000580100000,0x000000067d800000)
  from space 2322944K, 7% used [0x0000000720480000,0x000000072a47cf50,0x00000007ae100000)
  to   space 2494976K, 0% used [0x000000067d800000,0x000000067d800000,0x0000000715c80000)
 ParOldGen       total 4093952K, used 876740K [0x0000000080200000, 0x000000017a000000, 0x0000000580100000)
  object space 4093952K, 21% used [0x0000000080200000,0x00000000b5a31150,0x000000017a000000)
 Metaspace       used 21558K, capacity 21951K, committed 22320K, reserved 1069056K
  class space    used 1928K, capacity 2074K, committed 2176K, reserved 1048576K
}
Event: 1580.623 GC heap before
{Heap before GC invocations=87 (full 8):
 PSYoungGen      total 6475264K, used 4316147K [0x0000000580100000, 0x00000007ae100000, 0x0000000800000000)
  eden space 4152320K, 100% used [0x0000000580100000,0x000000067d800000,0x000000067d800000)
  from space 2322944K, 7% used [0x0000000720480000,0x000000072a47cf50,0x00000007ae100000)
  to   space 2494976K, 0% used [0x000000067d800000,0x000000067d800000,0x0000000715c80000)
 ParOldGen       total 4093952K, used 876740K [0x0000000080200000, 0x000000017a000000, 0x0000000580100000)
  object space 4093952K, 21% used [0x0000000080200000,0x00000000b5a31150,0x000000017a000000)
 Metaspace       used 21558K, capacity 21951K, committed 22320K, reserved 1069056K
  class space    used 1928K, capacity 2074K, committed 2176K, reserved 1048576K
}
Event: 1580.715 GC heap after
{Heap after GC invocations=87 (full 8):
 PSYoungGen      total 6647296K, used 609577K [0x0000000580100000, 0x00000007acc80000, 0x0000000800000000)
  eden space 4152320K, 0% used [0x0000000580100000,0x0000000580100000,0x000000067d800000)
  from space 2494976K, 24% used [0x000000067d800000,0x00000006a2b4a598,0x0000000715c80000)
  to   space 2318336K, 0% used [0x000000071f480000,0x000000071f480000,0x00000007acc80000)
 ParOldGen       total 4093952K, used 876740K [0x0000000080200000, 0x000000017a000000, 0x0000000580100000)
  object space 4093952K, 21% used [0x0000000080200000,0x00000000b5a31150,0x000000017a000000)
 Metaspace       used 21558K, capacity 21951K, committed 22320K, reserved 1069056K
  class space    used 1928K, capacity 2074K, committed 2176K, reserved 1048576K
}
Event: 1582.137 GC heap before
{Heap before GC invocations=88 (full 8):
 PSYoungGen      total 6647296K, used 4761897K [0x0000000580100000, 0x00000007acc80000, 0x0000000800000000)
  eden space 4152320K, 100% used [0x0000000580100000,0x000000067d800000,0x000000067d800000)
  from space 2494976K, 24% used [0x000000067d800000,0x00000006a2b4a598,0x0000000715c80000)
  to   space 2318336K, 0% used [0x000000071f480000,0x000000071f480000,0x00000007acc80000)
 ParOldGen       total 4093952K, used 876740K [0x0000000080200000, 0x000000017a000000, 0x0000000580100000)
  object space 4093952K, 21% used [0x0000000080200000,0x00000000b5a31150,0x000000017a000000)
 Metaspace       used 21558K, capacity 21951K, committed 22320K, reserved 1069056K
  class space    used 1928K, capacity 2074K, committed 2176K, reserved 1048576K
}
Event: 1582.289 GC heap after
{Heap after GC invocations=88 (full 8):
 PSYoungGen      total 6787584K, used 1084292K [0x0000000580100000, 0x00000007b4d80000, 0x0000000800000000)
  eden space 4469248K, 0% used [0x0000000580100000,0x0000000580100000,0x0000000690d80000)
  from space 2318336K, 46% used [0x000000071f480000,0x0000000761761030,0x00000007acc80000)
  to   space 2333696K, 0% used [0x0000000690d80000,0x0000000690d80000,0x000000071f480000)
 ParOldGen       total 4093952K, used 876740K [0x0000000080200000, 0x000000017a000000, 0x0000000580100000)
  object space 4093952K, 21% used [0x0000000080200000,0x00000000b5a31150,0x000000017a000000)
 Metaspace       used 21558K, capacity 21951K, committed 22320K, reserved 1069056K
  class space    used 1928K, capacity 2074K, committed 2176K, reserved 1048576K
}
Event: 1583.582 GC heap before
{Heap before GC invocations=89 (full 8):
 PSYoungGen      total 6787584K, used 5553540K [0x0000000580100000, 0x00000007b4d80000, 0x0000000800000000)
  eden space 4469248K, 100% used [0x0000000580100000,0x0000000690d80000,0x0000000690d80000)
  from space 2318336K, 46% used [0x000000071f480000,0x0000000761761030,0x00000007acc80000)
  to   space 2333696K, 0% used [0x0000000690d80000,0x0000000690d80000,0x000000071f480000)
 ParOldGen       total 4093952K, used 876740K [0x0000000080200000, 0x000000017a000000, 0x0000000580100000)
  object space 4093952K, 21% used [0x0000000080200000,0x00000000b5a31150,0x000000017a000000)
 Metaspace       used 21558K, capacity 21951K, committed 22320K, reserved 1069056K
  class space    used 1928K, capacity 2074K, committed 2176K, reserved 1048576K
}
Event: 1583.917 GC heap after
{Heap after GC invocations=89 (full 8):
 PSYoungGen      total 6802944K, used 1599843K [0x0000000580100000, 0x00000007e9d80000, 0x0000000800000000)
  eden space 4469248K, 0% used [0x0000000580100000,0x0000000580100000,0x0000000690d80000)
  from space 2333696K, 68% used [0x0000000690d80000,0x00000006f27d8d40,0x000000071f480000)
  to   space 2524160K, 0% used [0x000000074fc80000,0x000000074fc80000,0x00000007e9d80000)
 ParOldGen       total 4093952K, used 876748K [0x0000000080200000, 0x000000017a000000, 0x0000000580100000)
  object space 4093952K, 21% used [0x0000000080200000,0x00000000b5a33150,0x000000017a000000)
 Metaspace       used 21558K, capacity 21951K, committed 22320K, reserved 1069056K
  class space    used 1928K, capacity 2074K, committed 2176K, reserved 1048576K
}
Event: 1644.990 GC heap before
{Heap before GC invocations=90 (full 8):
 PSYoungGen      total 6802944K, used 6069091K [0x0000000580100000, 0x00000007e9d80000, 0x0000000800000000)
  eden space 4469248K, 100% used [0x0000000580100000,0x0000000690d80000,0x0000000690d80000)
  from space 2333696K, 68% used [0x0000000690d80000,0x00000006f27d8d40,0x000000071f480000)
  to   space 2524160K, 0% used [0x000000074fc80000,0x000000074fc80000,0x00000007e9d80000)
 ParOldGen       total 4093952K, used 876748K [0x0000000080200000, 0x000000017a000000, 0x0000000580100000)
  object space 4093952K, 21% used [0x0000000080200000,0x00000000b5a33150,0x000000017a000000)
 Metaspace       used 21558K, capacity 21951K, committed 22320K, reserved 1069056K
  class space    used 1928K, capacity 2074K, committed 2176K, reserved 1048576K
}
Event: 1645.204 GC heap after
{Heap after GC invocations=90 (full 8):
 PSYoungGen      total 7516160K, used 1426792K [0x0000000580100000, 0x00000007f0580000, 0x0000000800000000)
  eden space 4992000K, 0% used [0x0000000580100000,0x0000000580100000,0x00000006b0c00000)
  from space 2524160K, 56% used [0x000000074fc80000,0x00000007a6dda1d0,0x00000007e9d80000)
  to   space 2605568K, 0% used [0x00000006b0c00000,0x00000006b0c00000,0x000000074fc80000)
 ParOldGen       total 4093952K, used 876772K [0x0000000080200000, 0x000000017a000000, 0x0000000580100000)
  object space 4093952K, 21% used [0x0000000080200000,0x00000000b5a39150,0x000000017a000000)
 Metaspace       used 21558K, capacity 21951K, committed 22320K, reserved 1069056K
  class space    used 1928K, capacity 2074K, committed 2176K, reserved 1048576K
}
Event: 1728.743 GC heap before
{Heap before GC invocations=91 (full 8):
 PSYoungGen      total 7516160K, used 6418792K [0x0000000580100000, 0x00000007f0580000, 0x0000000800000000)
  eden space 4992000K, 100% used [0x0000000580100000,0x00000006b0c00000,0x00000006b0c00000)
  from space 2524160K, 56% used [0x000000074fc80000,0x00000007a6dda1d0,0x00000007e9d80000)
  to   space 2605568K, 0% used [0x00000006b0c00000,0x00000006b0c00000,0x000000074fc80000)
 ParOldGen       total 4093952K, used 876772K [0x0000000080200000, 0x000000017a000000, 0x0000000580100000)
  object space 4093952K, 21% used [0x0000000080200000,0x00000000b5a39150,0x000000017a000000)
 Metaspace       used 21558K, capacity 21951K, committed 22320K, reserved 1069056K
  class space    used 1928K, capacity 2074K, committed 2176K, reserved 1048576K
}
Event: 1728.774 GC heap after
{Heap after GC invocations=91 (full 8):
 PSYoungGen      total 7597568K, used 176584K [0x0000000580100000, 0x00000007fb880000, 0x0000000800000000)
  eden space 4992000K, 0% used [0x0000000580100000,0x0000000580100000,0x00000006b0c00000)
  from space 2605568K, 6% used [0x00000006b0c00000,0x00000006bb872310,0x000000074fc80000)
  to   space 2528256K, 0% used [0x0000000761380000,0x0000000761380000,0x00000007fb880000)
 ParOldGen       total 4093952K, used 876780K [0x0000000080200000, 0x000000017a000000, 0x0000000580100000)
  object space 4093952K, 21% used [0x0000000080200000,0x00000000b5a3b150,0x000000017a000000)
 Metaspace       used 21558K, capacity 21951K, committed 22320K, reserved 1069056K
  class space    used 1928K, capacity 2074K, committed 2176K, reserved 1048576K
}
Event: 1730.493 GC heap before
{Heap before GC invocations=92 (full 8):
 PSYoungGen      total 7597568K, used 5168584K [0x0000000580100000, 0x00000007fb880000, 0x0000000800000000)
  eden space 4992000K, 100% used [0x0000000580100000,0x00000006b0c00000,0x00000006b0c00000)
  from space 2605568K, 6% used [0x00000006b0c00000,0x00000006bb872310,0x000000074fc80000)
  to   space 2528256K, 0% used [0x0000000761380000,0x0000000761380000,0x00000007fb880000)
 ParOldGen       total 4093952K, used 876780K [0x0000000080200000, 0x000000017a000000, 0x0000000580100000)
  object space 4093952K, 21% used [0x0000000080200000,0x00000000b5a3b150,0x000000017a000000)
 Metaspace       used 21558K, capacity 21951K, committed 22320K, reserved 1069056K
  class space    used 1928K, capacity 2074K, committed 2176K, reserved 1048576K
}
Event: 1730.608 GC heap after
{Heap after GC invocations=92 (full 8):
 PSYoungGen      total 7516672K, used 725176K [0x0000000580100000, 0x00000007e5680000, 0x0000000800000000)
  eden space 5350912K, 0% used [0x0000000580100000,0x0000000580100000,0x00000006c6a80000)
  from space 2165760K, 33% used [0x0000000761380000,0x000000078d7ae040,0x00000007e5680000)
  to   space 2349056K, 0% used [0x00000006c6a80000,0x00000006c6a80000,0x0000000756080000)
 ParOldGen       total 4093952K, used 876780K [0x0000000080200000, 0x000000017a000000, 0x0000000580100000)
  object space 4093952K, 21% used [0x0000000080200000,0x00000000b5a3b150,0x000000017a000000)
 Metaspace       used 21558K, capacity 21951K, committed 22320K, reserved 1069056K
  class space    used 1928K, capacity 2074K, committed 2176K, reserved 1048576K
}
Event: 1732.414 GC heap before
{Heap before GC invocations=93 (full 8):
 PSYoungGen      total 7516672K, used 6076088K [0x0000000580100000, 0x00000007e5680000, 0x0000000800000000)
  eden space 5350912K, 100% used [0x0000000580100000,0x00000006c6a80000,0x00000006c6a80000)
  from space 2165760K, 33% used [0x0000000761380000,0x000000078d7ae040,0x00000007e5680000)
  to   space 2349056K, 0% used [0x00000006c6a80000,0x00000006c6a80000,0x0000000756080000)
 ParOldGen       total 4093952K, used 876780K [0x0000000080200000, 0x000000017a000000, 0x0000000580100000)
  object space 4093952K, 21% used [0x0000000080200000,0x00000000b5a3b150,0x000000017a000000)
 Metaspace       used 21558K, capacity 21951K, committed 22320K, reserved 1069056K
  class space    used 1928K, capacity 2074K, committed 2176K, reserved 1048576K
}
Event: 1732.598 GC heap after
{Heap after GC invocations=93 (full 8):
 PSYoungGen      total 7699968K, used 1303629K [0x0000000580100000, 0x0000000800000000, 0x0000000800000000)
  eden space 5350912K, 0% used [0x0000000580100000,0x0000000580100000,0x00000006c6a80000)
  from space 2349056K, 55% used [0x00000006c6a80000,0x0000000716393430,0x0000000756080000)
  to   space 2399744K, 0% used [0x000000076d880000,0x000000076d880000,0x0000000800000000)
 ParOldGen       total 4093952K, used 876780K [0x0000000080200000, 0x000000017a000000, 0x0000000580100000)
  object space 4093952K, 21% used [0x0000000080200000,0x00000000b5a3b150,0x000000017a000000)
 Metaspace       used 21558K, capacity 21951K, committed 22320K, reserved 1069056K
  class space    used 1928K, capacity 2074K, committed 2176K, reserved 1048576K
}
Event: 1734.382 GC heap before
{Heap before GC invocations=94 (full 8):
 PSYoungGen      total 7699968K, used 6654541K [0x0000000580100000, 0x0000000800000000, 0x0000000800000000)
  eden space 5350912K, 100% used [0x0000000580100000,0x00000006c6a80000,0x00000006c6a80000)
  from space 2349056K, 55% used [0x00000006c6a80000,0x0000000716393430,0x0000000756080000)
  to   space 2399744K, 0% used [0x000000076d880000,0x000000076d880000,0x0000000800000000)
 ParOldGen       total 4093952K, used 876780K [0x0000000080200000, 0x000000017a000000, 0x0000000580100000)
  object space 4093952K, 21% used [0x0000000080200000,0x00000000b5a3b150,0x000000017a000000)
 Metaspace       used 21558K, capacity 21951K, committed 22320K, reserved 1069056K
  class space    used 1928K, capacity 2074K, committed 2176K, reserved 1048576K
}
Event: 1734.682 GC heap after
{Heap after GC invocations=94 (full 8):
 PSYoungGen      total 7571968K, used 1915347K [0x0000000580100000, 0x0000000800000000, 0x0000000800000000)
  eden space 5172224K, 0% used [0x0000000580100000,0x0000000580100000,0x00000006bbc00000)
  from space 2399744K, 79% used [0x000000076d880000,0x00000007e26f4e28,0x0000000800000000)
  to   space 2656256K, 0% used [0x00000006bbc00000,0x00000006bbc00000,0x000000075de00000)
 ParOldGen       total 4093952K, used 876788K [0x0000000080200000, 0x000000017a000000, 0x0000000580100000)
  object space 4093952K, 21% used [0x0000000080200000,0x00000000b5a3d150,0x000000017a000000)
 Metaspace       used 21558K, capacity 21951K, committed 22320K, reserved 1069056K
  class space    used 1928K, capacity 2074K, committed 2176K, reserved 1048576K
}

