# JRE version: OpenJDK Runtime Environment Corretto-11.0.25.9.1 (11.0.25+9) (build 11.0.25+9-LTS)
# Java VM: OpenJDK 64-Bit Server VM Corretto-11.0.25.9.1 (11.0.25+9-LTS, mixed mode, tiered, compressed oops, parallel gc, windows-amd64)
Heap:
 PSYoungGen      total 8931328K, used 3587577K [0x0000000580100000, 0x0000000800000000, 0x0000000800000000)
  eden space 8030720K, 37% used [0x0000000580100000,0x0000000639e52300,0x000000076a380000)
  from space 900608K, 60% used [0x000000076a380000,0x000000078b5ac3d0,0x00000007a1300000)
  to   space 1048576K, 0% used [0x00000007c0000000,0x00000007c0000000,0x0000000800000000)
 ParOldGen       total 2470912K, used 1395488K [0x0000000080200000, 0x0000000116f00000, 0x0000000580100000)
  object space 2470912K, 56% used [0x0000000080200000,0x00000000d54c8108,0x0000000116f00000)
 Metaspace       used 16343K, capacity 16703K, committed 16896K, reserved 1064960K
  class space    used 1557K, capacity 1694K, committed 1792K, reserved 1048576K
GC Heap History (20 events):
Event: 0.752 GC heap before
{Heap before GC invocations=1 (full 0):
 PSYoungGen      total 610304K, used 523264K [0x0000000580100000, 0x00000005aaa00000, 0x0000000800000000)
  eden space 523264K, 100% used [0x0000000580100000,0x00000005a0000000,0x00000005a0000000)
  from space 87040K, 0% used [0x00000005a5500000,0x00000005a5500000,0x00000005aaa00000)
  to   space 87040K, 0% used [0x00000005a0000000,0x00000005a0000000,0x00000005a5500000)
 ParOldGen       total 1395712K, used 0K [0x0000000080200000, 0x00000000d5500000, 0x0000000580100000)
  object space 1395712K, 0% used [0x0000000080200000,0x0000000080200000,0x00000000d5500000)
 Metaspace       used 8981K, capacity 9253K, committed 9344K, reserved 1058816K
  class space    used 765K, capacity 831K, committed 896K, reserved 1048576K
}
Event: 0.765 GC heap after
{Heap after GC invocations=1 (full 0):
 PSYoungGen      total 610304K, used 47381K [0x0000000580100000, 0x00000005ca900000, 0x0000000800000000)
  eden space 523264K, 0% used [0x0000000580100000,0x0000000580100000,0x00000005a0000000)
  from space 87040K, 54% used [0x00000005a0000000,0x00000005a2e45778,0x00000005a5500000)
  to   space 87040K, 0% used [0x00000005c5400000,0x00000005c5400000,0x00000005ca900000)
 ParOldGen       total 1395712K, used 16K [0x0000000080200000, 0x00000000d5500000, 0x0000000580100000)
  object space 1395712K, 0% used [0x0000000080200000,0x0000000080204000,0x00000000d5500000)
 Metaspace       used 8981K, capacity 9253K, committed 9344K, reserved 1058816K
  class space    used 765K, capacity 831K, committed 896K, reserved 1048576K
}
Event: 0.971 GC heap before
{Heap before GC invocations=2 (full 0):
 PSYoungGen      total 610304K, used 570645K [0x0000000580100000, 0x00000005ca900000, 0x0000000800000000)
  eden space 523264K, 100% used [0x0000000580100000,0x00000005a0000000,0x00000005a0000000)
  from space 87040K, 54% used [0x00000005a0000000,0x00000005a2e45778,0x00000005a5500000)
  to   space 87040K, 0% used [0x00000005c5400000,0x00000005c5400000,0x00000005ca900000)
 ParOldGen       total 1395712K, used 16K [0x0000000080200000, 0x00000000d5500000, 0x0000000580100000)
  object space 1395712K, 0% used [0x0000000080200000,0x0000000080204000,0x00000000d5500000)
 Metaspace       used 8995K, capacity 9253K, committed 9344K, reserved 1058816K
  class space    used 765K, capacity 831K, committed 896K, reserved 1048576K
}
Event: 0.991 GC heap after
{Heap after GC invocations=2 (full 0):
 PSYoungGen      total 1133568K, used 87033K [0x0000000580100000, 0x00000005ca900000, 0x0000000800000000)
  eden space 1046528K, 0% used [0x0000000580100000,0x0000000580100000,0x00000005bff00000)
  from space 87040K, 99% used [0x00000005c5400000,0x00000005ca8fe750,0x00000005ca900000)
  to   space 87040K, 0% used [0x00000005bff00000,0x00000005bff00000,0x00000005c5400000)
 ParOldGen       total 1395712K, used 6448K [0x0000000080200000, 0x00000000d5500000, 0x0000000580100000)
  object space 1395712K, 0% used [0x0000000080200000,0x000000008084c000,0x00000000d5500000)
 Metaspace       used 8995K, capacity 9253K, committed 9344K, reserved 1058816K
  class space    used 765K, capacity 831K, committed 896K, reserved 1048576K
}
Event: 1.410 GC heap before
{Heap before GC invocations=3 (full 0):
 PSYoungGen      total 1133568K, used 1133561K [0x0000000580100000, 0x00000005ca900000, 0x0000000800000000)
  eden space 1046528K, 100% used [0x0000000580100000,0x00000005bff00000,0x00000005bff00000)
  from space 87040K, 99% used [0x00000005c5400000,0x00000005ca8fe750,0x00000005ca900000)
  to   space 87040K, 0% used [0x00000005bff00000,0x00000005bff00000,0x00000005c5400000)
 ParOldGen       total 1395712K, used 6448K [0x0000000080200000, 0x00000000d5500000, 0x0000000580100000)
  object space 1395712K, 0% used [0x0000000080200000,0x000000008084c000,0x00000000d5500000)
 Metaspace       used 8995K, capacity 9253K, committed 9344K, reserved 1058816K
  class space    used 765K, capacity 831K, committed 896K, reserved 1048576K
}
Event: 1.453 GC heap after
{Heap after GC invocations=3 (full 0):
 PSYoungGen      total 1133568K, used 87040K [0x0000000580100000, 0x000000060a700000, 0x0000000800000000)
  eden space 1046528K, 0% used [0x0000000580100000,0x0000000580100000,0x00000005bff00000)
  from space 87040K, 100% used [0x00000005bff00000,0x00000005c5400000,0x00000005c5400000)
  to   space 87040K, 0% used [0x0000000605200000,0x0000000605200000,0x000000060a700000)
 ParOldGen       total 1395712K, used 112719K [0x0000000080200000, 0x00000000d5500000, 0x0000000580100000)
  object space 1395712K, 8% used [0x0000000080200000,0x0000000087013e58,0x00000000d5500000)
 Metaspace       used 8995K, capacity 9253K, committed 9344K, reserved 1058816K
  class space    used 765K, capacity 831K, committed 896K, reserved 1048576K
}
Event: 1.816 GC heap before
{Heap before GC invocations=4 (full 0):
 PSYoungGen      total 1133568K, used 1133568K [0x0000000580100000, 0x000000060a700000, 0x0000000800000000)
  eden space 1046528K, 100% used [0x0000000580100000,0x00000005bff00000,0x00000005bff00000)
  from space 87040K, 100% used [0x00000005bff00000,0x00000005c5400000,0x00000005c5400000)
  to   space 87040K, 0% used [0x0000000605200000,0x0000000605200000,0x000000060a700000)
 ParOldGen       total 1395712K, used 112719K [0x0000000080200000, 0x00000000d5500000, 0x0000000580100000)
  object space 1395712K, 8% used [0x0000000080200000,0x0000000087013e58,0x00000000d5500000)
 Metaspace       used 8995K, capacity 9253K, committed 9344K, reserved 1058816K
  class space    used 765K, capacity 831K, committed 896K, reserved 1048576K
}
Event: 1.871 GC heap after
{Heap after GC invocations=4 (full 0):
 PSYoungGen      total 2180096K, used 87040K [0x0000000580100000, 0x000000060a700000, 0x0000000800000000)
  eden space 2093056K, 0% used [0x0000000580100000,0x0000000580100000,0x00000005ffd00000)
  from space 87040K, 100% used [0x0000000605200000,0x000000060a700000,0x000000060a700000)
  to   space 87040K, 0% used [0x00000005ffd00000,0x00000005ffd00000,0x0000000605200000)
 ParOldGen       total 1395712K, used 222628K [0x0000000080200000, 0x00000000d5500000, 0x0000000580100000)
  object space 1395712K, 15% used [0x0000000080200000,0x000000008db692b8,0x00000000d5500000)
 Metaspace       used 8995K, capacity 9253K, committed 9344K, reserved 1058816K
  class space    used 765K, capacity 831K, committed 896K, reserved 1048576K
}
Event: 2.678 GC heap before
{Heap before GC invocations=5 (full 0):
 PSYoungGen      total 2180096K, used 2180096K [0x0000000580100000, 0x000000060a700000, 0x0000000800000000)
  eden space 2093056K, 100% used [0x0000000580100000,0x00000005ffd00000,0x00000005ffd00000)
  from space 87040K, 100% used [0x0000000605200000,0x000000060a700000,0x000000060a700000)
  to   space 87040K, 0% used [0x00000005ffd00000,0x00000005ffd00000,0x0000000605200000)
 ParOldGen       total 1395712K, used 222628K [0x0000000080200000, 0x00000000d5500000, 0x0000000580100000)
  object space 1395712K, 15% used [0x0000000080200000,0x000000008db692b8,0x00000000d5500000)
 Metaspace       used 8995K, capacity 9253K, committed 9344K, reserved 1058816K
  class space    used 765K, capacity 831K, committed 896K, reserved 1048576K
}
Event: 2.756 GC heap after
{Heap after GC invocations=5 (full 0):
 PSYoungGen      total 2180096K, used 87040K [0x0000000580100000, 0x00000006ac500000, 0x0000000800000000)
  eden space 2093056K, 0% used [0x0000000580100000,0x0000000580100000,0x00000005ffd00000)
  from space 87040K, 100% used [0x00000005ffd00000,0x0000000605200000,0x0000000605200000)
  to   space 366592K, 0% used [0x0000000695f00000,0x0000000695f00000,0x00000006ac500000)
 ParOldGen       total 1395712K, used 462791K [0x0000000080200000, 0x00000000d5500000, 0x0000000580100000)
  object space 1395712K, 33% used [0x0000000080200000,0x000000009c5f1da8,0x00000000d5500000)
 Metaspace       used 8995K, capacity 9253K, committed 9344K, reserved 1058816K
  class space    used 765K, capacity 831K, committed 896K, reserved 1048576K
}
Event: 3.490 GC heap before
{Heap before GC invocations=6 (full 0):
 PSYoungGen      total 2180096K, used 2180096K [0x0000000580100000, 0x00000006ac500000, 0x0000000800000000)
  eden space 2093056K, 100% used [0x0000000580100000,0x00000005ffd00000,0x00000005ffd00000)
  from space 87040K, 100% used [0x00000005ffd00000,0x0000000605200000,0x0000000605200000)
  to   space 366592K, 0% used [0x0000000695f00000,0x0000000695f00000,0x00000006ac500000)
 ParOldGen       total 1395712K, used 462791K [0x0000000080200000, 0x00000000d5500000, 0x0000000580100000)
  object space 1395712K, 33% used [0x0000000080200000,0x000000009c5f1da8,0x00000000d5500000)
 Metaspace       used 8995K, capacity 9253K, committed 9344K, reserved 1058816K
  class space    used 765K, capacity 831K, committed 896K, reserved 1048576K
}
Event: 3.569 GC heap after
{Heap after GC invocations=6 (full 0):
 PSYoungGen      total 4488192K, used 340952K [0x0000000580100000, 0x00000006b4300000, 0x0000000800000000)
  eden space 4121600K, 0% used [0x0000000580100000,0x0000000580100000,0x000000067ba00000)
  from space 366592K, 93% used [0x0000000695f00000,0x00000006aabf6040,0x00000006ac500000)
  to   space 431104K, 0% used [0x000000067ba00000,0x000000067ba00000,0x0000000695f00000)
 ParOldGen       total 1395712K, used 462791K [0x0000000080200000, 0x00000000d5500000, 0x0000000580100000)
  object space 1395712K, 33% used [0x0000000080200000,0x000000009c5f1da8,0x00000000d5500000)
 Metaspace       used 8995K, capacity 9253K, committed 9344K, reserved 1058816K
  class space    used 765K, capacity 831K, committed 896K, reserved 1048576K
}
Event: 5.200 GC heap before
{Heap before GC invocations=7 (full 0):
 PSYoungGen      total 4488192K, used 4462552K [0x0000000580100000, 0x00000006b4300000, 0x0000000800000000)
  eden space 4121600K, 100% used [0x0000000580100000,0x000000067ba00000,0x000000067ba00000)
  from space 366592K, 93% used [0x0000000695f00000,0x00000006aabf6040,0x00000006ac500000)
  to   space 431104K, 0% used [0x000000067ba00000,0x000000067ba00000,0x0000000695f00000)
 ParOldGen       total 1395712K, used 462791K [0x0000000080200000, 0x00000000d5500000, 0x0000000580100000)
  object space 1395712K, 33% used [0x0000000080200000,0x000000009c5f1da8,0x00000000d5500000)
 Metaspace       used 8995K, capacity 9253K, committed 9344K, reserved 1058816K
  class space    used 765K, capacity 831K, committed 896K, reserved 1048576K
}
Event: 5.373 GC heap after
{Heap after GC invocations=7 (full 0):
 PSYoungGen      total 4552704K, used 431104K [0x0000000580100000, 0x00000007cb300000, 0x0000000800000000)
  eden space 4121600K, 0% used [0x0000000580100000,0x0000000580100000,0x000000067ba00000)
  from space 431104K, 100% used [0x000000067ba00000,0x0000000695f00000,0x0000000695f00000)
  to   space 688128K, 0% used [0x00000007a1300000,0x00000007a1300000,0x00000007cb300000)
 ParOldGen       total 1395712K, used 807779K [0x0000000080200000, 0x00000000d5500000, 0x0000000580100000)
  object space 1395712K, 57% used [0x0000000080200000,0x00000000b16d8dd8,0x00000000d5500000)
 Metaspace       used 8995K, capacity 9253K, committed 9344K, reserved 1058816K
  class space    used 765K, capacity 831K, committed 896K, reserved 1048576K
}
Event: 6.811 GC heap before
{Heap before GC invocations=8 (full 0):
 PSYoungGen      total 4552704K, used 4552704K [0x0000000580100000, 0x00000007cb300000, 0x0000000800000000)
  eden space 4121600K, 100% used [0x0000000580100000,0x000000067ba00000,0x000000067ba00000)
  from space 431104K, 100% used [0x000000067ba00000,0x0000000695f00000,0x0000000695f00000)
  to   space 688128K, 0% used [0x00000007a1300000,0x00000007a1300000,0x00000007cb300000)
 ParOldGen       total 1395712K, used 807779K [0x0000000080200000, 0x00000000d5500000, 0x0000000580100000)
  object space 1395712K, 57% used [0x0000000080200000,0x00000000b16d8dd8,0x00000000d5500000)
 Metaspace       used 8995K, capacity 9253K, committed 9344K, reserved 1058816K
  class space    used 765K, capacity 831K, committed 896K, reserved 1048576K
}
Event: 7.047 GC heap after
{Heap after GC invocations=8 (full 0):
 PSYoungGen      total 8718848K, used 688123K [0x0000000580100000, 0x00000007e5200000, 0x0000000800000000)
  eden space 8030720K, 0% used [0x0000000580100000,0x0000000580100000,0x000000076a380000)
  from space 688128K, 99% used [0x00000007a1300000,0x00000007cb2fec18,0x00000007cb300000)
  to   space 900608K, 0% used [0x000000076a380000,0x000000076a380000,0x00000007a1300000)
 ParOldGen       total 1395712K, used 997966K [0x0000000080200000, 0x00000000d5500000, 0x0000000580100000)
  object space 1395712K, 71% used [0x0000000080200000,0x00000000bd0939e0,0x00000000d5500000)
 Metaspace       used 8995K, capacity 9253K, committed 9344K, reserved 1058816K
  class space    used 765K, capacity 831K, committed 896K, reserved 1048576K
}
Event: 8.639 GC heap before
{Heap before GC invocations=9 (full 0):
 PSYoungGen      total 8718848K, used 8718843K [0x0000000580100000, 0x00000007e5200000, 0x0000000800000000)
  eden space 8030720K, 100% used [0x0000000580100000,0x000000076a380000,0x000000076a380000)
  from space 688128K, 99% used [0x00000007a1300000,0x00000007cb2fec18,0x00000007cb300000)
  to   space 900608K, 0% used [0x000000076a380000,0x000000076a380000,0x00000007a1300000)
 ParOldGen       total 1395712K, used 997966K [0x0000000080200000, 0x00000000d5500000, 0x0000000580100000)
  object space 1395712K, 71% used [0x0000000080200000,0x00000000bd0939e0,0x00000000d5500000)
 Metaspace       used 16017K, capacity 16353K, committed 16640K, reserved 1064960K
  class space    used 1529K, capacity 1684K, committed 1792K, reserved 1048576K
}
Event: 8.871 GC heap after
{Heap after GC invocations=9 (full 0):
 PSYoungGen      total 8931328K, used 867842K [0x0000000580100000, 0x0000000800000000, 0x0000000800000000)
  eden space 8030720K, 0% used [0x0000000580100000,0x0000000580100000,0x000000076a380000)
  from space 900608K, 96% used [0x000000076a380000,0x000000079f300a38,0x00000007a1300000)
  to   space 1048576K, 0% used [0x00000007c0000000,0x00000007c0000000,0x0000000800000000)
 ParOldGen       total 1395712K, used 1134990K [0x0000000080200000, 0x00000000d5500000, 0x0000000580100000)
  object space 1395712K, 81% used [0x0000000080200000,0x00000000c56639e0,0x00000000d5500000)
 Metaspace       used 16017K, capacity 16353K, committed 16640K, reserved 1064960K
  class space    used 1529K, capacity 1684K, committed 1792K, reserved 1048576K
}
Event: 8.871 GC heap before
{Heap before GC invocations=10 (full 1):
 PSYoungGen      total 8931328K, used 867842K [0x0000000580100000, 0x0000000800000000, 0x0000000800000000)
  eden space 8030720K, 0% used [0x0000000580100000,0x0000000580100000,0x000000076a380000)
  from space 900608K, 96% used [0x000000076a380000,0x000000079f300a38,0x00000007a1300000)
  to   space 1048576K, 0% used [0x00000007c0000000,0x00000007c0000000,0x0000000800000000)
 ParOldGen       total 1395712K, used 1134990K [0x0000000080200000, 0x00000000d5500000, 0x0000000580100000)
  object space 1395712K, 81% used [0x0000000080200000,0x00000000c56639e0,0x00000000d5500000)
 Metaspace       used 16017K, capacity 16353K, committed 16640K, reserved 1064960K
  class space    used 1529K, capacity 1684K, committed 1792K, reserved 1048576K
}
Event: 9.584 GC heap after
{Heap after GC invocations=10 (full 1):
 PSYoungGen      total 8931328K, used 542896K [0x0000000580100000, 0x0000000800000000, 0x0000000800000000)
  eden space 8030720K, 0% used [0x0000000580100000,0x0000000580100000,0x000000076a380000)
  from space 900608K, 60% used [0x000000076a380000,0x000000078b5ac3d0,0x00000007a1300000)
  to   space 1048576K, 0% used [0x00000007c0000000,0x00000007c0000000,0x0000000800000000)
 ParOldGen       total 2470912K, used 1395488K [0x0000000080200000, 0x0000000116f00000, 0x0000000580100000)
  object space 2470912K, 56% used [0x0000000080200000,0x00000000d54c8108,0x0000000116f00000)
 Metaspace       used 16017K, capacity 16353K, committed 16640K, reserved 1064960K
  class space    used 1529K, capacity 1684K, committed 1792K, reserved 1048576K
}

