# JRE version: OpenJDK Runtime Environment Corretto-11.0.25.9.1 (11.0.25+9) (build 11.0.25+9-LTS)
# Java VM: OpenJDK 64-Bit Server VM Corretto-11.0.25.9.1 (11.0.25+9-LTS, mixed mode, tiered, compressed oops, parallel gc, windows-amd64)
Heap:
 PSYoungGen      total 9837568K, used 2203339K [0x0000000580100000, 0x0000000800000000, 0x0000000800000000)
  eden space 9190400K, 23% used [0x0000000580100000,0x00000006068aaf20,0x00000007b1000000)
  from space 647168K, 0% used [0x00000007b1000000,0x00000007b1008000,0x00000007d8800000)
  to   space 646144K, 0% used [0x00000007d8900000,0x00000007d8900000,0x0000000800000000)
 ParOldGen       total 10741248K, used 7215672K [0x0000000080200000, 0x000000030fb80000, 0x0000000580100000)
  object space 10741248K, 67% used [0x0000000080200000,0x000000023888e0a8,0x000000030fb80000)
 Metaspace       used 21359K, capacity 21534K, committed 22064K, reserved 1069056K
  class space    used 1900K, capacity 1980K, committed 2176K, reserved 1048576K
GC Heap History (20 events):
Event: 62716.751 GC heap before
{Heap before GC invocations=488 (full 6):
 PSYoungGen      total 9697792K, used 9697407K [0x0000000580100000, 0x0000000800000000, 0x0000000800000000)
  eden space 9397248K, 100% used [0x0000000580100000,0x00000007bda00000,0x00000007bda00000)
  from space 300544K, 99% used [0x00000007bda00000,0x00000007cff1fe78,0x00000007cff80000)
  to   space 556544K, 0% used [0x00000007de080000,0x00000007de080000,0x0000000800000000)
 ParOldGen       total 10741248K, used 6912524K [0x0000000080200000, 0x000000030fb80000, 0x0000000580100000)
  object space 10741248K, 64% used [0x0000000080200000,0x00000002260830f0,0x000000030fb80000)
 Metaspace       used 21359K, capacity 21534K, committed 22064K, reserved 1069056K
  class space    used 1900K, capacity 1980K, committed 2176K, reserved 1048576K
}
Event: 62716.780 GC heap after
{Heap after GC invocations=488 (full 6):
 PSYoungGen      total 9901568K, used 266975K [0x0000000580100000, 0x0000000800000000, 0x0000000800000000)
  eden space 9345024K, 0% used [0x0000000580100000,0x0000000580100000,0x00000007ba700000)
  from space 556544K, 47% used [0x00000007de080000,0x00000007ee537e78,0x0000000800000000)
  to   space 569856K, 0% used [0x00000007ba700000,0x00000007ba700000,0x00000007dd380000)
 ParOldGen       total 10741248K, used 6946034K [0x0000000080200000, 0x000000030fb80000, 0x0000000580100000)
  object space 10741248K, 64% used [0x0000000080200000,0x000000022813cb38,0x000000030fb80000)
 Metaspace       used 21359K, capacity 21534K, committed 22064K, reserved 1069056K
  class space    used 1900K, capacity 1980K, committed 2176K, reserved 1048576K
}
Event: 62721.597 GC heap before
{Heap before GC invocations=489 (full 6):
 PSYoungGen      total 9901568K, used 9611999K [0x0000000580100000, 0x0000000800000000, 0x0000000800000000)
  eden space 9345024K, 100% used [0x0000000580100000,0x00000007ba700000,0x00000007ba700000)
  from space 556544K, 47% used [0x00000007de080000,0x00000007ee537e78,0x0000000800000000)
  to   space 569856K, 0% used [0x00000007ba700000,0x00000007ba700000,0x00000007dd380000)
 ParOldGen       total 10741248K, used 6946034K [0x0000000080200000, 0x000000030fb80000, 0x0000000580100000)
  object space 10741248K, 64% used [0x0000000080200000,0x000000022813cb38,0x000000030fb80000)
 Metaspace       used 21359K, capacity 21534K, committed 22064K, reserved 1069056K
  class space    used 1900K, capacity 1980K, committed 2176K, reserved 1048576K
}
Event: 62721.623 GC heap after
{Heap after GC invocations=489 (full 6):
 PSYoungGen      total 9578496K, used 233439K [0x0000000580100000, 0x0000000800000000, 0x0000000800000000)
  eden space 9345024K, 0% used [0x0000000580100000,0x0000000580100000,0x00000007ba700000)
  from space 233472K, 99% used [0x00000007ba700000,0x00000007c8af7e78,0x00000007c8b00000)
  to   space 583680K, 0% used [0x00000007dc600000,0x00000007dc600000,0x0000000800000000)
 ParOldGen       total 10741248K, used 6979955K [0x0000000080200000, 0x000000030fb80000, 0x0000000580100000)
  object space 10741248K, 64% used [0x0000000080200000,0x000000022a25ced0,0x000000030fb80000)
 Metaspace       used 21359K, capacity 21534K, committed 22064K, reserved 1069056K
  class space    used 1900K, capacity 1980K, committed 2176K, reserved 1048576K
}
Event: 62726.453 GC heap before
{Heap before GC invocations=490 (full 6):
 PSYoungGen      total 9578496K, used 9578463K [0x0000000580100000, 0x0000000800000000, 0x0000000800000000)
  eden space 9345024K, 100% used [0x0000000580100000,0x00000007ba700000,0x00000007ba700000)
  from space 233472K, 99% used [0x00000007ba700000,0x00000007c8af7e78,0x00000007c8b00000)
  to   space 583680K, 0% used [0x00000007dc600000,0x00000007dc600000,0x0000000800000000)
 ParOldGen       total 10741248K, used 6979955K [0x0000000080200000, 0x000000030fb80000, 0x0000000580100000)
  object space 10741248K, 64% used [0x0000000080200000,0x000000022a25ced0,0x000000030fb80000)
 Metaspace       used 21359K, capacity 21534K, committed 22064K, reserved 1069056K
  class space    used 1900K, capacity 1980K, committed 2176K, reserved 1048576K
}
Event: 62726.476 GC heap after
{Heap after GC invocations=490 (full 6):
 PSYoungGen      total 9874432K, used 200319K [0x0000000580100000, 0x0000000800000000, 0x0000000800000000)
  eden space 9290752K, 0% used [0x0000000580100000,0x0000000580100000,0x00000007b7200000)
  from space 583680K, 34% used [0x00000007dc600000,0x00000007e899fe78,0x0000000800000000)
  to   space 596992K, 0% used [0x00000007b7200000,0x00000007b7200000,0x00000007db900000)
 ParOldGen       total 10741248K, used 7013599K [0x0000000080200000, 0x000000030fb80000, 0x0000000580100000)
  object space 10741248K, 65% used [0x0000000080200000,0x000000022c337ea8,0x000000030fb80000)
 Metaspace       used 21359K, capacity 21534K, committed 22064K, reserved 1069056K
  class space    used 1900K, capacity 1980K, committed 2176K, reserved 1048576K
}
Event: 62731.296 GC heap before
{Heap before GC invocations=491 (full 6):
 PSYoungGen      total 9874432K, used 9491071K [0x0000000580100000, 0x0000000800000000, 0x0000000800000000)
  eden space 9290752K, 100% used [0x0000000580100000,0x00000007b7200000,0x00000007b7200000)
  from space 583680K, 34% used [0x00000007dc600000,0x00000007e899fe78,0x0000000800000000)
  to   space 596992K, 0% used [0x00000007b7200000,0x00000007b7200000,0x00000007db900000)
 ParOldGen       total 10741248K, used 7013599K [0x0000000080200000, 0x000000030fb80000, 0x0000000580100000)
  object space 10741248K, 65% used [0x0000000080200000,0x000000022c337ea8,0x000000030fb80000)
 Metaspace       used 21359K, capacity 21534K, committed 22064K, reserved 1069056K
  class space    used 1900K, capacity 1980K, committed 2176K, reserved 1048576K
}
Event: 62731.316 GC heap after
{Heap after GC invocations=491 (full 6):
 PSYoungGen      total 9458176K, used 167359K [0x0000000580100000, 0x0000000800000000, 0x0000000800000000)
  eden space 9290752K, 0% used [0x0000000580100000,0x0000000580100000,0x00000007b7200000)
  from space 167424K, 99% used [0x00000007b7200000,0x00000007c156ff80,0x00000007c1580000)
  to   space 609280K, 0% used [0x00000007dad00000,0x00000007dad00000,0x0000000800000000)
 ParOldGen       total 10741248K, used 7046843K [0x0000000080200000, 0x000000030fb80000, 0x0000000580100000)
  object space 10741248K, 65% used [0x0000000080200000,0x000000022e3aec38,0x000000030fb80000)
 Metaspace       used 21359K, capacity 21534K, committed 22064K, reserved 1069056K
  class space    used 1900K, capacity 1980K, committed 2176K, reserved 1048576K
}
Event: 62736.116 GC heap before
{Heap before GC invocations=492 (full 6):
 PSYoungGen      total 9458176K, used 9458111K [0x0000000580100000, 0x0000000800000000, 0x0000000800000000)
  eden space 9290752K, 100% used [0x0000000580100000,0x00000007b7200000,0x00000007b7200000)
  from space 167424K, 99% used [0x00000007b7200000,0x00000007c156ff80,0x00000007c1580000)
  to   space 609280K, 0% used [0x00000007dad00000,0x00000007dad00000,0x0000000800000000)
 ParOldGen       total 10741248K, used 7046843K [0x0000000080200000, 0x000000030fb80000, 0x0000000580100000)
  object space 10741248K, 65% used [0x0000000080200000,0x000000022e3aec38,0x000000030fb80000)
 Metaspace       used 21359K, capacity 21534K, committed 22064K, reserved 1069056K
  class space    used 1900K, capacity 1980K, committed 2176K, reserved 1048576K
}
Event: 62736.133 GC heap after
{Heap after GC invocations=492 (full 6):
 PSYoungGen      total 9853952K, used 136352K [0x0000000580100000, 0x0000000800000000, 0x0000000800000000)
  eden space 9244672K, 0% used [0x0000000580100000,0x0000000580100000,0x00000007b4500000)
  from space 609280K, 22% used [0x00000007dad00000,0x00000007e3228000,0x0000000800000000)
  to   space 620032K, 0% used [0x00000007b4500000,0x00000007b4500000,0x00000007da280000)
 ParOldGen       total 10741248K, used 7078177K [0x0000000080200000, 0x000000030fb80000, 0x0000000580100000)
  object space 10741248K, 65% used [0x0000000080200000,0x0000000230248700,0x000000030fb80000)
 Metaspace       used 21359K, capacity 21534K, committed 22064K, reserved 1069056K
  class space    used 1900K, capacity 1980K, committed 2176K, reserved 1048576K
}
Event: 62740.912 GC heap before
{Heap before GC invocations=493 (full 6):
 PSYoungGen      total 9853952K, used 9381024K [0x0000000580100000, 0x0000000800000000, 0x0000000800000000)
  eden space 9244672K, 100% used [0x0000000580100000,0x00000007b4500000,0x00000007b4500000)
  from space 609280K, 22% used [0x00000007dad00000,0x00000007e3228000,0x0000000800000000)
  to   space 620032K, 0% used [0x00000007b4500000,0x00000007b4500000,0x00000007da280000)
 ParOldGen       total 10741248K, used 7078177K [0x0000000080200000, 0x000000030fb80000, 0x0000000580100000)
  object space 10741248K, 65% used [0x0000000080200000,0x0000000230248700,0x000000030fb80000)
 Metaspace       used 21359K, capacity 21534K, committed 22064K, reserved 1069056K
  class space    used 1900K, capacity 1980K, committed 2176K, reserved 1048576K
}
Event: 62740.927 GC heap after
{Heap after GC invocations=493 (full 6):
 PSYoungGen      total 9351680K, used 106784K [0x0000000580100000, 0x0000000800000000, 0x0000000800000000)
  eden space 9244672K, 0% used [0x0000000580100000,0x0000000580100000,0x00000007b4500000)
  from space 107008K, 99% used [0x00000007b4500000,0x00000007bad48000,0x00000007bad80000)
  to   space 628736K, 0% used [0x00000007d9a00000,0x00000007d9a00000,0x0000000800000000)
 ParOldGen       total 10741248K, used 7108041K [0x0000000080200000, 0x000000030fb80000, 0x0000000580100000)
  object space 10741248K, 66% used [0x0000000080200000,0x0000000231f726b0,0x000000030fb80000)
 Metaspace       used 21359K, capacity 21534K, committed 22064K, reserved 1069056K
  class space    used 1900K, capacity 1980K, committed 2176K, reserved 1048576K
}
Event: 62745.747 GC heap before
{Heap before GC invocations=494 (full 6):
 PSYoungGen      total 9351680K, used 9351456K [0x0000000580100000, 0x0000000800000000, 0x0000000800000000)
  eden space 9244672K, 100% used [0x0000000580100000,0x00000007b4500000,0x00000007b4500000)
  from space 107008K, 99% used [0x00000007b4500000,0x00000007bad48000,0x00000007bad80000)
  to   space 628736K, 0% used [0x00000007d9a00000,0x00000007d9a00000,0x0000000800000000)
 ParOldGen       total 10741248K, used 7108041K [0x0000000080200000, 0x000000030fb80000, 0x0000000580100000)
  object space 10741248K, 66% used [0x0000000080200000,0x0000000231f726b0,0x000000030fb80000)
 Metaspace       used 21359K, capacity 21534K, committed 22064K, reserved 1069056K
  class space    used 1900K, capacity 1980K, committed 2176K, reserved 1048576K
}
Event: 62745.762 GC heap after
{Heap after GC invocations=494 (full 6):
 PSYoungGen      total 9841664K, used 75824K [0x0000000580100000, 0x0000000800000000, 0x0000000800000000)
  eden space 9212928K, 0% used [0x0000000580100000,0x0000000580100000,0x00000007b2600000)
  from space 628736K, 12% used [0x00000007d9a00000,0x00000007de40c010,0x0000000800000000)
  to   space 635904K, 0% used [0x00000007b2600000,0x00000007b2600000,0x00000007d9300000)
 ParOldGen       total 10741248K, used 7139323K [0x0000000080200000, 0x000000030fb80000, 0x0000000580100000)
  object space 10741248K, 66% used [0x0000000080200000,0x0000000233dfeeb0,0x000000030fb80000)
 Metaspace       used 21359K, capacity 21534K, committed 22064K, reserved 1069056K
  class space    used 1900K, capacity 1980K, committed 2176K, reserved 1048576K
}
Event: 62750.583 GC heap before
{Heap before GC invocations=495 (full 6):
 PSYoungGen      total 9841664K, used 9288752K [0x0000000580100000, 0x0000000800000000, 0x0000000800000000)
  eden space 9212928K, 100% used [0x0000000580100000,0x00000007b2600000,0x00000007b2600000)
  from space 628736K, 12% used [0x00000007d9a00000,0x00000007de40c010,0x0000000800000000)
  to   space 635904K, 0% used [0x00000007b2600000,0x00000007b2600000,0x00000007d9300000)
 ParOldGen       total 10741248K, used 7139323K [0x0000000080200000, 0x000000030fb80000, 0x0000000580100000)
  object space 10741248K, 66% used [0x0000000080200000,0x0000000233dfeeb0,0x000000030fb80000)
 Metaspace       used 21359K, capacity 21534K, committed 22064K, reserved 1069056K
  class space    used 1900K, capacity 1980K, committed 2176K, reserved 1048576K
}
Event: 62750.597 GC heap after
{Heap after GC invocations=495 (full 6):
 PSYoungGen      total 9255424K, used 42000K [0x0000000580100000, 0x0000000800000000, 0x0000000800000000)
  eden space 9212928K, 0% used [0x0000000580100000,0x0000000580100000,0x00000007b2600000)
  from space 42496K, 98% used [0x00000007b2600000,0x00000007b4f04010,0x00000007b4f80000)
  to   space 642048K, 0% used [0x00000007d8d00000,0x00000007d8d00000,0x0000000800000000)
 ParOldGen       total 10741248K, used 7173543K [0x0000000080200000, 0x000000030fb80000, 0x0000000580100000)
  object space 10741248K, 66% used [0x0000000080200000,0x0000000235f69c88,0x000000030fb80000)
 Metaspace       used 21359K, capacity 21534K, committed 22064K, reserved 1069056K
  class space    used 1900K, capacity 1980K, committed 2176K, reserved 1048576K
}
Event: 62755.348 GC heap before
{Heap before GC invocations=496 (full 6):
 PSYoungGen      total 9255424K, used 9254928K [0x0000000580100000, 0x0000000800000000, 0x0000000800000000)
  eden space 9212928K, 100% used [0x0000000580100000,0x00000007b2600000,0x00000007b2600000)
  from space 42496K, 98% used [0x00000007b2600000,0x00000007b4f04010,0x00000007b4f80000)
  to   space 642048K, 0% used [0x00000007d8d00000,0x00000007d8d00000,0x0000000800000000)
 ParOldGen       total 10741248K, used 7173543K [0x0000000080200000, 0x000000030fb80000, 0x0000000580100000)
  object space 10741248K, 66% used [0x0000000080200000,0x0000000235f69c88,0x000000030fb80000)
 Metaspace       used 21359K, capacity 21534K, committed 22064K, reserved 1069056K
  class space    used 1900K, capacity 1980K, committed 2176K, reserved 1048576K
}
Event: 62755.361 GC heap after
{Heap after GC invocations=496 (full 6):
 PSYoungGen      total 9832448K, used 5632K [0x0000000580100000, 0x0000000800000000, 0x0000000800000000)
  eden space 9190400K, 0% used [0x0000000580100000,0x0000000580100000,0x00000007b1000000)
  from space 642048K, 0% used [0x00000007d8d00000,0x00000007d9280000,0x0000000800000000)
  to   space 647168K, 0% used [0x00000007b1000000,0x00000007b1000000,0x00000007d8800000)
 ParOldGen       total 10741248K, used 7210101K [0x0000000080200000, 0x000000030fb80000, 0x0000000580100000)
  object space 10741248K, 67% used [0x0000000080200000,0x000000023831d468,0x000000030fb80000)
 Metaspace       used 21359K, capacity 21534K, committed 22064K, reserved 1069056K
  class space    used 1900K, capacity 1980K, committed 2176K, reserved 1048576K
}
Event: 62760.151 GC heap before
{Heap before GC invocations=497 (full 6):
 PSYoungGen      total 9832448K, used 9196032K [0x0000000580100000, 0x0000000800000000, 0x0000000800000000)
  eden space 9190400K, 100% used [0x0000000580100000,0x00000007b1000000,0x00000007b1000000)
  from space 642048K, 0% used [0x00000007d8d00000,0x00000007d9280000,0x0000000800000000)
  to   space 647168K, 0% used [0x00000007b1000000,0x00000007b1000000,0x00000007d8800000)
 ParOldGen       total 10741248K, used 7210101K [0x0000000080200000, 0x000000030fb80000, 0x0000000580100000)
  object space 10741248K, 67% used [0x0000000080200000,0x000000023831d468,0x000000030fb80000)
 Metaspace       used 21359K, capacity 21534K, committed 22064K, reserved 1069056K
  class space    used 1900K, capacity 1980K, committed 2176K, reserved 1048576K
}
Event: 62760.157 GC heap after
{Heap after GC invocations=497 (full 6):
 PSYoungGen      total 9837568K, used 32K [0x0000000580100000, 0x0000000800000000, 0x0000000800000000)
  eden space 9190400K, 0% used [0x0000000580100000,0x0000000580100000,0x00000007b1000000)
  from space 647168K, 0% used [0x00000007b1000000,0x00000007b1008000,0x00000007d8800000)
  to   space 646144K, 0% used [0x00000007d8900000,0x00000007d8900000,0x0000000800000000)
 ParOldGen       total 10741248K, used 7215672K [0x0000000080200000, 0x000000030fb80000, 0x0000000580100000)
  object space 10741248K, 67% used [0x0000000080200000,0x000000023888e0a8,0x000000030fb80000)
 Metaspace       used 21359K, capacity 21534K, committed 22064K, reserved 1069056K
  class space    used 1900K, capacity 1980K, committed 2176K, reserved 1048576K
}

