# JRE version: OpenJDK Runtime Environment Corretto-11.0.25.9.1 (11.0.25+9) (build 11.0.25+9-LTS)
# Java VM: OpenJDK 64-Bit Server VM Corretto-11.0.25.9.1 (11.0.25+9-LTS, mixed mode, tiered, compressed oops, parallel gc, windows-amd64)
Heap:
 PSYoungGen      total 8952320K, used 3908528K [0x0000000580100000, 0x0000000800000000, 0x0000000800000000)
  eden space 8041472K, 39% used [0x0000000580100000,0x00000006441b3608,0x000000076ae00000)
  from space 910848K, 76% used [0x000000076ae00000,0x0000000795638a48,0x00000007a2780000)
  to   space 986112K, 0% used [0x00000007c3d00000,0x00000007c3d00000,0x0000000800000000)
 ParOldGen       total 2545664K, used 1472393K [0x0000000080200000, 0x000000011b800000, 0x0000000580100000)
  object space 2545664K, 57% used [0x0000000080200000,0x00000000d9fe2648,0x000000011b800000)
 Metaspace       used 15959K, capacity 16273K, committed 16512K, reserved 1064960K
  class space    used 1538K, capacity 1659K, committed 1664K, reserved 1048576K
GC Heap History (20 events):
Event: 0.850 GC heap before
{Heap before GC invocations=1 (full 0):
 PSYoungGen      total 610304K, used 523264K [0x0000000580100000, 0x00000005aaa00000, 0x0000000800000000)
  eden space 523264K, 100% used [0x0000000580100000,0x00000005a0000000,0x00000005a0000000)
  from space 87040K, 0% used [0x00000005a5500000,0x00000005a5500000,0x00000005aaa00000)
  to   space 87040K, 0% used [0x00000005a0000000,0x00000005a0000000,0x00000005a5500000)
 ParOldGen       total 1395712K, used 0K [0x0000000080200000, 0x00000000d5500000, 0x0000000580100000)
  object space 1395712K, 0% used [0x0000000080200000,0x0000000080200000,0x00000000d5500000)
 Metaspace       used 9141K, capacity 9410K, committed 9600K, reserved 1058816K
  class space    used 791K, capacity 863K, committed 896K, reserved 1048576K
}
Event: 0.863 GC heap after
{Heap after GC invocations=1 (full 0):
 PSYoungGen      total 610304K, used 52247K [0x0000000580100000, 0x00000005ca900000, 0x0000000800000000)
  eden space 523264K, 0% used [0x0000000580100000,0x0000000580100000,0x00000005a0000000)
  from space 87040K, 60% used [0x00000005a0000000,0x00000005a3305f58,0x00000005a5500000)
  to   space 87040K, 0% used [0x00000005c5400000,0x00000005c5400000,0x00000005ca900000)
 ParOldGen       total 1395712K, used 16K [0x0000000080200000, 0x00000000d5500000, 0x0000000580100000)
  object space 1395712K, 0% used [0x0000000080200000,0x0000000080204000,0x00000000d5500000)
 Metaspace       used 9141K, capacity 9410K, committed 9600K, reserved 1058816K
  class space    used 791K, capacity 863K, committed 896K, reserved 1048576K
}
Event: 1.059 GC heap before
{Heap before GC invocations=2 (full 0):
 PSYoungGen      total 610304K, used 575511K [0x0000000580100000, 0x00000005ca900000, 0x0000000800000000)
  eden space 523264K, 100% used [0x0000000580100000,0x00000005a0000000,0x00000005a0000000)
  from space 87040K, 60% used [0x00000005a0000000,0x00000005a3305f58,0x00000005a5500000)
  to   space 87040K, 0% used [0x00000005c5400000,0x00000005c5400000,0x00000005ca900000)
 ParOldGen       total 1395712K, used 16K [0x0000000080200000, 0x00000000d5500000, 0x0000000580100000)
  object space 1395712K, 0% used [0x0000000080200000,0x0000000080204000,0x00000000d5500000)
 Metaspace       used 9980K, capacity 10256K, committed 10496K, reserved 1058816K
  class space    used 852K, capacity 933K, committed 1024K, reserved 1048576K
}
Event: 1.084 GC heap after
{Heap after GC invocations=2 (full 0):
 PSYoungGen      total 1133568K, used 87039K [0x0000000580100000, 0x00000005ca900000, 0x0000000800000000)
  eden space 1046528K, 0% used [0x0000000580100000,0x0000000580100000,0x00000005bff00000)
  from space 87040K, 99% used [0x00000005c5400000,0x00000005ca8ffe80,0x00000005ca900000)
  to   space 87040K, 0% used [0x00000005bff00000,0x00000005bff00000,0x00000005c5400000)
 ParOldGen       total 1395712K, used 21664K [0x0000000080200000, 0x00000000d5500000, 0x0000000580100000)
  object space 1395712K, 1% used [0x0000000080200000,0x0000000081728000,0x00000000d5500000)
 Metaspace       used 9980K, capacity 10256K, committed 10496K, reserved 1058816K
  class space    used 852K, capacity 933K, committed 1024K, reserved 1048576K
}
Event: 1.485 GC heap before
{Heap before GC invocations=3 (full 0):
 PSYoungGen      total 1133568K, used 1133567K [0x0000000580100000, 0x00000005ca900000, 0x0000000800000000)
  eden space 1046528K, 100% used [0x0000000580100000,0x00000005bff00000,0x00000005bff00000)
  from space 87040K, 99% used [0x00000005c5400000,0x00000005ca8ffe80,0x00000005ca900000)
  to   space 87040K, 0% used [0x00000005bff00000,0x00000005bff00000,0x00000005c5400000)
 ParOldGen       total 1395712K, used 21664K [0x0000000080200000, 0x00000000d5500000, 0x0000000580100000)
  object space 1395712K, 1% used [0x0000000080200000,0x0000000081728000,0x00000000d5500000)
 Metaspace       used 9980K, capacity 10256K, committed 10496K, reserved 1058816K
  class space    used 852K, capacity 933K, committed 1024K, reserved 1048576K
}
Event: 1.529 GC heap after
{Heap after GC invocations=3 (full 0):
 PSYoungGen      total 1133568K, used 87027K [0x0000000580100000, 0x000000060a700000, 0x0000000800000000)
  eden space 1046528K, 0% used [0x0000000580100000,0x0000000580100000,0x00000005bff00000)
  from space 87040K, 99% used [0x00000005bff00000,0x00000005c53fcfc0,0x00000005c5400000)
  to   space 87040K, 0% used [0x0000000605200000,0x0000000605200000,0x000000060a700000)
 ParOldGen       total 1395712K, used 129462K [0x0000000080200000, 0x00000000d5500000, 0x0000000580100000)
  object space 1395712K, 9% used [0x0000000080200000,0x000000008806db00,0x00000000d5500000)
 Metaspace       used 9980K, capacity 10256K, committed 10496K, reserved 1058816K
  class space    used 852K, capacity 933K, committed 1024K, reserved 1048576K
}
Event: 1.881 GC heap before
{Heap before GC invocations=4 (full 0):
 PSYoungGen      total 1133568K, used 1133555K [0x0000000580100000, 0x000000060a700000, 0x0000000800000000)
  eden space 1046528K, 100% used [0x0000000580100000,0x00000005bff00000,0x00000005bff00000)
  from space 87040K, 99% used [0x00000005bff00000,0x00000005c53fcfc0,0x00000005c5400000)
  to   space 87040K, 0% used [0x0000000605200000,0x0000000605200000,0x000000060a700000)
 ParOldGen       total 1395712K, used 129462K [0x0000000080200000, 0x00000000d5500000, 0x0000000580100000)
  object space 1395712K, 9% used [0x0000000080200000,0x000000008806db00,0x00000000d5500000)
 Metaspace       used 9980K, capacity 10256K, committed 10496K, reserved 1058816K
  class space    used 852K, capacity 933K, committed 1024K, reserved 1048576K
}
Event: 1.950 GC heap after
{Heap after GC invocations=4 (full 0):
 PSYoungGen      total 2180096K, used 87027K [0x0000000580100000, 0x000000060a700000, 0x0000000800000000)
  eden space 2093056K, 0% used [0x0000000580100000,0x0000000580100000,0x00000005ffd00000)
  from space 87040K, 99% used [0x0000000605200000,0x000000060a6fcfc0,0x000000060a700000)
  to   space 87040K, 0% used [0x00000005ffd00000,0x00000005ffd00000,0x0000000605200000)
 ParOldGen       total 1395712K, used 252603K [0x0000000080200000, 0x00000000d5500000, 0x0000000580100000)
  object space 1395712K, 18% used [0x0000000080200000,0x000000008f8aef60,0x00000000d5500000)
 Metaspace       used 9980K, capacity 10256K, committed 10496K, reserved 1058816K
  class space    used 852K, capacity 933K, committed 1024K, reserved 1048576K
}
Event: 2.749 GC heap before
{Heap before GC invocations=5 (full 0):
 PSYoungGen      total 2180096K, used 2180083K [0x0000000580100000, 0x000000060a700000, 0x0000000800000000)
  eden space 2093056K, 100% used [0x0000000580100000,0x00000005ffd00000,0x00000005ffd00000)
  from space 87040K, 99% used [0x0000000605200000,0x000000060a6fcfc0,0x000000060a700000)
  to   space 87040K, 0% used [0x00000005ffd00000,0x00000005ffd00000,0x0000000605200000)
 ParOldGen       total 1395712K, used 252603K [0x0000000080200000, 0x00000000d5500000, 0x0000000580100000)
  object space 1395712K, 18% used [0x0000000080200000,0x000000008f8aef60,0x00000000d5500000)
 Metaspace       used 9980K, capacity 10256K, committed 10496K, reserved 1058816K
  class space    used 852K, capacity 933K, committed 1024K, reserved 1048576K
}
Event: 2.831 GC heap after
{Heap after GC invocations=5 (full 0):
 PSYoungGen      total 2180096K, used 87027K [0x0000000580100000, 0x00000006ad500000, 0x0000000800000000)
  eden space 2093056K, 0% used [0x0000000580100000,0x0000000580100000,0x00000005ffd00000)
  from space 87040K, 99% used [0x00000005ffd00000,0x00000006051fcfc0,0x0000000605200000)
  to   space 374784K, 0% used [0x0000000696700000,0x0000000696700000,0x00000006ad500000)
 ParOldGen       total 1395712K, used 497446K [0x0000000080200000, 0x00000000d5500000, 0x0000000580100000)
  object space 1395712K, 35% used [0x0000000080200000,0x000000009e7c9a50,0x00000000d5500000)
 Metaspace       used 9980K, capacity 10256K, committed 10496K, reserved 1058816K
  class space    used 852K, capacity 933K, committed 1024K, reserved 1048576K
}
Event: 3.539 GC heap before
{Heap before GC invocations=6 (full 0):
 PSYoungGen      total 2180096K, used 2180083K [0x0000000580100000, 0x00000006ad500000, 0x0000000800000000)
  eden space 2093056K, 100% used [0x0000000580100000,0x00000005ffd00000,0x00000005ffd00000)
  from space 87040K, 99% used [0x00000005ffd00000,0x00000006051fcfc0,0x0000000605200000)
  to   space 374784K, 0% used [0x0000000696700000,0x0000000696700000,0x00000006ad500000)
 ParOldGen       total 1395712K, used 497446K [0x0000000080200000, 0x00000000d5500000, 0x0000000580100000)
  object space 1395712K, 35% used [0x0000000080200000,0x000000009e7c9a50,0x00000000d5500000)
 Metaspace       used 9980K, capacity 10256K, committed 10496K, reserved 1058816K
  class space    used 852K, capacity 933K, committed 1024K, reserved 1048576K
}
Event: 3.634 GC heap after
{Heap after GC invocations=6 (full 0):
 PSYoungGen      total 4511232K, used 322699K [0x0000000580100000, 0x00000006b3600000, 0x0000000800000000)
  eden space 4136448K, 0% used [0x0000000580100000,0x0000000580100000,0x000000067c880000)
  from space 374784K, 86% used [0x0000000696700000,0x00000006aa222ff0,0x00000006ad500000)
  to   space 424448K, 0% used [0x000000067c880000,0x000000067c880000,0x0000000696700000)
 ParOldGen       total 1395712K, used 497446K [0x0000000080200000, 0x00000000d5500000, 0x0000000580100000)
  object space 1395712K, 35% used [0x0000000080200000,0x000000009e7c9a50,0x00000000d5500000)
 Metaspace       used 9980K, capacity 10256K, committed 10496K, reserved 1058816K
  class space    used 852K, capacity 933K, committed 1024K, reserved 1048576K
}
Event: 5.222 GC heap before
{Heap before GC invocations=7 (full 0):
 PSYoungGen      total 4511232K, used 4459147K [0x0000000580100000, 0x00000006b3600000, 0x0000000800000000)
  eden space 4136448K, 100% used [0x0000000580100000,0x000000067c880000,0x000000067c880000)
  from space 374784K, 86% used [0x0000000696700000,0x00000006aa222ff0,0x00000006ad500000)
  to   space 424448K, 0% used [0x000000067c880000,0x000000067c880000,0x0000000696700000)
 ParOldGen       total 1395712K, used 497446K [0x0000000080200000, 0x00000000d5500000, 0x0000000580100000)
  object space 1395712K, 35% used [0x0000000080200000,0x000000009e7c9a50,0x00000000d5500000)
 Metaspace       used 9980K, capacity 10256K, committed 10496K, reserved 1058816K
  class space    used 852K, capacity 933K, committed 1024K, reserved 1048576K
}
Event: 5.396 GC heap after
{Heap after GC invocations=7 (full 0):
 PSYoungGen      total 4560896K, used 424448K [0x0000000580100000, 0x00000007cbf00000, 0x0000000800000000)
  eden space 4136448K, 0% used [0x0000000580100000,0x0000000580100000,0x000000067c880000)
  from space 424448K, 100% used [0x000000067c880000,0x0000000696700000,0x0000000696700000)
  to   space 679424K, 0% used [0x00000007a2780000,0x00000007a2780000,0x00000007cbf00000)
 ParOldGen       total 1395712K, used 845645K [0x0000000080200000, 0x00000000d5500000, 0x0000000580100000)
  object space 1395712K, 60% used [0x0000000080200000,0x00000000b3bd3490,0x00000000d5500000)
 Metaspace       used 9980K, capacity 10256K, committed 10496K, reserved 1058816K
  class space    used 852K, capacity 933K, committed 1024K, reserved 1048576K
}
Event: 6.794 GC heap before
{Heap before GC invocations=8 (full 0):
 PSYoungGen      total 4560896K, used 4560896K [0x0000000580100000, 0x00000007cbf00000, 0x0000000800000000)
  eden space 4136448K, 100% used [0x0000000580100000,0x000000067c880000,0x000000067c880000)
  from space 424448K, 100% used [0x000000067c880000,0x0000000696700000,0x0000000696700000)
  to   space 679424K, 0% used [0x00000007a2780000,0x00000007a2780000,0x00000007cbf00000)
 ParOldGen       total 1395712K, used 845645K [0x0000000080200000, 0x00000000d5500000, 0x0000000580100000)
  object space 1395712K, 60% used [0x0000000080200000,0x00000000b3bd3490,0x00000000d5500000)
 Metaspace       used 9980K, capacity 10256K, committed 10496K, reserved 1058816K
  class space    used 852K, capacity 933K, committed 1024K, reserved 1048576K
}
Event: 7.052 GC heap after
{Heap after GC invocations=8 (full 0):
 PSYoungGen      total 8720896K, used 679419K [0x0000000580100000, 0x00000007e8300000, 0x0000000800000000)
  eden space 8041472K, 0% used [0x0000000580100000,0x0000000580100000,0x000000076ae00000)
  from space 679424K, 99% used [0x00000007a2780000,0x00000007cbefec18,0x00000007cbf00000)
  to   space 910848K, 0% used [0x000000076ae00000,0x000000076ae00000,0x00000007a2780000)
 ParOldGen       total 1395712K, used 1087040K [0x0000000080200000, 0x00000000d5500000, 0x0000000580100000)
  object space 1395712K, 77% used [0x0000000080200000,0x00000000c2790098,0x00000000d5500000)
 Metaspace       used 9980K, capacity 10256K, committed 10496K, reserved 1058816K
  class space    used 852K, capacity 933K, committed 1024K, reserved 1048576K
}
Event: 7.053 GC heap before
{Heap before GC invocations=9 (full 1):
 PSYoungGen      total 8720896K, used 679419K [0x0000000580100000, 0x00000007e8300000, 0x0000000800000000)
  eden space 8041472K, 0% used [0x0000000580100000,0x0000000580100000,0x000000076ae00000)
  from space 679424K, 99% used [0x00000007a2780000,0x00000007cbefec18,0x00000007cbf00000)
  to   space 910848K, 0% used [0x000000076ae00000,0x000000076ae00000,0x00000007a2780000)
 ParOldGen       total 1395712K, used 1087040K [0x0000000080200000, 0x00000000d5500000, 0x0000000580100000)
  object space 1395712K, 77% used [0x0000000080200000,0x00000000c2790098,0x00000000d5500000)
 Metaspace       used 9980K, capacity 10256K, committed 10496K, reserved 1058816K
  class space    used 852K, capacity 933K, committed 1024K, reserved 1048576K
}
Event: 7.809 GC heap after
{Heap after GC invocations=9 (full 1):
 PSYoungGen      total 8720896K, used 310495K [0x0000000580100000, 0x0000000800000000, 0x0000000800000000)
  eden space 8041472K, 0% used [0x0000000580100000,0x0000000580100000,0x000000076ae00000)
  from space 679424K, 45% used [0x00000007a2780000,0x00000007b56b7e90,0x00000007cbf00000)
  to   space 910848K, 0% used [0x000000076ae00000,0x000000076ae00000,0x00000007a2780000)
 ParOldGen       total 2545664K, used 1395481K [0x0000000080200000, 0x000000011b800000, 0x0000000580100000)
  object space 2545664K, 54% used [0x0000000080200000,0x00000000d54c6648,0x000000011b800000)
 Metaspace       used 9980K, capacity 10256K, committed 10496K, reserved 1058816K
  class space    used 852K, capacity 933K, committed 1024K, reserved 1048576K
}
Event: 9.570 GC heap before
{Heap before GC invocations=10 (full 1):
 PSYoungGen      total 8720896K, used 8351967K [0x0000000580100000, 0x0000000800000000, 0x0000000800000000)
  eden space 8041472K, 100% used [0x0000000580100000,0x000000076ae00000,0x000000076ae00000)
  from space 679424K, 45% used [0x00000007a2780000,0x00000007b56b7e90,0x00000007cbf00000)
  to   space 910848K, 0% used [0x000000076ae00000,0x000000076ae00000,0x00000007a2780000)
 ParOldGen       total 2545664K, used 1395481K [0x0000000080200000, 0x000000011b800000, 0x0000000580100000)
  object space 2545664K, 54% used [0x0000000080200000,0x00000000d54c6648,0x000000011b800000)
 Metaspace       used 15658K, capacity 15941K, committed 16000K, reserved 1062912K
  class space    used 1519K, capacity 1655K, committed 1664K, reserved 1048576K
}
Event: 9.755 GC heap after
{Heap after GC invocations=10 (full 1):
 PSYoungGen      total 8952320K, used 696546K [0x0000000580100000, 0x0000000800000000, 0x0000000800000000)
  eden space 8041472K, 0% used [0x0000000580100000,0x0000000580100000,0x000000076ae00000)
  from space 910848K, 76% used [0x000000076ae00000,0x0000000795638a48,0x00000007a2780000)
  to   space 986112K, 0% used [0x00000007c3d00000,0x00000007c3d00000,0x0000000800000000)
 ParOldGen       total 2545664K, used 1472393K [0x0000000080200000, 0x000000011b800000, 0x0000000580100000)
  object space 2545664K, 57% used [0x0000000080200000,0x00000000d9fe2648,0x000000011b800000)
 Metaspace       used 15658K, capacity 15941K, committed 16000K, reserved 1062912K
  class space    used 1519K, capacity 1655K, committed 1664K, reserved 1048576K
}

